[INFO ] 2024-01-05 11:37:05.466 [Test worker] Log - Extent Reports for Koel Automation Test Suite started!
[INFO ] 2024-01-05 11:37:10.516 [TestNG-test=accountCreation-1] Log - regWithIncorrectEmailFmt started!
[INFO ] 2024-01-05 11:37:10.829 [TestNG-test=accountCreation-1] Log - regWithIncorrectEmailFmt passed!
[INFO ] 2024-01-05 11:37:14.050 [TestNG-test=accountCreation-1] Log - register started!
[INFO ] 2024-01-05 11:37:15.462 [TestNG-test=accountCreation-1] Log - register passed!
[INFO ] 2024-01-05 11:37:18.311 [TestNG-test=accountCreation-1] Log - verifyLogin started!
[INFO ] 2024-01-05 11:37:19.713 [TestNG-test=accountCreation-1] Log - verifyLogin passed!
[INFO ] 2024-01-05 11:37:22.630 [TestNG-test=accountCreation-1] Log - queryDbForNewUser started!
[INFO ] 2024-01-05 11:37:23.087 [TestNG-test=accountCreation-1] Log - queryDbForNewUser passed!
[INFO ] 2024-01-05 11:37:25.626 [TestNG-test=accountCreation-1] Log - tryRegisteringExistingUser started!
[INFO ] 2024-01-05 11:37:26.810 [TestNG-test=accountCreation-1] Log - tryRegisteringExistingUser passed!
[INFO ] 2024-01-05 11:37:26.916 [Test worker] Log - Extent Reports for Koel Automation Test Suite ending!
[INFO ] 2024-01-05 11:37:27.555 [Test worker] Log - Extent Reports for Koel Automation Test Suite started!
[INFO ] 2024-01-05 11:37:30.524 [TestNG-test=passwordUpdate-1] Log - loginAndUpdatePwdIncorrectLength started!
[INFO ] 2024-01-05 11:37:31.940 [TestNG-test=passwordUpdate-1] Log - loginAndUpdatePwdIncorrectLength passed!
[INFO ] 2024-01-05 11:37:35.592 [TestNG-test=passwordUpdate-1] Log - loginAndUpdatePwdLeaked started!
[INFO ] 2024-01-05 11:37:37.294 [TestNG-test=passwordUpdate-1] Log - loginAndUpdatePwdLeaked passed!
[INFO ] 2024-01-05 11:37:40.926 [TestNG-test=passwordUpdate-1] Log - loginAndUpdatePwdNoNumbers started!
[INFO ] 2024-01-05 11:37:42.223 [TestNG-test=passwordUpdate-1] Log - loginAndUpdatePwdNoNumbers passed!
[INFO ] 2024-01-05 11:37:45.680 [TestNG-test=passwordUpdate-1] Log - loginAndUpdatePwdNoSymbols started!
[INFO ] 2024-01-05 11:37:47.116 [TestNG-test=passwordUpdate-1] Log - loginAndUpdatePwdNoSymbols passed!
[INFO ] 2024-01-05 11:37:50.792 [TestNG-test=passwordUpdate-1] Log - loginUpdatePwd started!
[INFO ] 2024-01-05 11:37:52.362 [TestNG-test=passwordUpdate-1] Log - loginUpdatePwd passed!
[INFO ] 2024-01-05 11:37:55.893 [TestNG-test=passwordUpdate-1] Log - loginWithOldPwd started!
[INFO ] 2024-01-05 11:37:56.121 [TestNG-test=passwordUpdate-1] Log - loginWithOldPwd passed!
[INFO ] 2024-01-05 11:37:59.360 [TestNG-test=passwordUpdate-1] Log - loginWithUpdatedPwd started!
[INFO ] 2024-01-05 11:37:59.778 [TestNG-test=passwordUpdate-1] Log - loginWithUpdatedPwd passed!
[INFO ] 2024-01-05 11:38:03.166 [TestNG-test=passwordUpdate-1] Log - queryDbPwd started!
[INFO ] 2024-01-05 11:38:03.565 [TestNG-test=passwordUpdate-1] Log - queryDbPwd passed!
[INFO ] 2024-01-05 11:38:06.812 [TestNG-test=passwordUpdate-1] Log - resetProfile started!
[INFO ] 2024-01-05 11:38:08.212 [TestNG-test=passwordUpdate-1] Log - resetProfile passed!
[INFO ] 2024-01-05 11:38:08.318 [Test worker] Log - Extent Reports for Koel Automation Test Suite ending!
[INFO ] 2024-01-05 11:43:49.157 [Test worker] Log - Extent Reports for Koel Automation Test Suite started!
[INFO ] 2024-01-05 11:43:52.973 [TestNG-test=accountCreation-1] Log - regWithIncorrectEmailFmt started!
[INFO ] 2024-01-05 11:43:53.210 [TestNG-test=accountCreation-1] Log - regWithIncorrectEmailFmt passed!
[INFO ] 2024-01-05 11:43:56.193 [TestNG-test=accountCreation-1] Log - register started!
[INFO ] 2024-01-05 11:43:57.522 [TestNG-test=accountCreation-1] Log - register passed!
[INFO ] 2024-01-05 11:44:00.471 [TestNG-test=accountCreation-1] Log - verifyLogin started!
[INFO ] 2024-01-05 11:44:01.937 [TestNG-test=accountCreation-1] Log - verifyLogin passed!
[INFO ] 2024-01-05 11:44:04.720 [TestNG-test=accountCreation-1] Log - queryDbForNewUser started!
[INFO ] 2024-01-05 11:44:05.169 [TestNG-test=accountCreation-1] Log - queryDbForNewUser passed!
[INFO ] 2024-01-05 11:44:07.959 [TestNG-test=accountCreation-1] Log - tryRegisteringExistingUser started!
[INFO ] 2024-01-05 11:44:09.122 [TestNG-test=accountCreation-1] Log - tryRegisteringExistingUser passed!
[INFO ] 2024-01-05 11:44:09.363 [Test worker] Log - Extent Reports for Koel Automation Test Suite ending!
[INFO ] 2024-01-05 11:44:10.010 [Test worker] Log - Extent Reports for Koel Automation Test Suite started!
[INFO ] 2024-01-05 11:44:13.247 [TestNG-test=passwordUpdate-1] Log - loginAndUpdatePwdIncorrectLength started!
[INFO ] 2024-01-05 11:44:14.682 [TestNG-test=passwordUpdate-1] Log - loginAndUpdatePwdIncorrectLength passed!
[INFO ] 2024-01-05 11:44:18.262 [TestNG-test=passwordUpdate-1] Log - loginAndUpdatePwdLeaked started!
[INFO ] 2024-01-05 11:44:19.809 [TestNG-test=passwordUpdate-1] Log - loginAndUpdatePwdLeaked passed!
[INFO ] 2024-01-05 11:44:23.177 [TestNG-test=passwordUpdate-1] Log - loginAndUpdatePwdNoNumbers started!
[INFO ] 2024-01-05 11:44:24.558 [TestNG-test=passwordUpdate-1] Log - loginAndUpdatePwdNoNumbers passed!
[INFO ] 2024-01-05 11:44:28.056 [TestNG-test=passwordUpdate-1] Log - loginAndUpdatePwdNoSymbols started!
[INFO ] 2024-01-05 11:44:29.479 [TestNG-test=passwordUpdate-1] Log - loginAndUpdatePwdNoSymbols passed!
[INFO ] 2024-01-05 11:44:32.906 [TestNG-test=passwordUpdate-1] Log - loginUpdatePwd started!
[INFO ] 2024-01-05 11:44:34.352 [TestNG-test=passwordUpdate-1] Log - loginUpdatePwd passed!
[INFO ] 2024-01-05 11:44:37.854 [TestNG-test=passwordUpdate-1] Log - loginWithOldPwd started!
[INFO ] 2024-01-05 11:44:38.096 [TestNG-test=passwordUpdate-1] Log - loginWithOldPwd passed!
[INFO ] 2024-01-05 11:44:41.354 [TestNG-test=passwordUpdate-1] Log - loginWithUpdatedPwd started!
[INFO ] 2024-01-05 11:44:41.768 [TestNG-test=passwordUpdate-1] Log - loginWithUpdatedPwd passed!
[INFO ] 2024-01-05 11:44:45.154 [TestNG-test=passwordUpdate-1] Log - queryDbPwd started!
[INFO ] 2024-01-05 11:44:45.541 [TestNG-test=passwordUpdate-1] Log - queryDbPwd passed!
[INFO ] 2024-01-05 11:44:48.931 [TestNG-test=passwordUpdate-1] Log - resetProfile started!
[INFO ] 2024-01-05 11:44:50.355 [TestNG-test=passwordUpdate-1] Log - resetProfile passed!
[INFO ] 2024-01-05 11:44:50.465 [Test worker] Log - Extent Reports for Koel Automation Test Suite ending!
[INFO ] 2024-01-05 12:10:33.835 [Test worker] Log - Extent Reports for Koel Automation Test Suite started!
[INFO ] 2024-01-05 12:10:37.303 [TestNG-test=accountCreation-1] Log - regWithIncorrectEmailFmt started!
[WARN ] 2024-01-05 12:10:37.310 [TestNG-test=accountCreation-1] Log - regWithIncorrectEmailFmt skipped
[INFO ] 2024-01-05 12:10:37.318 [Test worker] Log - Extent Reports for Koel Automation Test Suite ending!
[INFO ] 2024-01-05 12:10:37.529 [Test worker] Log - Extent Reports for Koel Automation Test Suite started!
[INFO ] 2024-01-05 12:10:37.530 [Test worker] Log - Extent Reports for Koel Automation Test Suite ending!
[INFO ] 2024-01-05 12:12:06.676 [Test worker] Log - Extent Reports for Koel Automation Test Suite started!
[INFO ] 2024-01-05 12:12:29.730 [Test worker] Log - Extent Reports for Koel Automation Test Suite started!
[INFO ] 2024-01-05 12:12:32.856 [TestNG-test=accountCreation-1] Log - regWithIncorrectEmailFmt started!
[INFO ] 2024-01-05 12:12:33.241 [TestNG-test=accountCreation-1] Log - regWithIncorrectEmailFmt passed!
[INFO ] 2024-01-05 12:12:33.478 [Test worker] Log - Extent Reports for Koel Automation Test Suite ending!
[INFO ] 2024-01-05 12:12:33.806 [Test worker] Log - Extent Reports for Koel Automation Test Suite started!
[INFO ] 2024-01-05 12:12:33.807 [Test worker] Log - Extent Reports for Koel Automation Test Suite ending!
[INFO ] 2024-01-05 12:15:45.070 [Test worker] Log - Extent Reports for Koel Automation Test Suite started!
[INFO ] 2024-01-05 12:15:48.275 [TestNG-test=accountCreation-1] Log - regWithIncorrectEmailFmt started!
[INFO ] 2024-01-05 12:15:48.558 [TestNG-test=accountCreation-1] Log - regWithIncorrectEmailFmt passed!
[INFO ] 2024-01-05 12:15:48.671 [Test worker] Log - Extent Reports for Koel Automation Test Suite ending!
[INFO ] 2024-01-05 12:15:49.250 [Test worker] Log - Extent Reports for Koel Automation Test Suite started!
[INFO ] 2024-01-05 12:15:49.251 [Test worker] Log - Extent Reports for Koel Automation Test Suite ending!
[INFO ] 2024-01-05 12:27:26.984 [Test worker] Log - Extent Reports for Koel Automation Test Suite started!
[INFO ] 2024-01-05 12:27:30.407 [TestNG-test=accountCreation-1] Log - regWithIncorrectEmailFmt started!
[INFO ] 2024-01-05 12:27:30.676 [TestNG-test=accountCreation-1] Log - regWithIncorrectEmailFmt passed!
[INFO ] 2024-01-05 12:27:31.039 [Test worker] Log - Extent Reports for Koel Automation Test Suite ending!
[INFO ] 2024-01-05 12:27:31.488 [Test worker] Log - Extent Reports for Koel Automation Test Suite started!
[INFO ] 2024-01-05 12:27:31.489 [Test worker] Log - Extent Reports for Koel Automation Test Suite ending!
[INFO ] 2024-01-05 12:31:59.253 [Test worker] Log - Extent Reports for Koel Automation Test Suite started!
[INFO ] 2024-01-05 12:32:01.551 [TestNG-test=accountCreation-1] Log - regWithIncorrectEmailFmt started!
[INFO ] 2024-01-05 12:32:01.892 [TestNG-test=accountCreation-1] Log - regWithIncorrectEmailFmt passed!
[INFO ] 2024-01-05 12:32:02.019 [Test worker] Log - Extent Reports for Koel Automation Test Suite ending!
[INFO ] 2024-01-05 12:32:02.213 [Test worker] Log - Extent Reports for Koel Automation Test Suite started!
[INFO ] 2024-01-05 12:32:02.214 [Test worker] Log - Extent Reports for Koel Automation Test Suite ending!
[INFO ] 2024-01-05 12:33:40.456 [Test worker] Log - Extent Reports for Koel Automation Test Suite started!
[INFO ] 2024-01-05 12:33:46.472 [TestNG-test=accountCreation-1] Log - regWithIncorrectEmailFmt started!
[INFO ] 2024-01-05 12:33:46.717 [TestNG-test=accountCreation-1] Log - regWithIncorrectEmailFmt passed!
[INFO ] 2024-01-05 12:33:46.828 [Test worker] Log - Extent Reports for Koel Automation Test Suite ending!
[INFO ] 2024-01-05 12:33:47.257 [Test worker] Log - Extent Reports for Koel Automation Test Suite started!
[INFO ] 2024-01-05 12:33:47.258 [Test worker] Log - Extent Reports for Koel Automation Test Suite ending!
[INFO ] 2024-01-05 12:37:10.926 [Test worker] Log - Extent Reports for Koel Automation Test Suite started!
[INFO ] 2024-01-05 12:37:14.358 [TestNG-test=accountCreation-1] Log - regWithIncorrectEmailFmt started!
[INFO ] 2024-01-05 12:37:14.613 [TestNG-test=accountCreation-1] Log - regWithIncorrectEmailFmt passed!
[INFO ] 2024-01-05 12:37:14.731 [Test worker] Log - Extent Reports for Koel Automation Test Suite ending!
[INFO ] 2024-01-05 12:37:15.344 [Test worker] Log - Extent Reports for Koel Automation Test Suite started!
[INFO ] 2024-01-05 12:37:15.345 [Test worker] Log - Extent Reports for Koel Automation Test Suite ending!
[INFO ] 2024-01-05 12:37:51.951 [Test worker] Log - Extent Reports for Koel Automation Test Suite started!
[INFO ] 2024-01-05 12:37:55.107 [TestNG-test=accountCreation-1] Log - regWithIncorrectEmailFmt started!
[INFO ] 2024-01-05 12:37:55.357 [TestNG-test=accountCreation-1] Log - regWithIncorrectEmailFmt passed!
[INFO ] 2024-01-05 12:37:55.470 [Test worker] Log - Extent Reports for Koel Automation Test Suite ending!
[INFO ] 2024-01-05 12:37:56.149 [Test worker] Log - Extent Reports for Koel Automation Test Suite started!
[INFO ] 2024-01-05 12:37:56.150 [Test worker] Log - Extent Reports for Koel Automation Test Suite ending!
[INFO ] 2024-01-05 12:42:20.886 [Test worker] Log - Extent Reports for Koel Automation Test Suite started!
[INFO ] 2024-01-05 12:42:23.775 [TestNG-test=accountCreation-1] Log - regWithIncorrectEmailFmt started!
[INFO ] 2024-01-05 12:42:24.015 [TestNG-test=accountCreation-1] Log - regWithIncorrectEmailFmt passed!
[INFO ] 2024-01-05 12:42:24.128 [Test worker] Log - Extent Reports for Koel Automation Test Suite ending!
[INFO ] 2024-01-05 12:42:24.526 [Test worker] Log - Extent Reports for Koel Automation Test Suite started!
[INFO ] 2024-01-05 12:42:24.527 [Test worker] Log - Extent Reports for Koel Automation Test Suite ending!
[INFO ] 2024-01-05 12:54:25.112 [Test worker] Log - Extent Reports for Koel Automation Test Suite started!
[INFO ] 2024-01-05 12:54:28.585 [TestNG-test=accountCreation-1] Log - regWithIncorrectEmailFmt started!
[INFO ] 2024-01-05 12:54:28.849 [TestNG-test=accountCreation-1] Log - regWithIncorrectEmailFmt passed!
[INFO ] 2024-01-05 12:54:28.963 [Test worker] Log - Extent Reports for Koel Automation Test Suite ending!
[INFO ] 2024-01-05 12:54:29.610 [Test worker] Log - Extent Reports for Koel Automation Test Suite started!
[INFO ] 2024-01-05 12:54:29.611 [Test worker] Log - Extent Reports for Koel Automation Test Suite ending!
[INFO ] 2024-01-05 14:10:53.308 [Test worker] Log - Extent Reports for Koel Automation Test Suite started!
[INFO ] 2024-01-05 14:10:57.998 [TestNG-test=accountCreation-1] Log - regWithIncorrectEmailFmt started!
[INFO ] 2024-01-05 14:10:58.274 [TestNG-test=accountCreation-1] Log - regWithIncorrectEmailFmt passed!
[INFO ] 2024-01-05 14:11:01.696 [TestNG-test=accountCreation-1] Log - register started!
[INFO ] 2024-01-05 14:11:03.070 [TestNG-test=accountCreation-1] Log - register passed!
[INFO ] 2024-01-05 14:11:06.033 [TestNG-test=accountCreation-1] Log - verifyLogin started!
[INFO ] 2024-01-05 14:11:07.609 [TestNG-test=accountCreation-1] Log - verifyLogin passed!
[INFO ] 2024-01-05 14:11:10.411 [TestNG-test=accountCreation-1] Log - queryDbForNewUser started!
[INFO ] 2024-01-05 14:11:10.847 [TestNG-test=accountCreation-1] Log - queryDbForNewUser passed!
[INFO ] 2024-01-05 14:11:13.578 [TestNG-test=accountCreation-1] Log - tryRegisteringExistingUser started!
[INFO ] 2024-01-05 14:11:14.750 [TestNG-test=accountCreation-1] Log - tryRegisteringExistingUser passed!
[INFO ] 2024-01-05 14:11:14.887 [Test worker] Log - Extent Reports for Koel Automation Test Suite ending!
[INFO ] 2024-01-05 14:11:15.298 [Test worker] Log - Extent Reports for Koel Automation Test Suite started!
[INFO ] 2024-01-05 14:11:18.736 [TestNG-test=passwordUpdate-1] Log - loginAndUpdatePwdIncorrectLength started!
[INFO ] 2024-01-05 14:11:20.264 [TestNG-test=passwordUpdate-1] Log - loginAndUpdatePwdIncorrectLength passed!
[INFO ] 2024-01-05 14:11:24.076 [TestNG-test=passwordUpdate-1] Log - loginAndUpdatePwdLeaked started!
[INFO ] 2024-01-05 14:11:25.541 [TestNG-test=passwordUpdate-1] Log - loginAndUpdatePwdLeaked passed!
[INFO ] 2024-01-05 14:11:29.030 [TestNG-test=passwordUpdate-1] Log - loginAndUpdatePwdNoNumbers started!
[INFO ] 2024-01-05 14:11:30.477 [TestNG-test=passwordUpdate-1] Log - loginAndUpdatePwdNoNumbers passed!
[INFO ] 2024-01-05 14:11:34.088 [TestNG-test=passwordUpdate-1] Log - loginAndUpdatePwdNoSymbols started!
[INFO ] 2024-01-05 14:11:35.488 [TestNG-test=passwordUpdate-1] Log - loginAndUpdatePwdNoSymbols passed!
[INFO ] 2024-01-05 14:11:39.111 [TestNG-test=passwordUpdate-1] Log - loginUpdatePwd started!
[INFO ] 2024-01-05 14:11:40.674 [TestNG-test=passwordUpdate-1] Log - loginUpdatePwd passed!
[INFO ] 2024-01-05 14:11:44.256 [TestNG-test=passwordUpdate-1] Log - loginWithOldPwd started!
[INFO ] 2024-01-05 14:11:44.492 [TestNG-test=passwordUpdate-1] Log - loginWithOldPwd passed!
[INFO ] 2024-01-05 14:11:48.161 [TestNG-test=passwordUpdate-1] Log - loginWithUpdatedPwd started!
[INFO ] 2024-01-05 14:11:48.580 [TestNG-test=passwordUpdate-1] Log - loginWithUpdatedPwd passed!
[INFO ] 2024-01-05 14:11:52.196 [TestNG-test=passwordUpdate-1] Log - queryDbPwd started!
[INFO ] 2024-01-05 14:11:52.583 [TestNG-test=passwordUpdate-1] Log - queryDbPwd passed!
[INFO ] 2024-01-05 14:11:56.043 [TestNG-test=passwordUpdate-1] Log - resetProfile started!
[INFO ] 2024-01-05 14:11:57.510 [TestNG-test=passwordUpdate-1] Log - resetProfile passed!
[INFO ] 2024-01-05 14:11:57.621 [Test worker] Log - Extent Reports for Koel Automation Test Suite ending!
[INFO ] 2024-01-05 14:22:04.937 [Test worker] Log - Extent Reports for Koel Automation Test Suite started!
[INFO ] 2024-01-05 14:22:08.388 [TestNG-test=accountCreation-1] Log - regWithIncorrectEmailFmt started!
[INFO ] 2024-01-05 14:22:08.606 [TestNG-test=accountCreation-1] Log - regWithIncorrectEmailFmt passed!
[INFO ] 2024-01-05 14:22:11.630 [TestNG-test=accountCreation-1] Log - register started!
[INFO ] 2024-01-05 14:22:12.945 [TestNG-test=accountCreation-1] Log - register passed!
[INFO ] 2024-01-05 14:22:15.541 [TestNG-test=accountCreation-1] Log - verifyLogin started!
[INFO ] 2024-01-05 14:22:17.057 [TestNG-test=accountCreation-1] Log - verifyLogin passed!
[INFO ] 2024-01-05 14:22:20.229 [TestNG-test=accountCreation-1] Log - queryDbForNewUser started!
[INFO ] 2024-01-05 14:22:20.694 [TestNG-test=accountCreation-1] Log - queryDbForNewUser passed!
[INFO ] 2024-01-05 14:22:23.669 [TestNG-test=accountCreation-1] Log - tryRegisteringExistingUser started!
[INFO ] 2024-01-05 14:22:24.978 [TestNG-test=accountCreation-1] Log - tryRegisteringExistingUser passed!
[INFO ] 2024-01-05 14:22:25.088 [Test worker] Log - Extent Reports for Koel Automation Test Suite ending!
[INFO ] 2024-01-05 14:22:25.692 [Test worker] Log - Extent Reports for Koel Automation Test Suite started!
[INFO ] 2024-01-05 14:22:28.744 [TestNG-test=passwordUpdate-1] Log - loginAndUpdatePwdIncorrectLength started!
[INFO ] 2024-01-05 14:22:30.112 [TestNG-test=passwordUpdate-1] Log - loginAndUpdatePwdIncorrectLength passed!
[INFO ] 2024-01-05 14:22:33.651 [TestNG-test=passwordUpdate-1] Log - loginAndUpdatePwdLeaked started!
[INFO ] 2024-01-05 14:22:35.101 [TestNG-test=passwordUpdate-1] Log - loginAndUpdatePwdLeaked passed!
[INFO ] 2024-01-05 14:22:38.660 [TestNG-test=passwordUpdate-1] Log - loginAndUpdatePwdNoNumbers started!
[INFO ] 2024-01-05 14:22:39.969 [TestNG-test=passwordUpdate-1] Log - loginAndUpdatePwdNoNumbers passed!
[INFO ] 2024-01-05 14:22:43.594 [TestNG-test=passwordUpdate-1] Log - loginAndUpdatePwdNoSymbols started!
[INFO ] 2024-01-05 14:22:44.898 [TestNG-test=passwordUpdate-1] Log - loginAndUpdatePwdNoSymbols passed!
[INFO ] 2024-01-05 14:22:48.475 [TestNG-test=passwordUpdate-1] Log - loginUpdatePwd started!
[INFO ] 2024-01-05 14:22:49.959 [TestNG-test=passwordUpdate-1] Log - loginUpdatePwd passed!
[INFO ] 2024-01-05 14:22:53.403 [TestNG-test=passwordUpdate-1] Log - loginWithOldPwd started!
[INFO ] 2024-01-05 14:22:53.627 [TestNG-test=passwordUpdate-1] Log - loginWithOldPwd passed!
[INFO ] 2024-01-05 14:22:57.139 [TestNG-test=passwordUpdate-1] Log - loginWithUpdatedPwd started!
[INFO ] 2024-01-05 14:22:57.556 [TestNG-test=passwordUpdate-1] Log - loginWithUpdatedPwd passed!
[INFO ] 2024-01-05 14:23:00.887 [TestNG-test=passwordUpdate-1] Log - queryDbPwd started!
[INFO ] 2024-01-05 14:23:01.265 [TestNG-test=passwordUpdate-1] Log - queryDbPwd passed!
[INFO ] 2024-01-05 14:23:04.640 [TestNG-test=passwordUpdate-1] Log - resetProfile started!
[INFO ] 2024-01-05 14:23:06.579 [TestNG-test=passwordUpdate-1] Log - resetProfile passed!
[INFO ] 2024-01-05 14:23:06.685 [Test worker] Log - Extent Reports for Koel Automation Test Suite ending!
[INFO ] 2024-01-05 14:24:29.890 [Test worker] Log - Extent Reports for Koel Automation Test Suite started!
[INFO ] 2024-01-05 14:24:33.101 [TestNG-test=accountCreation-1] Log - regWithIncorrectEmailFmt started!
[INFO ] 2024-01-05 14:24:33.319 [TestNG-test=accountCreation-1] Log - regWithIncorrectEmailFmt passed!
[INFO ] 2024-01-05 14:24:36.186 [TestNG-test=accountCreation-1] Log - register started!
[INFO ] 2024-01-05 14:24:37.326 [TestNG-test=accountCreation-1] Log - register passed!
[INFO ] 2024-01-05 14:24:40.010 [TestNG-test=accountCreation-1] Log - verifyLogin started!
[INFO ] 2024-01-05 14:24:41.429 [TestNG-test=accountCreation-1] Log - verifyLogin passed!
[INFO ] 2024-01-05 14:24:44.108 [TestNG-test=accountCreation-1] Log - queryDbForNewUser started!
[INFO ] 2024-01-05 14:24:44.566 [TestNG-test=accountCreation-1] Log - queryDbForNewUser passed!
[INFO ] 2024-01-05 14:24:47.178 [TestNG-test=accountCreation-1] Log - tryRegisteringExistingUser started!
[INFO ] 2024-01-05 14:24:48.353 [TestNG-test=accountCreation-1] Log - tryRegisteringExistingUser passed!
[INFO ] 2024-01-05 14:24:48.468 [Test worker] Log - Extent Reports for Koel Automation Test Suite ending!
[INFO ] 2024-01-05 14:24:48.892 [Test worker] Log - Extent Reports for Koel Automation Test Suite started!
[INFO ] 2024-01-05 14:24:51.816 [TestNG-test=passwordUpdate-1] Log - loginAndUpdatePwdIncorrectLength started!
[INFO ] 2024-01-05 14:24:53.269 [TestNG-test=passwordUpdate-1] Log - loginAndUpdatePwdIncorrectLength passed!
[INFO ] 2024-01-05 14:24:56.708 [TestNG-test=passwordUpdate-1] Log - loginAndUpdatePwdLeaked started!
[INFO ] 2024-01-05 14:24:58.057 [TestNG-test=passwordUpdate-1] Log - loginAndUpdatePwdLeaked passed!
[INFO ] 2024-01-05 14:25:01.626 [TestNG-test=passwordUpdate-1] Log - loginAndUpdatePwdNoNumbers started!
[INFO ] 2024-01-05 14:25:03.083 [TestNG-test=passwordUpdate-1] Log - loginAndUpdatePwdNoNumbers passed!
[INFO ] 2024-01-05 14:25:06.554 [TestNG-test=passwordUpdate-1] Log - loginAndUpdatePwdNoSymbols started!
[INFO ] 2024-01-05 14:25:07.938 [TestNG-test=passwordUpdate-1] Log - loginAndUpdatePwdNoSymbols passed!
[INFO ] 2024-01-05 14:25:11.237 [TestNG-test=passwordUpdate-1] Log - loginUpdatePwd started!
[INFO ] 2024-01-05 14:25:12.815 [TestNG-test=passwordUpdate-1] Log - loginUpdatePwd passed!
[INFO ] 2024-01-05 14:25:16.192 [TestNG-test=passwordUpdate-1] Log - loginWithOldPwd started!
[INFO ] 2024-01-05 14:25:16.421 [TestNG-test=passwordUpdate-1] Log - loginWithOldPwd passed!
[INFO ] 2024-01-05 14:25:19.746 [TestNG-test=passwordUpdate-1] Log - loginWithUpdatedPwd started!
[INFO ] 2024-01-05 14:25:20.188 [TestNG-test=passwordUpdate-1] Log - loginWithUpdatedPwd passed!
[INFO ] 2024-01-05 14:25:23.451 [TestNG-test=passwordUpdate-1] Log - queryDbPwd started!
[INFO ] 2024-01-05 14:25:23.831 [TestNG-test=passwordUpdate-1] Log - queryDbPwd passed!
[INFO ] 2024-01-05 14:25:27.172 [TestNG-test=passwordUpdate-1] Log - resetProfile started!
[INFO ] 2024-01-05 14:25:28.700 [TestNG-test=passwordUpdate-1] Log - resetProfile passed!
[INFO ] 2024-01-05 14:25:28.810 [Test worker] Log - Extent Reports for Koel Automation Test Suite ending!
[INFO ] 2024-01-09 18:17:47.603 [Test worker] Log - Extent Reports for Koel Automation Test Suite started!
[INFO ] 2024-01-09 18:17:47.634 [TestNG-test=accountCreation-1] Log - updateEmailWithExisting started!
[WARN ] 2024-01-09 18:17:47.639 [TestNG-test=accountCreation-1] Log - updateEmailWithExisting skipped
[INFO ] 2024-01-09 18:17:47.647 [TestNG-test=accountCreation-1] Log - queryDbForExistingUser started!
[WARN ] 2024-01-09 18:17:47.649 [TestNG-test=accountCreation-1] Log - queryDbForExistingUser skipped
[INFO ] 2024-01-09 18:17:47.653 [Test worker] Log - Extent Reports for Koel Automation Test Suite ending!
[INFO ] 2024-01-09 18:17:47.939 [Test worker] Log - Extent Reports for Koel Automation Test Suite started!
[INFO ] 2024-01-09 18:17:47.941 [Test worker] Log - Extent Reports for Koel Automation Test Suite ending!
[INFO ] 2024-01-09 18:20:04.822 [Test worker] Log - Extent Reports for Koel Automation Test Suite started!
[INFO ] 2024-01-09 18:20:11.237 [TestNG-test=accountCreation-1] Log - updateEmailWithExisting started!
[ERROR] 2024-01-09 18:20:11.264 [TestNG-test=accountCreation-1] Log - updateEmailWithExisting failed!
[INFO ] 2024-01-09 18:20:11.612 [TestNG-test=accountCreation-1] Log - screen shot taken for failed test updateEmailWithExisting
[INFO ] 2024-01-09 18:20:17.131 [TestNG-test=accountCreation-1] Log - queryDbForExistingUser started!
[INFO ] 2024-01-09 18:20:17.579 [TestNG-test=accountCreation-1] Log - queryDbForExistingUser passed!
[INFO ] 2024-01-09 18:20:17.689 [Test worker] Log - Extent Reports for Koel Automation Test Suite ending!
[INFO ] 2024-01-09 18:20:18.220 [Test worker] Log - Extent Reports for Koel Automation Test Suite started!
[INFO ] 2024-01-09 18:20:18.221 [Test worker] Log - Extent Reports for Koel Automation Test Suite ending!
[INFO ] 2024-01-09 18:20:57.840 [Test worker] Log - Extent Reports for Koel Automation Test Suite started!
[INFO ] 2024-01-09 18:21:02.162 [TestNG-test=accountCreation-1] Log - updateEmailWithExisting started!
[ERROR] 2024-01-09 18:21:02.172 [TestNG-test=accountCreation-1] Log - updateEmailWithExisting failed!
[INFO ] 2024-01-09 18:21:02.422 [TestNG-test=accountCreation-1] Log - screen shot taken for failed test updateEmailWithExisting
[INFO ] 2024-01-09 18:21:07.020 [TestNG-test=accountCreation-1] Log - queryDbForExistingUser started!
[INFO ] 2024-01-09 18:21:07.431 [TestNG-test=accountCreation-1] Log - queryDbForExistingUser passed!
[INFO ] 2024-01-09 18:21:07.553 [Test worker] Log - Extent Reports for Koel Automation Test Suite ending!
[INFO ] 2024-01-09 18:21:07.807 [Test worker] Log - Extent Reports for Koel Automation Test Suite started!
[INFO ] 2024-01-09 18:21:07.808 [Test worker] Log - Extent Reports for Koel Automation Test Suite ending!
[INFO ] 2024-01-09 18:21:48.345 [Test worker] Log - Extent Reports for Koel Automation Test Suite started!
[INFO ] 2024-01-09 18:21:52.350 [TestNG-test=accountCreation-1] Log - queryDbForExistingUser started!
[INFO ] 2024-01-09 18:21:52.722 [TestNG-test=accountCreation-1] Log - queryDbForExistingUser passed!
[INFO ] 2024-01-09 18:21:57.084 [TestNG-test=accountCreation-1] Log - updateEmailWithExisting started!
[ERROR] 2024-01-09 18:21:58.680 [TestNG-test=accountCreation-1] Log - updateEmailWithExisting failed!
[INFO ] 2024-01-09 18:21:59.202 [TestNG-test=accountCreation-1] Log - screen shot taken for failed test updateEmailWithExisting
[INFO ] 2024-01-09 18:21:59.310 [Test worker] Log - Extent Reports for Koel Automation Test Suite ending!
[INFO ] 2024-01-09 18:21:59.540 [Test worker] Log - Extent Reports for Koel Automation Test Suite started!
[INFO ] 2024-01-09 18:21:59.540 [Test worker] Log - Extent Reports for Koel Automation Test Suite ending!
[INFO ] 2024-01-09 18:25:38.814 [Test worker] Log - Extent Reports for Koel Automation Test Suite started!
[INFO ] 2024-01-09 18:25:43.230 [TestNG-test=accountCreation-1] Log - queryDbForExistingUser started!
[INFO ] 2024-01-09 18:25:43.610 [TestNG-test=accountCreation-1] Log - queryDbForExistingUser passed!
[INFO ] 2024-01-09 18:25:48.022 [TestNG-test=accountCreation-1] Log - updateEmailWithExisting started!
[ERROR] 2024-01-09 18:25:49.630 [TestNG-test=accountCreation-1] Log - updateEmailWithExisting failed!
[INFO ] 2024-01-09 18:25:49.959 [TestNG-test=accountCreation-1] Log - screen shot taken for failed test updateEmailWithExisting
[INFO ] 2024-01-09 18:25:50.074 [Test worker] Log - Extent Reports for Koel Automation Test Suite ending!
[INFO ] 2024-01-09 18:25:50.288 [Test worker] Log - Extent Reports for Koel Automation Test Suite started!
[INFO ] 2024-01-09 18:25:50.289 [Test worker] Log - Extent Reports for Koel Automation Test Suite ending!
[INFO ] 2024-01-09 18:26:55.540 [Test worker] Log - Extent Reports for Koel Automation Test Suite started!
[INFO ] 2024-01-09 18:26:59.615 [TestNG-test=accountCreation-1] Log - queryDbForExistingUser started!
[INFO ] 2024-01-09 18:27:00.011 [TestNG-test=accountCreation-1] Log - queryDbForExistingUser passed!
[INFO ] 2024-01-09 18:27:04.328 [TestNG-test=accountCreation-1] Log - updateEmailWithExisting started!
[INFO ] 2024-01-09 18:27:05.856 [TestNG-test=accountCreation-1] Log - updateEmailWithExisting passed!
[INFO ] 2024-01-09 18:27:05.990 [Test worker] Log - Extent Reports for Koel Automation Test Suite ending!
[INFO ] 2024-01-09 18:27:06.303 [Test worker] Log - Extent Reports for Koel Automation Test Suite started!
[INFO ] 2024-01-09 18:27:06.304 [Test worker] Log - Extent Reports for Koel Automation Test Suite ending!
[INFO ] 2024-01-09 20:03:13.506 [Test worker] Log - Extent Reports for Koel Automation Test Suite started!
[INFO ] 2024-01-09 20:03:18.900 [TestNG-test=accountCreation-1] Log - regWithIncorrectEmailFmt started!
[FATAL] 2024-01-09 20:03:31.222 [TestNG-test=accountCreation-1] Log - Error while calling method: findElement - null
[INFO ] 2024-01-09 20:04:08.971 [Test worker] Log - Extent Reports for Koel Automation Test Suite started!
[INFO ] 2024-01-09 20:04:13.717 [TestNG-test=accountCreation-1] Log - regWithIncorrectEmailFmt started!
[FATAL] 2024-01-09 20:04:25.397 [TestNG-test=accountCreation-1] Log - Error while calling method: findElement - null
[INFO ] 2024-01-09 20:05:28.694 [Test worker] Log - Extent Reports for Koel Automation Test Suite started!
[INFO ] 2024-01-09 20:05:34.006 [TestNG-test=accountCreation-1] Log - regWithIncorrectEmailFmt started!
[INFO ] 2024-01-09 20:05:36.026 [TestNG-test=accountCreation-1] Log - regWithIncorrectEmailFmt passed!
[INFO ] 2024-01-09 20:05:36.150 [Test worker] Log - Extent Reports for Koel Automation Test Suite ending!
[INFO ] 2024-01-09 20:05:36.451 [Test worker] Log - Extent Reports for Koel Automation Test Suite started!
[INFO ] 2024-01-09 20:05:36.451 [Test worker] Log - Extent Reports for Koel Automation Test Suite ending!
[INFO ] 2024-01-09 20:14:02.168 [Test worker] Log - Extent Reports for Koel Automation Test Suite started!
[INFO ] 2024-01-09 20:14:06.380 [TestNG-test=accountCreation-1] Log - regWithIncompleteEmail started!
[ERROR] 2024-01-09 20:14:07.954 [TestNG-test=accountCreation-1] Log - regWithIncompleteEmail failed!
[INFO ] 2024-01-09 20:14:08.378 [TestNG-test=accountCreation-1] Log - screen shot taken for failed test regWithIncompleteEmail
[INFO ] 2024-01-09 20:14:08.500 [Test worker] Log - Extent Reports for Koel Automation Test Suite ending!
[INFO ] 2024-01-09 20:14:08.750 [Test worker] Log - Extent Reports for Koel Automation Test Suite started!
[INFO ] 2024-01-09 20:14:08.751 [Test worker] Log - Extent Reports for Koel Automation Test Suite ending!
[INFO ] 2024-01-09 20:16:13.092 [Test worker] Log - Extent Reports for Koel Automation Test Suite started!
[ERROR] 2024-01-09 20:16:13.107 [TestNG-test=accountCreation-1] Log - regWithIncompleteEmail failed!
[INFO ] 2024-01-09 20:16:13.109 [Test worker] Log - Extent Reports for Koel Automation Test Suite ending!
[INFO ] 2024-01-09 20:16:13.257 [Test worker] Log - Extent Reports for Koel Automation Test Suite started!
[INFO ] 2024-01-09 20:16:13.257 [Test worker] Log - Extent Reports for Koel Automation Test Suite ending!
[INFO ] 2024-01-09 20:16:32.666 [Test worker] Log - Extent Reports for Koel Automation Test Suite started!
[ERROR] 2024-01-09 20:16:32.680 [TestNG-test=accountCreation-1] Log - regWithIncompleteEmail failed!
[INFO ] 2024-01-09 20:16:32.682 [Test worker] Log - Extent Reports for Koel Automation Test Suite ending!
[INFO ] 2024-01-09 20:16:32.829 [Test worker] Log - Extent Reports for Koel Automation Test Suite started!
[INFO ] 2024-01-09 20:16:32.830 [Test worker] Log - Extent Reports for Koel Automation Test Suite ending!
[INFO ] 2024-01-09 20:17:35.045 [Test worker] Log - Extent Reports for Koel Automation Test Suite started!
[INFO ] 2024-01-09 20:17:39.137 [TestNG-test=accountCreation-1] Log - regWithIncompleteEmail started!
[INFO ] 2024-01-09 20:17:40.656 [TestNG-test=accountCreation-1] Log - regWithIncompleteEmail passed!
[INFO ] 2024-01-09 20:17:40.772 [Test worker] Log - Extent Reports for Koel Automation Test Suite ending!
[INFO ] 2024-01-09 20:17:41.004 [Test worker] Log - Extent Reports for Koel Automation Test Suite started!
[INFO ] 2024-01-09 20:17:41.005 [Test worker] Log - Extent Reports for Koel Automation Test Suite ending!
[INFO ] 2024-01-09 20:26:01.234 [Test worker] Log - Extent Reports for Koel Automation Test Suite started!
[INFO ] 2024-01-09 20:26:05.482 [TestNG-test=accountCreation-1] Log - updateWithIncorrectDot started!
[INFO ] 2024-01-09 20:26:07.071 [TestNG-test=accountCreation-1] Log - updateWithIncorrectDot passed!
[INFO ] 2024-01-09 20:26:07.195 [Test worker] Log - Extent Reports for Koel Automation Test Suite ending!
[INFO ] 2024-01-09 20:26:07.399 [Test worker] Log - Extent Reports for Koel Automation Test Suite started!
[INFO ] 2024-01-09 20:26:07.400 [Test worker] Log - Extent Reports for Koel Automation Test Suite ending!
[INFO ] 2024-01-09 21:39:35.193 [Test worker] Log - Extent Reports for Koel Automation Test Suite started!
[INFO ] 2024-01-09 21:39:40.524 [TestNG-test=accountCreation-1] Log - queryDbForExistingUser started!
[INFO ] 2024-01-09 21:39:41.009 [TestNG-test=accountCreation-1] Log - queryDbForExistingUser passed!
[INFO ] 2024-01-09 21:39:45.395 [TestNG-test=accountCreation-1] Log - updateWithIncompleteEmail started!
[INFO ] 2024-01-09 21:39:46.974 [TestNG-test=accountCreation-1] Log - updateWithIncompleteEmail passed!
[INFO ] 2024-01-09 21:39:51.097 [TestNG-test=accountCreation-1] Log - updateWithIncorrectDot started!
[INFO ] 2024-01-09 21:39:52.459 [TestNG-test=accountCreation-1] Log - updateWithIncorrectDot passed!
[INFO ] 2024-01-09 21:39:56.489 [TestNG-test=accountCreation-1] Log - updateWithIncorrectEmailFmt started!
[INFO ] 2024-01-09 21:39:57.913 [TestNG-test=accountCreation-1] Log - updateWithIncorrectEmailFmt passed!
[INFO ] 2024-01-09 21:40:02.066 [TestNG-test=accountCreation-1] Log - updateEmailWithExisting started!
[INFO ] 2024-01-09 21:40:03.661 [TestNG-test=accountCreation-1] Log - updateEmailWithExisting passed!
[INFO ] 2024-01-09 21:40:07.622 [TestNG-test=accountCreation-1] Log - updateWithProperEmail started!
[FATAL] 2024-01-09 21:40:07.834 [TestNG-test=accountCreation-1] Log - Error while calling method: findElement - null
[ERROR] 2024-01-09 21:40:07.835 [TestNG-test=accountCreation-1] Log - updateWithProperEmail failed!
[INFO ] 2024-01-09 21:40:08.145 [TestNG-test=accountCreation-1] Log - screen shot taken for failed test updateWithProperEmail
[INFO ] 2024-01-09 21:40:12.616 [TestNG-test=accountCreation-1] Log - queryDbForUpdatedEmail started!
[INFO ] 2024-01-09 21:40:13.039 [TestNG-test=accountCreation-1] Log - queryDbForUpdatedEmail passed!
[INFO ] 2024-01-09 21:40:17.333 [TestNG-test=accountCreation-1] Log - useUpdatedEmailToLogin started!
[FATAL] 2024-01-09 21:40:28.638 [TestNG-test=accountCreation-1] Log - Error while calling method: findElement - null
[FATAL] 2024-01-09 21:40:38.732 [TestNG-test=accountCreation-1] Log - Error while calling method: findElement - null
[FATAL] 2024-01-09 21:40:49.009 [TestNG-test=accountCreation-1] Log - Error while calling method: findElement - null
[ERROR] 2024-01-09 21:40:49.012 [TestNG-test=accountCreation-1] Log - useUpdatedEmailToLogin failed!
[INFO ] 2024-01-09 21:40:49.357 [TestNG-test=accountCreation-1] Log - screen shot taken for failed test useUpdatedEmailToLogin
[INFO ] 2024-01-09 21:40:53.616 [TestNG-test=accountCreation-1] Log - resetProfile started!
[FATAL] 2024-01-09 21:41:03.844 [TestNG-test=accountCreation-1] Log - Error while calling method: findElement - null
[FATAL] 2024-01-09 21:41:13.857 [TestNG-test=accountCreation-1] Log - Error while calling method: findElement - null
[FATAL] 2024-01-09 21:41:24.159 [TestNG-test=accountCreation-1] Log - Error while calling method: findElement - null
[FATAL] 2024-01-09 21:41:34.195 [TestNG-test=accountCreation-1] Log - Error while calling method: findElement - null
[FATAL] 2024-01-09 21:41:44.205 [TestNG-test=accountCreation-1] Log - Error while calling method: findElement - null
[FATAL] 2024-01-09 21:41:54.503 [TestNG-test=accountCreation-1] Log - Error while calling method: findElement - null
[INFO ] 2024-01-09 21:41:54.507 [TestNG-test=accountCreation-1] Log - resetProfile passed!
[INFO ] 2024-01-09 21:41:54.691 [Test worker] Log - Extent Reports for Koel Automation Test Suite ending!
[INFO ] 2024-01-09 21:41:54.938 [Test worker] Log - Extent Reports for Koel Automation Test Suite started!
[INFO ] 2024-01-09 21:41:54.939 [Test worker] Log - Extent Reports for Koel Automation Test Suite ending!
[INFO ] 2024-01-09 21:50:53.910 [Test worker] Log - Extent Reports for Koel Automation Test Suite started!
[INFO ] 2024-01-09 21:50:58.240 [TestNG-test=accountCreation-1] Log - queryDbForExistingUser started!
[INFO ] 2024-01-09 21:50:58.708 [TestNG-test=accountCreation-1] Log - queryDbForExistingUser passed!
[INFO ] 2024-01-09 21:51:02.849 [TestNG-test=accountCreation-1] Log - updateWithIncompleteEmail started!
[INFO ] 2024-01-09 21:51:04.242 [TestNG-test=accountCreation-1] Log - updateWithIncompleteEmail passed!
[INFO ] 2024-01-09 21:51:08.240 [TestNG-test=accountCreation-1] Log - updateWithIncorrectDot started!
[INFO ] 2024-01-09 21:51:09.615 [TestNG-test=accountCreation-1] Log - updateWithIncorrectDot passed!
[INFO ] 2024-01-09 21:51:13.353 [TestNG-test=accountCreation-1] Log - updateWithIncorrectEmailFmt started!
[INFO ] 2024-01-09 21:51:14.688 [TestNG-test=accountCreation-1] Log - updateWithIncorrectEmailFmt passed!
[INFO ] 2024-01-09 21:51:18.439 [TestNG-test=accountCreation-1] Log - updateEmailWithExisting started!
[INFO ] 2024-01-09 21:51:19.869 [TestNG-test=accountCreation-1] Log - updateEmailWithExisting passed!
[INFO ] 2024-01-09 21:51:23.828 [TestNG-test=accountCreation-1] Log - updateWithProperEmail started!
[FATAL] 2024-01-09 21:51:24.018 [TestNG-test=accountCreation-1] Log - Error while calling method: findElement - null
[ERROR] 2024-01-09 21:51:24.019 [TestNG-test=accountCreation-1] Log - updateWithProperEmail failed!
[INFO ] 2024-01-09 21:51:24.289 [TestNG-test=accountCreation-1] Log - screen shot taken for failed test updateWithProperEmail
[INFO ] 2024-01-09 21:51:28.210 [TestNG-test=accountCreation-1] Log - queryDbForUpdatedEmail started!
[INFO ] 2024-01-09 21:51:28.603 [TestNG-test=accountCreation-1] Log - queryDbForUpdatedEmail passed!
[INFO ] 2024-01-09 21:51:32.435 [TestNG-test=accountCreation-1] Log - useUpdatedEmailToLogin started!
[FATAL] 2024-01-09 21:51:42.673 [TestNG-test=accountCreation-1] Log - Error while calling method: findElement - null
[FATAL] 2024-01-09 21:51:52.714 [TestNG-test=accountCreation-1] Log - Error while calling method: findElement - null
[INFO ] 2024-01-09 21:53:17.242 [Test worker] Log - Extent Reports for Koel Automation Test Suite started!
[INFO ] 2024-01-09 21:53:20.985 [TestNG-test=accountCreation-1] Log - queryDbForExistingUser started!
[INFO ] 2024-01-09 21:53:21.480 [TestNG-test=accountCreation-1] Log - queryDbForExistingUser passed!
[INFO ] 2024-01-09 21:53:25.523 [TestNG-test=accountCreation-1] Log - updateWithIncompleteEmail started!
[INFO ] 2024-01-09 21:53:26.917 [TestNG-test=accountCreation-1] Log - updateWithIncompleteEmail passed!
[INFO ] 2024-01-09 21:53:30.675 [TestNG-test=accountCreation-1] Log - updateWithIncorrectDot started!
[INFO ] 2024-01-09 21:53:31.985 [TestNG-test=accountCreation-1] Log - updateWithIncorrectDot passed!
[INFO ] 2024-01-09 21:53:35.855 [TestNG-test=accountCreation-1] Log - updateWithIncorrectEmailFmt started!
[INFO ] 2024-01-09 21:53:37.172 [TestNG-test=accountCreation-1] Log - updateWithIncorrectEmailFmt passed!
[INFO ] 2024-01-09 21:53:41.039 [TestNG-test=accountCreation-1] Log - updateEmailWithExisting started!
[INFO ] 2024-01-09 21:53:42.477 [TestNG-test=accountCreation-1] Log - updateEmailWithExisting passed!
[INFO ] 2024-01-09 21:53:46.160 [TestNG-test=accountCreation-1] Log - updateWithProperEmail started!
[FATAL] 2024-01-09 21:54:03.041 [TestNG-test=accountCreation-1] Log - Error while calling method: findElement - null
[FATAL] 2024-01-09 21:54:03.132 [TestNG-test=accountCreation-1] Log - Error while calling method: sendKeys - null
[INFO ] 2024-01-09 21:54:03.134 [TestNG-test=accountCreation-1] Log - updateWithProperEmail passed!
[INFO ] 2024-01-09 21:54:06.919 [TestNG-test=accountCreation-1] Log - queryDbForUpdatedEmail started!
[INFO ] 2024-01-09 21:54:07.310 [TestNG-test=accountCreation-1] Log - queryDbForUpdatedEmail passed!
[INFO ] 2024-01-09 21:54:11.128 [TestNG-test=accountCreation-1] Log - useUpdatedEmailToLogin started!
[INFO ] 2024-01-09 21:54:11.560 [TestNG-test=accountCreation-1] Log - useUpdatedEmailToLogin passed!
[INFO ] 2024-01-09 21:54:15.445 [TestNG-test=accountCreation-1] Log - resetProfile started!
[INFO ] 2024-01-09 21:54:17.017 [TestNG-test=accountCreation-1] Log - resetProfile passed!
[INFO ] 2024-01-09 21:54:17.197 [Test worker] Log - Extent Reports for Koel Automation Test Suite ending!
[INFO ] 2024-01-09 21:54:17.441 [Test worker] Log - Extent Reports for Koel Automation Test Suite started!
[INFO ] 2024-01-09 21:54:17.441 [Test worker] Log - Extent Reports for Koel Automation Test Suite ending!
[INFO ] 2024-01-10 09:06:02.379 [Test worker] Log - Extent Reports for Koel Automation Test Suite started!
[INFO ] 2024-01-10 09:06:02.383 [Test worker] Log - Extent Reports for Koel Automation Test Suite ending!
[INFO ] 2024-01-10 09:06:02.562 [Test worker] Log - Extent Reports for Koel Automation Test Suite started!
[INFO ] 2024-01-10 09:06:02.563 [Test worker] Log - Extent Reports for Koel Automation Test Suite ending!
[INFO ] 2024-01-10 09:06:17.044 [Test worker] Log - Extent Reports for Koel Automation Test Suite started!
[INFO ] 2024-01-10 09:06:17.047 [Test worker] Log - Extent Reports for Koel Automation Test Suite ending!
[INFO ] 2024-01-10 09:06:17.188 [Test worker] Log - Extent Reports for Koel Automation Test Suite started!
[INFO ] 2024-01-10 09:06:17.188 [Test worker] Log - Extent Reports for Koel Automation Test Suite ending!
[INFO ] 2024-01-10 09:06:29.002 [Test worker] Log - Extent Reports for Koel Automation Test Suite started!
[INFO ] 2024-01-10 09:06:29.006 [Test worker] Log - Extent Reports for Koel Automation Test Suite ending!
[INFO ] 2024-01-10 09:06:29.143 [Test worker] Log - Extent Reports for Koel Automation Test Suite started!
[INFO ] 2024-01-10 09:06:29.143 [Test worker] Log - Extent Reports for Koel Automation Test Suite ending!
[INFO ] 2024-01-10 09:07:03.568 [Test worker] Log - Extent Reports for Koel Automation Test Suite started!
[INFO ] 2024-01-10 09:07:03.594 [TestNG-test=accountCreation-1] Log - likeSongs started!
[WARN ] 2024-01-10 09:07:03.599 [TestNG-test=accountCreation-1] Log - likeSongs skipped
[INFO ] 2024-01-10 09:07:03.605 [TestNG-test=accountCreation-1] Log - downloadSong started!
[WARN ] 2024-01-10 09:07:03.605 [TestNG-test=accountCreation-1] Log - downloadSong skipped
[INFO ] 2024-01-10 09:07:03.607 [TestNG-test=accountCreation-1] Log - unlikeAllSongs started!
[WARN ] 2024-01-10 09:07:03.608 [TestNG-test=accountCreation-1] Log - unlikeAllSongs skipped
[INFO ] 2024-01-10 09:07:03.610 [Test worker] Log - Extent Reports for Koel Automation Test Suite ending!
[INFO ] 2024-01-10 09:07:03.800 [Test worker] Log - Extent Reports for Koel Automation Test Suite started!
[INFO ] 2024-01-10 09:07:03.801 [Test worker] Log - Extent Reports for Koel Automation Test Suite ending!
[INFO ] 2024-01-10 09:07:42.626 [Test worker] Log - Extent Reports for Koel Automation Test Suite started!
[INFO ] 2024-01-10 09:07:47.975 [TestNG-test=accountCreation-1] Log - likeSongs started!
[INFO ] 2024-01-10 09:07:49.401 [TestNG-test=accountCreation-1] Log - likeSongs passed!
[INFO ] 2024-01-10 09:07:53.668 [TestNG-test=accountCreation-1] Log - downloadSong started!
[ERROR] 2024-01-10 09:07:54.900 [TestNG-test=accountCreation-1] Log - downloadSong failed!
[INFO ] 2024-01-10 09:07:55.184 [TestNG-test=accountCreation-1] Log - screen shot taken for failed test downloadSong
[INFO ] 2024-01-10 09:07:59.582 [TestNG-test=accountCreation-1] Log - unlikeAllSongs started!
[ERROR] 2024-01-10 09:08:12.072 [TestNG-test=accountCreation-1] Log - unlikeAllSongs failed!
[INFO ] 2024-01-10 09:08:12.365 [TestNG-test=accountCreation-1] Log - screen shot taken for failed test unlikeAllSongs
[INFO ] 2024-01-10 09:08:12.496 [Test worker] Log - Extent Reports for Koel Automation Test Suite ending!
[INFO ] 2024-01-10 09:08:12.791 [Test worker] Log - Extent Reports for Koel Automation Test Suite started!
[INFO ] 2024-01-10 09:08:12.792 [Test worker] Log - Extent Reports for Koel Automation Test Suite ending!
[INFO ] 2024-01-10 09:08:49.625 [Test worker] Log - Extent Reports for Koel Automation Test Suite started!
[INFO ] 2024-01-10 09:08:54.157 [TestNG-test=accountCreation-1] Log - unlikeAllSongs started!
[FATAL] 2024-01-10 09:08:55.657 [TestNG-test=accountCreation-1] Log - Error while calling method: isDisplayed - null
[ERROR] 2024-01-10 09:09:05.687 [TestNG-test=accountCreation-1] Log - unlikeAllSongs failed!
[INFO ] 2024-01-10 09:09:05.955 [TestNG-test=accountCreation-1] Log - screen shot taken for failed test unlikeAllSongs
[INFO ] 2024-01-10 09:09:06.080 [Test worker] Log - Extent Reports for Koel Automation Test Suite ending!
[INFO ] 2024-01-10 09:09:06.271 [Test worker] Log - Extent Reports for Koel Automation Test Suite started!
[INFO ] 2024-01-10 09:09:06.272 [Test worker] Log - Extent Reports for Koel Automation Test Suite ending!
[INFO ] 2024-01-10 09:12:21.099 [Test worker] Log - Extent Reports for Koel Automation Test Suite started!
[INFO ] 2024-01-10 09:12:25.416 [TestNG-test=accountCreation-1] Log - likeSongs started!
[INFO ] 2024-01-10 09:12:26.498 [TestNG-test=accountCreation-1] Log - likeSongs passed!
[INFO ] 2024-01-10 09:12:31.090 [TestNG-test=accountCreation-1] Log - downloadSong started!
[ERROR] 2024-01-10 09:12:32.130 [TestNG-test=accountCreation-1] Log - downloadSong failed!
[INFO ] 2024-01-10 09:12:32.438 [TestNG-test=accountCreation-1] Log - screen shot taken for failed test downloadSong
[INFO ] 2024-01-10 09:12:36.507 [TestNG-test=accountCreation-1] Log - unlikeAllSongs started!
[FATAL] 2024-01-10 09:12:37.735 [TestNG-test=accountCreation-1] Log - Error while calling method: isDisplayed - null
[ERROR] 2024-01-10 09:12:47.802 [TestNG-test=accountCreation-1] Log - unlikeAllSongs failed!
[INFO ] 2024-01-10 09:12:48.081 [TestNG-test=accountCreation-1] Log - screen shot taken for failed test unlikeAllSongs
[INFO ] 2024-01-10 09:12:48.196 [Test worker] Log - Extent Reports for Koel Automation Test Suite ending!
[INFO ] 2024-01-10 09:12:48.415 [Test worker] Log - Extent Reports for Koel Automation Test Suite started!
[INFO ] 2024-01-10 09:12:48.415 [Test worker] Log - Extent Reports for Koel Automation Test Suite ending!
[INFO ] 2024-01-10 09:13:29.615 [Test worker] Log - Extent Reports for Koel Automation Test Suite started!
[INFO ] 2024-01-10 09:13:33.982 [TestNG-test=accountCreation-1] Log - likeSongs started!
[INFO ] 2024-01-10 09:13:34.946 [TestNG-test=accountCreation-1] Log - likeSongs passed!
[INFO ] 2024-01-10 09:13:39.147 [TestNG-test=accountCreation-1] Log - downloadSong started!
[INFO ] 2024-01-10 09:13:40.268 [TestNG-test=accountCreation-1] Log - downloadSong passed!
[INFO ] 2024-01-10 09:13:44.223 [TestNG-test=accountCreation-1] Log - unlikeAllSongs started!
[FATAL] 2024-01-10 09:13:45.208 [TestNG-test=accountCreation-1] Log - Error while calling method: isDisplayed - null
[INFO ] 2024-01-10 09:13:51.304 [TestNG-test=accountCreation-1] Log - unlikeAllSongs passed!
[INFO ] 2024-01-10 09:13:51.417 [Test worker] Log - Extent Reports for Koel Automation Test Suite ending!
[INFO ] 2024-01-10 09:13:51.635 [Test worker] Log - Extent Reports for Koel Automation Test Suite started!
[INFO ] 2024-01-10 09:13:51.636 [Test worker] Log - Extent Reports for Koel Automation Test Suite ending!
[INFO ] 2024-01-10 09:16:03.102 [Test worker] Log - Extent Reports for Koel Automation Test Suite started!
[INFO ] 2024-01-10 09:16:07.539 [TestNG-test=accountCreation-1] Log - likeSongs started!
[INFO ] 2024-01-10 09:16:08.508 [TestNG-test=accountCreation-1] Log - likeSongs passed!
[INFO ] 2024-01-10 09:16:12.528 [TestNG-test=accountCreation-1] Log - downloadSong started!
[INFO ] 2024-01-10 09:16:13.600 [TestNG-test=accountCreation-1] Log - downloadSong passed!
[INFO ] 2024-01-10 09:16:17.554 [TestNG-test=accountCreation-1] Log - unlikeAllSongs started!
[INFO ] 2024-01-10 09:16:18.410 [TestNG-test=accountCreation-1] Log - unlikeAllSongs passed!
[INFO ] 2024-01-10 09:16:18.526 [Test worker] Log - Extent Reports for Koel Automation Test Suite ending!
[INFO ] 2024-01-10 09:16:18.731 [Test worker] Log - Extent Reports for Koel Automation Test Suite started!
[INFO ] 2024-01-10 09:16:18.732 [Test worker] Log - Extent Reports for Koel Automation Test Suite ending!
[INFO ] 2024-01-10 10:50:30.046 [Test worker] Log - Extent Reports for Koel Automation Test Suite started!
[INFO ] 2024-01-10 10:50:40.460 [TestNG-test=updateEmail-1] Log - likeSongs started!
[INFO ] 2024-01-10 10:50:41.467 [TestNG-test=updateEmail-1] Log - likeSongs passed!
[INFO ] 2024-01-10 10:50:45.661 [TestNG-test=updateEmail-1] Log - downloadSong started!
[INFO ] 2024-01-10 10:50:46.813 [TestNG-test=updateEmail-1] Log - downloadSong passed!
[INFO ] 2024-01-10 10:50:51.044 [TestNG-test=updateEmail-1] Log - unlikeAllSongs started!
[INFO ] 2024-01-10 10:50:51.896 [TestNG-test=updateEmail-1] Log - unlikeAllSongs passed!
[INFO ] 2024-01-10 10:50:52.002 [Test worker] Log - Extent Reports for Koel Automation Test Suite ending!
[INFO ] 2024-01-10 10:50:52.235 [Test worker] Log - Extent Reports for Koel Automation Test Suite started!
[INFO ] 2024-01-10 10:50:56.063 [TestNG-test=favoritesPlaylistPage-1] Log - likeSongs started!
[INFO ] 2024-01-10 10:50:56.954 [TestNG-test=favoritesPlaylistPage-1] Log - likeSongs passed!
[INFO ] 2024-01-10 10:51:01.073 [TestNG-test=favoritesPlaylistPage-1] Log - downloadSong started!
[INFO ] 2024-01-10 10:51:02.169 [TestNG-test=favoritesPlaylistPage-1] Log - downloadSong passed!
[INFO ] 2024-01-10 10:51:06.304 [TestNG-test=favoritesPlaylistPage-1] Log - unlikeAllSongs started!
[INFO ] 2024-01-10 10:51:07.191 [TestNG-test=favoritesPlaylistPage-1] Log - unlikeAllSongs passed!
[INFO ] 2024-01-10 10:51:07.302 [Test worker] Log - Extent Reports for Koel Automation Test Suite ending!
[INFO ] 2024-01-10 10:51:47.742 [Test worker] Log - Extent Reports for Koel Automation Test Suite started!
[INFO ] 2024-01-10 10:51:52.533 [TestNG-test=updateEmail-1] Log - queryDbForExistingUser started!
[INFO ] 2024-01-10 10:51:52.985 [TestNG-test=updateEmail-1] Log - queryDbForExistingUser passed!
[INFO ] 2024-01-10 10:51:57.222 [TestNG-test=updateEmail-1] Log - updateWithIncompleteEmail started!
[INFO ] 2024-01-10 10:51:58.556 [TestNG-test=updateEmail-1] Log - updateWithIncompleteEmail passed!
[INFO ] 2024-01-10 10:52:02.766 [TestNG-test=updateEmail-1] Log - updateWithIncorrectDot started!
[INFO ] 2024-01-10 10:52:04.002 [TestNG-test=updateEmail-1] Log - updateWithIncorrectDot passed!
[INFO ] 2024-01-10 10:52:08.277 [TestNG-test=updateEmail-1] Log - updateWithIncorrectEmailFmt started!
[INFO ] 2024-01-10 10:52:09.567 [TestNG-test=updateEmail-1] Log - updateWithIncorrectEmailFmt passed!
[INFO ] 2024-01-10 10:52:13.981 [TestNG-test=updateEmail-1] Log - updateEmailWithExisting started!
[INFO ] 2024-01-10 10:52:15.305 [TestNG-test=updateEmail-1] Log - updateEmailWithExisting passed!
[INFO ] 2024-01-10 10:52:19.633 [TestNG-test=updateEmail-1] Log - updateWithProperEmail started!
[FATAL] 2024-01-10 10:52:36.335 [TestNG-test=updateEmail-1] Log - Error while calling method: findElement - null
[FATAL] 2024-01-10 10:52:36.426 [TestNG-test=updateEmail-1] Log - Error while calling method: sendKeys - null
[INFO ] 2024-01-10 10:52:36.430 [TestNG-test=updateEmail-1] Log - updateWithProperEmail passed!
[INFO ] 2024-01-10 10:52:40.765 [TestNG-test=updateEmail-1] Log - queryDbForUpdatedEmail started!
[INFO ] 2024-01-10 10:52:41.192 [TestNG-test=updateEmail-1] Log - queryDbForUpdatedEmail passed!
[INFO ] 2024-01-10 10:52:45.332 [TestNG-test=updateEmail-1] Log - useUpdatedEmailToLogin started!
[INFO ] 2024-01-10 10:52:45.770 [TestNG-test=updateEmail-1] Log - useUpdatedEmailToLogin passed!
[INFO ] 2024-01-10 10:52:49.808 [TestNG-test=updateEmail-1] Log - resetProfile started!
[INFO ] 2024-01-10 10:52:51.689 [TestNG-test=updateEmail-1] Log - resetProfile passed!
[INFO ] 2024-01-10 10:52:51.793 [Test worker] Log - Extent Reports for Koel Automation Test Suite ending!
[INFO ] 2024-01-10 10:52:52.029 [Test worker] Log - Extent Reports for Koel Automation Test Suite started!
[INFO ] 2024-01-10 10:52:56.060 [TestNG-test=favoritesPlaylistPage-1] Log - likeSongs started!
[INFO ] 2024-01-10 10:52:56.967 [TestNG-test=favoritesPlaylistPage-1] Log - likeSongs passed!
[INFO ] 2024-01-10 10:53:01.247 [TestNG-test=favoritesPlaylistPage-1] Log - downloadSong started!
[INFO ] 2024-01-10 10:53:02.292 [TestNG-test=favoritesPlaylistPage-1] Log - downloadSong passed!
[INFO ] 2024-01-10 10:53:06.685 [TestNG-test=favoritesPlaylistPage-1] Log - unlikeAllSongs started!
[INFO ] 2024-01-10 10:53:07.555 [TestNG-test=favoritesPlaylistPage-1] Log - unlikeAllSongs passed!
[INFO ] 2024-01-10 10:53:07.667 [Test worker] Log - Extent Reports for Koel Automation Test Suite ending!
[INFO ] 2024-01-10 11:00:17.866 [Test worker] Log - Extent Reports for Koel Automation Test Suite started!
[INFO ] 2024-01-10 11:00:22.449 [TestNG-test=updateEmail-1] Log - queryDbForExistingUser started!
[INFO ] 2024-01-10 11:00:22.912 [TestNG-test=updateEmail-1] Log - queryDbForExistingUser passed!
[INFO ] 2024-01-10 11:00:27.345 [TestNG-test=updateEmail-1] Log - updateWithIncompleteEmail started!
[INFO ] 2024-01-10 11:00:28.826 [TestNG-test=updateEmail-1] Log - updateWithIncompleteEmail passed!
[INFO ] 2024-01-10 11:00:32.802 [TestNG-test=updateEmail-1] Log - updateWithIncorrectDot started!
[INFO ] 2024-01-10 11:00:34.073 [TestNG-test=updateEmail-1] Log - updateWithIncorrectDot passed!
[INFO ] 2024-01-10 11:00:37.989 [TestNG-test=updateEmail-1] Log - updateWithIncorrectEmailFmt started!
[INFO ] 2024-01-10 11:00:39.371 [TestNG-test=updateEmail-1] Log - updateWithIncorrectEmailFmt passed!
[INFO ] 2024-01-10 11:00:43.350 [TestNG-test=updateEmail-1] Log - updateEmailWithExisting started!
[INFO ] 2024-01-10 11:00:44.736 [TestNG-test=updateEmail-1] Log - updateEmailWithExisting passed!
[INFO ] 2024-01-10 11:00:48.852 [TestNG-test=updateEmail-1] Log - updateWithProperEmail started!
[FATAL] 2024-01-10 11:01:05.618 [TestNG-test=updateEmail-1] Log - Error while calling method: findElement - null
[FATAL] 2024-01-10 11:01:05.719 [TestNG-test=updateEmail-1] Log - Error while calling method: sendKeys - null
[INFO ] 2024-01-10 11:01:05.723 [TestNG-test=updateEmail-1] Log - updateWithProperEmail passed!
[INFO ] 2024-01-10 11:01:09.791 [TestNG-test=updateEmail-1] Log - queryDbForUpdatedEmail started!
[INFO ] 2024-01-10 11:01:10.173 [TestNG-test=updateEmail-1] Log - queryDbForUpdatedEmail passed!
[INFO ] 2024-01-10 11:01:14.160 [TestNG-test=updateEmail-1] Log - useUpdatedEmailToLogin started!
[INFO ] 2024-01-10 11:01:14.596 [TestNG-test=updateEmail-1] Log - useUpdatedEmailToLogin passed!
[INFO ] 2024-01-10 11:01:18.600 [TestNG-test=updateEmail-1] Log - resetProfile started!
[INFO ] 2024-01-10 11:01:20.065 [TestNG-test=updateEmail-1] Log - resetProfile passed!
[INFO ] 2024-01-10 11:01:20.179 [Test worker] Log - Extent Reports for Koel Automation Test Suite ending!
[INFO ] 2024-01-10 11:01:20.395 [Test worker] Log - Extent Reports for Koel Automation Test Suite started!
[INFO ] 2024-01-10 11:01:20.396 [Test worker] Log - Extent Reports for Koel Automation Test Suite ending!
[INFO ] 2024-01-10 11:07:46.698 [Test worker] Log - Extent Reports for Koel Automation Test Suite started!
[INFO ] 2024-01-10 11:07:51.287 [TestNG-test=updateEmail-1] Log - queryDbForExistingUser started!
[INFO ] 2024-01-10 11:07:51.742 [TestNG-test=updateEmail-1] Log - queryDbForExistingUser passed!
[INFO ] 2024-01-10 11:07:56.077 [TestNG-test=updateEmail-1] Log - updateWithIncompleteEmail started!
[INFO ] 2024-01-10 11:07:57.530 [TestNG-test=updateEmail-1] Log - updateWithIncompleteEmail passed!
[INFO ] 2024-01-10 11:08:01.708 [TestNG-test=updateEmail-1] Log - updateWithIncorrectDot started!
[INFO ] 2024-01-10 11:08:03.100 [TestNG-test=updateEmail-1] Log - updateWithIncorrectDot passed!
[INFO ] 2024-01-10 11:08:07.072 [TestNG-test=updateEmail-1] Log - updateWithIncorrectEmailFmt started!
[INFO ] 2024-01-10 11:08:08.404 [TestNG-test=updateEmail-1] Log - updateWithIncorrectEmailFmt passed!
[INFO ] 2024-01-10 11:08:12.366 [TestNG-test=updateEmail-1] Log - updateEmailWithExisting started!
[INFO ] 2024-01-10 11:08:13.730 [TestNG-test=updateEmail-1] Log - updateEmailWithExisting passed!
[INFO ] 2024-01-10 11:08:17.894 [TestNG-test=updateEmail-1] Log - updateWithProperEmail started!
[INFO ] 2024-01-10 11:08:19.362 [TestNG-test=updateEmail-1] Log - updateWithProperEmail passed!
[INFO ] 2024-01-10 11:08:23.386 [TestNG-test=updateEmail-1] Log - loginWithOldEmail started!
[INFO ] 2024-01-10 11:08:23.689 [TestNG-test=updateEmail-1] Log - loginWithOldEmail passed!
[INFO ] 2024-01-10 11:08:27.733 [TestNG-test=updateEmail-1] Log - queryDbForUpdatedEmail started!
[INFO ] 2024-01-10 11:08:28.122 [TestNG-test=updateEmail-1] Log - queryDbForUpdatedEmail passed!
[INFO ] 2024-01-10 11:08:32.135 [TestNG-test=updateEmail-1] Log - useUpdatedEmailToLogin started!
[INFO ] 2024-01-10 11:08:32.610 [TestNG-test=updateEmail-1] Log - useUpdatedEmailToLogin passed!
[INFO ] 2024-01-10 11:08:36.505 [TestNG-test=updateEmail-1] Log - resetProfile started!
[INFO ] 2024-01-10 11:08:38.481 [TestNG-test=updateEmail-1] Log - resetProfile passed!
[INFO ] 2024-01-10 11:08:38.592 [Test worker] Log - Extent Reports for Koel Automation Test Suite ending!
[INFO ] 2024-01-10 11:08:38.846 [Test worker] Log - Extent Reports for Koel Automation Test Suite started!
[INFO ] 2024-01-10 11:08:38.848 [Test worker] Log - Extent Reports for Koel Automation Test Suite ending!
[INFO ] 2024-01-11 18:54:46.239 [Test worker] Log - Extent Reports for Koel Automation Test Suite started!
[INFO ] 2024-01-11 18:54:46.243 [Test worker] Log - Extent Reports for Koel Automation Test Suite ending!
[INFO ] 2024-01-11 18:54:46.376 [Test worker] Log - Extent Reports for Koel Automation Test Suite started!
[INFO ] 2024-01-11 18:54:52.448 [TestNG-test=favoritesPlaylistPage-1] Log - checkWhiteSpace started!
[INFO ] 2024-01-11 18:54:53.429 [TestNG-test=favoritesPlaylistPage-1] Log - checkWhiteSpace passed!
[INFO ] 2024-01-11 18:54:58.220 [TestNG-test=favoritesPlaylistPage-1] Log - checkWhiteSpace started!
[INFO ] 2024-01-11 18:54:59.103 [TestNG-test=favoritesPlaylistPage-1] Log - checkWhiteSpace passed!
[INFO ] 2024-01-11 18:55:03.439 [TestNG-test=favoritesPlaylistPage-1] Log - checkWhiteSpace started!
[INFO ] 2024-01-11 18:55:04.364 [TestNG-test=favoritesPlaylistPage-1] Log - checkWhiteSpace passed!
[INFO ] 2024-01-11 18:55:09.562 [TestNG-test=favoritesPlaylistPage-1] Log - checkWhiteSpace started!
[INFO ] 2024-01-11 18:55:10.741 [TestNG-test=favoritesPlaylistPage-1] Log - checkWhiteSpace passed!
[INFO ] 2024-01-11 18:55:10.854 [Test worker] Log - Extent Reports for Koel Automation Test Suite ending!
[INFO ] 2024-01-11 19:03:18.322 [Test worker] Log - Extent Reports for Koel Automation Test Suite started!
[INFO ] 2024-01-11 19:03:18.325 [Test worker] Log - Extent Reports for Koel Automation Test Suite ending!
[INFO ] 2024-01-11 19:03:18.473 [Test worker] Log - Extent Reports for Koel Automation Test Suite started!
[INFO ] 2024-01-11 19:03:22.769 [TestNG-test=favoritesPlaylistPage-1] Log - cancelButton started!
[INFO ] 2024-01-11 19:03:24.059 [TestNG-test=favoritesPlaylistPage-1] Log - cancelButton passed!
[INFO ] 2024-01-11 19:03:28.295 [TestNG-test=favoritesPlaylistPage-1] Log - checkEmptyResults started!
[INFO ] 2024-01-11 19:03:29.277 [TestNG-test=favoritesPlaylistPage-1] Log - checkEmptyResults passed!
[INFO ] 2024-01-11 19:03:33.151 [TestNG-test=favoritesPlaylistPage-1] Log - checkSearchResults started!
[INFO ] 2024-01-11 19:03:34.205 [TestNG-test=favoritesPlaylistPage-1] Log - checkSearchResults passed!
[INFO ] 2024-01-11 19:03:37.719 [TestNG-test=favoritesPlaylistPage-1] Log - checkWhiteSpace started!
[INFO ] 2024-01-11 19:03:38.639 [TestNG-test=favoritesPlaylistPage-1] Log - checkWhiteSpace passed!
[INFO ] 2024-01-11 19:03:42.486 [TestNG-test=favoritesPlaylistPage-1] Log - checkWhiteSpace started!
[INFO ] 2024-01-11 19:03:43.408 [TestNG-test=favoritesPlaylistPage-1] Log - checkWhiteSpace passed!
[INFO ] 2024-01-11 19:03:47.394 [TestNG-test=favoritesPlaylistPage-1] Log - checkWhiteSpace started!
[INFO ] 2024-01-11 19:03:48.353 [TestNG-test=favoritesPlaylistPage-1] Log - checkWhiteSpace passed!
[INFO ] 2024-01-11 19:03:52.424 [TestNG-test=favoritesPlaylistPage-1] Log - checkWhiteSpace started!
[INFO ] 2024-01-11 19:03:53.321 [TestNG-test=favoritesPlaylistPage-1] Log - checkWhiteSpace passed!
[INFO ] 2024-01-11 19:03:57.332 [TestNG-test=favoritesPlaylistPage-1] Log - invokeSearchByKeybd started!
[INFO ] 2024-01-11 19:03:57.897 [TestNG-test=favoritesPlaylistPage-1] Log - invokeSearchByKeybd passed!
[INFO ] 2024-01-11 19:04:01.799 [TestNG-test=favoritesPlaylistPage-1] Log - keyboardClear started!
[INFO ] 2024-01-11 19:04:02.894 [TestNG-test=favoritesPlaylistPage-1] Log - keyboardClear passed!
[INFO ] 2024-01-11 19:04:03.004 [Test worker] Log - Extent Reports for Koel Automation Test Suite ending!
[INFO ] 2024-01-11 19:14:36.077 [Test worker] Log - Extent Reports for Koel Automation Test Suite started!
[INFO ] 2024-01-11 19:14:36.081 [Test worker] Log - Extent Reports for Koel Automation Test Suite ending!
[INFO ] 2024-01-11 19:14:36.279 [Test worker] Log - Extent Reports for Koel Automation Test Suite started!
[INFO ] 2024-01-11 19:14:40.627 [TestNG-test=favoritesPlaylistPage-1] Log - cancelButton started!
[INFO ] 2024-01-11 19:14:41.925 [TestNG-test=favoritesPlaylistPage-1] Log - cancelButton passed!
[INFO ] 2024-01-11 19:14:45.618 [TestNG-test=favoritesPlaylistPage-1] Log - checkEmptyResults started!
[INFO ] 2024-01-11 19:14:46.598 [TestNG-test=favoritesPlaylistPage-1] Log - checkEmptyResults passed!
[INFO ] 2024-01-11 19:14:50.275 [TestNG-test=favoritesPlaylistPage-1] Log - checkSearchResults started!
[INFO ] 2024-01-11 19:14:51.372 [TestNG-test=favoritesPlaylistPage-1] Log - checkSearchResults passed!
[INFO ] 2024-01-11 19:14:55.016 [TestNG-test=favoritesPlaylistPage-1] Log - checkWhiteSpace started!
[INFO ] 2024-01-11 19:14:55.976 [TestNG-test=favoritesPlaylistPage-1] Log - checkWhiteSpace passed!
[INFO ] 2024-01-11 19:15:00.062 [TestNG-test=favoritesPlaylistPage-1] Log - checkWhiteSpace started!
[INFO ] 2024-01-11 19:15:00.966 [TestNG-test=favoritesPlaylistPage-1] Log - checkWhiteSpace passed!
[INFO ] 2024-01-11 19:15:04.367 [TestNG-test=favoritesPlaylistPage-1] Log - checkWhiteSpace started!
[INFO ] 2024-01-11 19:15:05.284 [TestNG-test=favoritesPlaylistPage-1] Log - checkWhiteSpace passed!
[INFO ] 2024-01-11 19:15:08.927 [TestNG-test=favoritesPlaylistPage-1] Log - checkWhiteSpace started!
[INFO ] 2024-01-11 19:15:09.806 [TestNG-test=favoritesPlaylistPage-1] Log - checkWhiteSpace passed!
[INFO ] 2024-01-11 19:15:13.426 [TestNG-test=favoritesPlaylistPage-1] Log - invokeSearchByKeybd started!
[INFO ] 2024-01-11 19:15:13.993 [TestNG-test=favoritesPlaylistPage-1] Log - invokeSearchByKeybd passed!
[INFO ] 2024-01-11 19:15:17.700 [TestNG-test=favoritesPlaylistPage-1] Log - keyboardClear started!
[INFO ] 2024-01-11 19:15:18.818 [TestNG-test=favoritesPlaylistPage-1] Log - keyboardClear passed!
[INFO ] 2024-01-11 19:15:18.929 [Test worker] Log - Extent Reports for Koel Automation Test Suite ending!
[INFO ] 2024-01-11 19:19:30.878 [Test worker] Log - Extent Reports for Koel Automation Test Suite started!
[INFO ] 2024-01-11 19:19:34.628 [TestNG-test=updateEmail-1] Log - queryDbForExistingUser started!
[INFO ] 2024-01-11 19:19:34.976 [TestNG-test=updateEmail-1] Log - queryDbForExistingUser passed!
[INFO ] 2024-01-11 19:19:38.730 [TestNG-test=updateEmail-1] Log - updateWithIncompleteEmail started!
[INFO ] 2024-01-11 19:19:40.026 [TestNG-test=updateEmail-1] Log - updateWithIncompleteEmail passed!
[INFO ] 2024-01-11 19:19:43.558 [TestNG-test=updateEmail-1] Log - updateWithIncorrectDot started!
[INFO ] 2024-01-11 19:19:44.704 [TestNG-test=updateEmail-1] Log - updateWithIncorrectDot passed!
[INFO ] 2024-01-11 19:19:48.309 [TestNG-test=updateEmail-1] Log - updateWithIncorrectEmailFmt started!
[INFO ] 2024-01-11 19:19:49.505 [TestNG-test=updateEmail-1] Log - updateWithIncorrectEmailFmt passed!
[INFO ] 2024-01-11 19:19:52.799 [TestNG-test=updateEmail-1] Log - updateEmailWithExisting started!
[INFO ] 2024-01-11 19:19:54.011 [TestNG-test=updateEmail-1] Log - updateEmailWithExisting passed!
[INFO ] 2024-01-11 19:19:57.478 [TestNG-test=updateEmail-1] Log - updateWithProperEmail started!
[INFO ] 2024-01-11 19:19:58.840 [TestNG-test=updateEmail-1] Log - updateWithProperEmail passed!
[INFO ] 2024-01-11 19:20:02.499 [TestNG-test=updateEmail-1] Log - loginWithOldEmail started!
[INFO ] 2024-01-11 19:20:02.757 [TestNG-test=updateEmail-1] Log - loginWithOldEmail passed!
[INFO ] 2024-01-11 19:20:06.430 [TestNG-test=updateEmail-1] Log - queryDbForUpdatedEmail started!
[INFO ] 2024-01-11 19:20:06.733 [TestNG-test=updateEmail-1] Log - queryDbForUpdatedEmail passed!
[INFO ] 2024-01-11 19:20:09.946 [TestNG-test=updateEmail-1] Log - useUpdatedEmailToLogin started!
[INFO ] 2024-01-11 19:20:10.341 [TestNG-test=updateEmail-1] Log - useUpdatedEmailToLogin passed!
[INFO ] 2024-01-11 19:20:13.522 [TestNG-test=updateEmail-1] Log - resetProfile started!
[INFO ] 2024-01-11 19:20:14.840 [TestNG-test=updateEmail-1] Log - resetProfile passed!
[INFO ] 2024-01-11 19:20:14.959 [Test worker] Log - Extent Reports for Koel Automation Test Suite ending!
[INFO ] 2024-01-11 19:20:15.172 [Test worker] Log - Extent Reports for Koel Automation Test Suite started!
[INFO ] 2024-01-11 19:20:19.425 [TestNG-test=favoritesPlaylistPage-2] Log - likeSongs started!
[INFO ] 2024-01-11 19:20:19.534 [TestNG-test=favoritesPlaylistPage-1] Log - cancelButton started!
[INFO ] 2024-01-11 19:20:20.578 [TestNG-test=favoritesPlaylistPage-2] Log - likeSongs passed!
[INFO ] 2024-01-11 19:20:21.334 [TestNG-test=favoritesPlaylistPage-1] Log - cancelButton passed!
[INFO ] 2024-01-11 19:20:26.033 [TestNG-test=favoritesPlaylistPage-1] Log - checkEmptyResults started!
[INFO ] 2024-01-11 19:20:26.036 [TestNG-test=favoritesPlaylistPage-2] Log - downloadSong started!
[INFO ] 2024-01-11 19:20:27.083 [TestNG-test=favoritesPlaylistPage-2] Log - downloadSong passed!
[INFO ] 2024-01-11 19:20:27.257 [TestNG-test=favoritesPlaylistPage-1] Log - checkEmptyResults passed!
[INFO ] 2024-01-11 19:20:31.762 [TestNG-test=favoritesPlaylistPage-1] Log - checkSearchResults started!
[INFO ] 2024-01-11 19:20:31.859 [TestNG-test=favoritesPlaylistPage-2] Log - unlikeAllSongs started!
[INFO ] 2024-01-11 19:20:32.638 [TestNG-test=favoritesPlaylistPage-2] Log - unlikeAllSongs passed!
[INFO ] 2024-01-11 19:20:32.886 [TestNG-test=favoritesPlaylistPage-1] Log - checkSearchResults passed!
[INFO ] 2024-01-11 19:20:36.385 [TestNG-test=favoritesPlaylistPage-1] Log - checkWhiteSpace started!
[INFO ] 2024-01-11 19:20:37.295 [TestNG-test=favoritesPlaylistPage-1] Log - checkWhiteSpace passed!
[INFO ] 2024-01-11 19:20:40.846 [TestNG-test=favoritesPlaylistPage-1] Log - checkWhiteSpace started!
[INFO ] 2024-01-11 19:20:41.770 [TestNG-test=favoritesPlaylistPage-1] Log - checkWhiteSpace passed!
[INFO ] 2024-01-11 19:20:45.336 [TestNG-test=favoritesPlaylistPage-1] Log - checkWhiteSpace started!
[INFO ] 2024-01-11 19:20:46.277 [TestNG-test=favoritesPlaylistPage-1] Log - checkWhiteSpace passed!
[INFO ] 2024-01-11 19:20:50.139 [TestNG-test=favoritesPlaylistPage-1] Log - checkWhiteSpace started!
[INFO ] 2024-01-11 19:20:51.084 [TestNG-test=favoritesPlaylistPage-1] Log - checkWhiteSpace passed!
[INFO ] 2024-01-11 19:20:54.830 [TestNG-test=favoritesPlaylistPage-1] Log - invokeSearchByKeybd started!
[INFO ] 2024-01-11 19:20:55.376 [TestNG-test=favoritesPlaylistPage-1] Log - invokeSearchByKeybd passed!
[INFO ] 2024-01-11 19:20:58.947 [TestNG-test=favoritesPlaylistPage-1] Log - keyboardClear started!
[INFO ] 2024-01-11 19:20:59.979 [TestNG-test=favoritesPlaylistPage-1] Log - keyboardClear passed!
[INFO ] 2024-01-11 19:21:00.092 [Test worker] Log - Extent Reports for Koel Automation Test Suite ending!
[INFO ] 2024-01-31 10:13:27.597 [Test worker] Log - Extent Reports for Koel Automation Test Suite started!
[INFO ] 2024-01-31 10:13:27.600 [Test worker] Log - Extent Reports for Koel Automation Test Suite ending!
[INFO ] 2024-01-31 10:13:27.730 [Test worker] Log - Extent Reports for Koel Automation Test Suite started!
[INFO ] 2024-01-31 10:13:27.730 [Test worker] Log - Extent Reports for Koel Automation Test Suite ending!
[INFO ] 2024-01-31 10:13:27.736 [Test worker] Log - Extent Reports for Koel Automation Test Suite started!
[INFO ] 2024-01-31 10:13:37.086 [TestNG-test=albumsTest-1] Log - checkAllAlbumTitles started!
[INFO ] 2024-01-31 10:13:37.750 [TestNG-test=albumsTest-1] Log - checkAllAlbumTitles passed!
[INFO ] 2024-01-31 10:13:37.900 [Test worker] Log - Extent Reports for Koel Automation Test Suite ending!
[INFO ] 2024-01-31 10:15:12.122 [Test worker] Log - Extent Reports for Koel Automation Test Suite started!
[INFO ] 2024-01-31 10:15:12.125 [Test worker] Log - Extent Reports for Koel Automation Test Suite ending!
[INFO ] 2024-01-31 10:15:12.249 [Test worker] Log - Extent Reports for Koel Automation Test Suite started!
[INFO ] 2024-01-31 10:15:12.249 [Test worker] Log - Extent Reports for Koel Automation Test Suite ending!
[INFO ] 2024-01-31 10:15:12.254 [Test worker] Log - Extent Reports for Koel Automation Test Suite started!
[INFO ] 2024-01-31 10:15:15.468 [TestNG-test=albumsTest-1] Log - checkAllAlbumTitles started!
[INFO ] 2024-01-31 10:15:16.165 [TestNG-test=albumsTest-1] Log - checkAllAlbumTitles passed!
[INFO ] 2024-01-31 10:15:16.284 [Test worker] Log - Extent Reports for Koel Automation Test Suite ending!
[INFO ] 2024-01-31 10:35:04.819 [Test worker] Log - Extent Reports for Koel Automation Test Suite started!
[INFO ] 2024-01-31 10:35:04.823 [Test worker] Log - Extent Reports for Koel Automation Test Suite ending!
[INFO ] 2024-01-31 10:35:04.959 [Test worker] Log - Extent Reports for Koel Automation Test Suite started!
[INFO ] 2024-01-31 10:35:04.960 [Test worker] Log - Extent Reports for Koel Automation Test Suite ending!
[INFO ] 2024-01-31 10:35:04.966 [Test worker] Log - Extent Reports for Koel Automation Test Suite started!
[INFO ] 2024-01-31 10:35:09.767 [TestNG-test=albumsTest-1] Log - checkAllAlbumTitles started!
[ERROR] 2024-01-31 10:35:20.507 [TestNG-test=albumsTest-1] Log - checkAllAlbumTitles failed!
[INFO ] 2024-01-31 10:35:20.983 [TestNG-test=albumsTest-1] Log - screen shot taken for failed test checkAllAlbumTitles
[INFO ] 2024-01-31 10:35:21.142 [Test worker] Log - Extent Reports for Koel Automation Test Suite ending!
[INFO ] 2024-01-31 10:36:02.031 [Test worker] Log - Extent Reports for Koel Automation Test Suite started!
[INFO ] 2024-01-31 10:36:02.035 [Test worker] Log - Extent Reports for Koel Automation Test Suite ending!
[INFO ] 2024-01-31 10:36:02.164 [Test worker] Log - Extent Reports for Koel Automation Test Suite started!
[INFO ] 2024-01-31 10:36:02.164 [Test worker] Log - Extent Reports for Koel Automation Test Suite ending!
[INFO ] 2024-01-31 10:36:02.170 [Test worker] Log - Extent Reports for Koel Automation Test Suite started!
[INFO ] 2024-01-31 10:36:05.428 [TestNG-test=albumsTest-1] Log - checkAllAlbumTitles started!
[ERROR] 2024-01-31 10:36:16.607 [TestNG-test=albumsTest-1] Log - checkAllAlbumTitles failed!
[INFO ] 2024-01-31 10:36:17.144 [TestNG-test=albumsTest-1] Log - screen shot taken for failed test checkAllAlbumTitles
[INFO ] 2024-01-31 10:36:17.274 [Test worker] Log - Extent Reports for Koel Automation Test Suite ending!
[INFO ] 2024-01-31 10:42:27.531 [Test worker] Log - Extent Reports for Koel Automation Test Suite started!
[INFO ] 2024-01-31 10:42:27.534 [Test worker] Log - Extent Reports for Koel Automation Test Suite ending!
[INFO ] 2024-01-31 10:42:27.667 [Test worker] Log - Extent Reports for Koel Automation Test Suite started!
[INFO ] 2024-01-31 10:42:27.668 [Test worker] Log - Extent Reports for Koel Automation Test Suite ending!
[INFO ] 2024-01-31 10:42:27.673 [Test worker] Log - Extent Reports for Koel Automation Test Suite started!
[INFO ] 2024-01-31 10:42:31.080 [TestNG-test=albumsTest-1] Log - checkAllAlbumTitles started!
[INFO ] 2024-01-31 10:42:31.986 [TestNG-test=albumsTest-1] Log - checkAllAlbumTitles passed!
[INFO ] 2024-01-31 10:42:32.100 [Test worker] Log - Extent Reports for Koel Automation Test Suite ending!
[INFO ] 2024-01-31 11:43:01.560 [Test worker] Log - Extent Reports for Koel Automation Test Suite started!
[INFO ] 2024-01-31 11:43:01.564 [Test worker] Log - Extent Reports for Koel Automation Test Suite ending!
[INFO ] 2024-01-31 11:43:01.698 [Test worker] Log - Extent Reports for Koel Automation Test Suite started!
[INFO ] 2024-01-31 11:43:01.698 [Test worker] Log - Extent Reports for Koel Automation Test Suite ending!
[INFO ] 2024-01-31 11:43:01.704 [Test worker] Log - Extent Reports for Koel Automation Test Suite started!
[INFO ] 2024-01-31 11:43:05.903 [TestNG-test=albumsTest-1] Log - checkAllAlbumTitles started!
[INFO ] 2024-01-31 11:43:07.047 [TestNG-test=albumsTest-1] Log - checkAllAlbumTitles passed!
[INFO ] 2024-01-31 11:43:07.172 [Test worker] Log - Extent Reports for Koel Automation Test Suite ending!
[INFO ] 2024-01-31 11:46:55.824 [Test worker] Log - Extent Reports for Koel Automation Test Suite started!
[INFO ] 2024-01-31 11:46:55.827 [Test worker] Log - Extent Reports for Koel Automation Test Suite ending!
[INFO ] 2024-01-31 11:46:55.957 [Test worker] Log - Extent Reports for Koel Automation Test Suite started!
[INFO ] 2024-01-31 11:46:55.957 [Test worker] Log - Extent Reports for Koel Automation Test Suite ending!
[INFO ] 2024-01-31 11:46:55.962 [Test worker] Log - Extent Reports for Koel Automation Test Suite started!
[INFO ] 2024-01-31 11:46:59.376 [TestNG-test=albumsTest-1] Log - albumsAreDisplayed started!
[INFO ] 2024-01-31 11:47:00.275 [TestNG-test=albumsTest-1] Log - albumsAreDisplayed passed!
[INFO ] 2024-01-31 11:47:00.414 [Test worker] Log - Extent Reports for Koel Automation Test Suite ending!
[INFO ] 2024-01-31 11:53:53.668 [Test worker] Log - Extent Reports for Koel Automation Test Suite started!
[INFO ] 2024-01-31 11:53:53.672 [Test worker] Log - Extent Reports for Koel Automation Test Suite ending!
[INFO ] 2024-01-31 11:53:53.810 [Test worker] Log - Extent Reports for Koel Automation Test Suite started!
[INFO ] 2024-01-31 11:53:53.811 [Test worker] Log - Extent Reports for Koel Automation Test Suite ending!
[INFO ] 2024-01-31 11:53:53.816 [Test worker] Log - Extent Reports for Koel Automation Test Suite started!
[INFO ] 2024-01-31 11:53:57.643 [TestNG-test=albumsTest-1] Log - checkAlbumSongTrackTotal started!
[ERROR] 2024-01-31 11:53:58.284 [TestNG-test=albumsTest-1] Log - checkAlbumSongTrackTotal failed!
[INFO ] 2024-01-31 11:53:58.540 [TestNG-test=albumsTest-1] Log - screen shot taken for failed test checkAlbumSongTrackTotal
[INFO ] 2024-01-31 11:53:58.685 [Test worker] Log - Extent Reports for Koel Automation Test Suite ending!
[INFO ] 2024-01-31 11:54:42.281 [Test worker] Log - Extent Reports for Koel Automation Test Suite started!
[INFO ] 2024-01-31 11:54:42.284 [Test worker] Log - Extent Reports for Koel Automation Test Suite ending!
[INFO ] 2024-01-31 11:54:42.423 [Test worker] Log - Extent Reports for Koel Automation Test Suite started!
[INFO ] 2024-01-31 11:54:42.423 [Test worker] Log - Extent Reports for Koel Automation Test Suite ending!
[INFO ] 2024-01-31 11:54:42.428 [Test worker] Log - Extent Reports for Koel Automation Test Suite started!
[INFO ] 2024-01-31 11:54:45.948 [TestNG-test=albumsTest-1] Log - checkAlbumSongTrackTotal started!
[ERROR] 2024-01-31 11:54:46.615 [TestNG-test=albumsTest-1] Log - checkAlbumSongTrackTotal failed!
[INFO ] 2024-01-31 11:54:46.858 [TestNG-test=albumsTest-1] Log - screen shot taken for failed test checkAlbumSongTrackTotal
[INFO ] 2024-01-31 11:54:46.974 [Test worker] Log - Extent Reports for Koel Automation Test Suite ending!
[INFO ] 2024-01-31 12:13:12.815 [Test worker] Log - Extent Reports for Koel Automation Test Suite started!
[INFO ] 2024-01-31 12:13:12.819 [Test worker] Log - Extent Reports for Koel Automation Test Suite ending!
[INFO ] 2024-01-31 12:13:12.946 [Test worker] Log - Extent Reports for Koel Automation Test Suite started!
[INFO ] 2024-01-31 12:13:12.947 [Test worker] Log - Extent Reports for Koel Automation Test Suite ending!
[INFO ] 2024-01-31 12:13:12.951 [Test worker] Log - Extent Reports for Koel Automation Test Suite started!
[INFO ] 2024-01-31 12:13:16.467 [TestNG-test=albumsTest-1] Log - checkAlbumSongTrackTotal started!
[ERROR] 2024-01-31 12:13:17.216 [TestNG-test=albumsTest-1] Log - checkAlbumSongTrackTotal failed!
[INFO ] 2024-01-31 12:13:17.527 [TestNG-test=albumsTest-1] Log - screen shot taken for failed test checkAlbumSongTrackTotal
[INFO ] 2024-01-31 12:13:17.637 [Test worker] Log - Extent Reports for Koel Automation Test Suite ending!
[INFO ] 2024-01-31 12:16:36.730 [Test worker] Log - Extent Reports for Koel Automation Test Suite started!
[INFO ] 2024-01-31 12:16:36.734 [Test worker] Log - Extent Reports for Koel Automation Test Suite ending!
[INFO ] 2024-01-31 12:16:36.879 [Test worker] Log - Extent Reports for Koel Automation Test Suite started!
[INFO ] 2024-01-31 12:16:36.879 [Test worker] Log - Extent Reports for Koel Automation Test Suite ending!
[INFO ] 2024-01-31 12:16:36.884 [Test worker] Log - Extent Reports for Koel Automation Test Suite started!
[INFO ] 2024-01-31 12:16:40.467 [TestNG-test=albumsTest-1] Log - checkAlbumSongTrackTotal started!
[ERROR] 2024-01-31 12:16:41.209 [TestNG-test=albumsTest-1] Log - checkAlbumSongTrackTotal failed!
[INFO ] 2024-01-31 12:16:41.511 [TestNG-test=albumsTest-1] Log - screen shot taken for failed test checkAlbumSongTrackTotal
[INFO ] 2024-01-31 12:16:41.626 [Test worker] Log - Extent Reports for Koel Automation Test Suite ending!
[INFO ] 2024-01-31 12:45:50.810 [Test worker] Log - Extent Reports for Koel Automation Test Suite started!
[INFO ] 2024-01-31 12:45:50.815 [Test worker] Log - Extent Reports for Koel Automation Test Suite ending!
[INFO ] 2024-01-31 12:45:50.977 [Test worker] Log - Extent Reports for Koel Automation Test Suite started!
[INFO ] 2024-01-31 12:45:50.978 [Test worker] Log - Extent Reports for Koel Automation Test Suite ending!
[INFO ] 2024-01-31 12:45:50.983 [Test worker] Log - Extent Reports for Koel Automation Test Suite started!
[INFO ] 2024-01-31 12:45:55.060 [TestNG-test=albumsTest-1] Log - checkAlbumSongTrackTotal started!
[ERROR] 2024-01-31 12:45:55.852 [TestNG-test=albumsTest-1] Log - checkAlbumSongTrackTotal failed!
[INFO ] 2024-01-31 12:45:56.188 [TestNG-test=albumsTest-1] Log - screen shot taken for failed test checkAlbumSongTrackTotal
[INFO ] 2024-01-31 12:45:56.362 [Test worker] Log - Extent Reports for Koel Automation Test Suite ending!
[INFO ] 2024-01-31 12:54:49.168 [Test worker] Log - Extent Reports for Koel Automation Test Suite started!
[INFO ] 2024-01-31 12:54:49.172 [Test worker] Log - Extent Reports for Koel Automation Test Suite ending!
[INFO ] 2024-01-31 12:54:49.322 [Test worker] Log - Extent Reports for Koel Automation Test Suite started!
[INFO ] 2024-01-31 12:54:49.322 [Test worker] Log - Extent Reports for Koel Automation Test Suite ending!
[INFO ] 2024-01-31 12:54:49.328 [Test worker] Log - Extent Reports for Koel Automation Test Suite started!
[INFO ] 2024-01-31 12:54:52.915 [TestNG-test=albumsTest-1] Log - checkAlbumSongTrackTotal started!
[ERROR] 2024-01-31 12:55:04.403 [TestNG-test=albumsTest-1] Log - checkAlbumSongTrackTotal failed!
[INFO ] 2024-01-31 12:55:04.880 [TestNG-test=albumsTest-1] Log - screen shot taken for failed test checkAlbumSongTrackTotal
[INFO ] 2024-01-31 12:55:05.072 [Test worker] Log - Extent Reports for Koel Automation Test Suite ending!
[INFO ] 2024-01-31 13:00:46.215 [Test worker] Log - Extent Reports for Koel Automation Test Suite started!
[INFO ] 2024-01-31 13:00:46.219 [Test worker] Log - Extent Reports for Koel Automation Test Suite ending!
[INFO ] 2024-01-31 13:00:46.373 [Test worker] Log - Extent Reports for Koel Automation Test Suite started!
[INFO ] 2024-01-31 13:00:46.374 [Test worker] Log - Extent Reports for Koel Automation Test Suite ending!
[INFO ] 2024-01-31 13:00:46.380 [Test worker] Log - Extent Reports for Koel Automation Test Suite started!
[INFO ] 2024-01-31 13:00:49.977 [TestNG-test=albumsTest-1] Log - checkAlbumSongTrackTotal started!
[ERROR] 2024-01-31 13:01:01.430 [TestNG-test=albumsTest-1] Log - checkAlbumSongTrackTotal failed!
[INFO ] 2024-01-31 13:01:01.997 [TestNG-test=albumsTest-1] Log - screen shot taken for failed test checkAlbumSongTrackTotal
[INFO ] 2024-01-31 13:01:02.147 [Test worker] Log - Extent Reports for Koel Automation Test Suite ending!
[INFO ] 2024-01-31 13:50:41.453 [Test worker] Log - Extent Reports for Koel Automation Test Suite started!
[INFO ] 2024-01-31 13:50:41.457 [Test worker] Log - Extent Reports for Koel Automation Test Suite ending!
[INFO ] 2024-01-31 13:50:41.615 [Test worker] Log - Extent Reports for Koel Automation Test Suite started!
[INFO ] 2024-01-31 13:50:41.616 [Test worker] Log - Extent Reports for Koel Automation Test Suite ending!
[INFO ] 2024-01-31 13:50:41.622 [Test worker] Log - Extent Reports for Koel Automation Test Suite started!
[INFO ] 2024-01-31 13:50:46.029 [TestNG-test=albumsTest-1] Log - checkAlbumSongTrackTotal started!
[INFO ] 2024-01-31 13:53:41.201 [Test worker] Log - Extent Reports for Koel Automation Test Suite started!
[INFO ] 2024-01-31 13:53:41.205 [Test worker] Log - Extent Reports for Koel Automation Test Suite ending!
[INFO ] 2024-01-31 13:53:41.353 [Test worker] Log - Extent Reports for Koel Automation Test Suite started!
[INFO ] 2024-01-31 13:53:41.354 [Test worker] Log - Extent Reports for Koel Automation Test Suite ending!
[INFO ] 2024-01-31 13:53:41.359 [Test worker] Log - Extent Reports for Koel Automation Test Suite started!
[INFO ] 2024-01-31 13:53:44.562 [TestNG-test=albumsTest-1] Log - checkAlbumSongTrackTotal started!
[INFO ] 2024-01-31 13:54:51.577 [Test worker] Log - Extent Reports for Koel Automation Test Suite started!
[INFO ] 2024-01-31 13:54:51.580 [Test worker] Log - Extent Reports for Koel Automation Test Suite ending!
[INFO ] 2024-01-31 13:54:51.727 [Test worker] Log - Extent Reports for Koel Automation Test Suite started!
[INFO ] 2024-01-31 13:54:51.727 [Test worker] Log - Extent Reports for Koel Automation Test Suite ending!
[INFO ] 2024-01-31 13:54:51.732 [Test worker] Log - Extent Reports for Koel Automation Test Suite started!
[INFO ] 2024-01-31 13:54:54.789 [TestNG-test=albumsTest-1] Log - checkAlbumSongTrackTotal started!
[INFO ] 2024-01-31 13:55:08.866 [TestNG-test=albumsTest-1] Log - checkAlbumSongTrackTotal passed!
[INFO ] 2024-01-31 13:55:08.994 [Test worker] Log - Extent Reports for Koel Automation Test Suite ending!
[INFO ] 2024-01-31 13:56:22.774 [Test worker] Log - Extent Reports for Koel Automation Test Suite started!
[INFO ] 2024-01-31 13:56:22.778 [Test worker] Log - Extent Reports for Koel Automation Test Suite ending!
[INFO ] 2024-01-31 13:56:22.933 [Test worker] Log - Extent Reports for Koel Automation Test Suite started!
[INFO ] 2024-01-31 13:56:22.933 [Test worker] Log - Extent Reports for Koel Automation Test Suite ending!
[INFO ] 2024-01-31 13:56:22.938 [Test worker] Log - Extent Reports for Koel Automation Test Suite started!
[INFO ] 2024-01-31 13:56:26.270 [TestNG-test=albumsTest-1] Log - checkAlbumSongTrackTotal started!
[INFO ] 2024-01-31 13:57:59.892 [Test worker] Log - Extent Reports for Koel Automation Test Suite started!
[INFO ] 2024-01-31 13:57:59.896 [Test worker] Log - Extent Reports for Koel Automation Test Suite ending!
[INFO ] 2024-01-31 13:58:00.046 [Test worker] Log - Extent Reports for Koel Automation Test Suite started!
[INFO ] 2024-01-31 13:58:00.047 [Test worker] Log - Extent Reports for Koel Automation Test Suite ending!
[INFO ] 2024-01-31 13:58:00.052 [Test worker] Log - Extent Reports for Koel Automation Test Suite started!
[INFO ] 2024-01-31 13:58:03.403 [TestNG-test=albumsTest-1] Log - checkAlbumSongTrackTotal started!
[INFO ] 2024-01-31 13:58:07.375 [TestNG-test=albumsTest-1] Log - checkAlbumSongTrackTotal passed!
[INFO ] 2024-01-31 13:58:07.515 [Test worker] Log - Extent Reports for Koel Automation Test Suite ending!
[INFO ] 2024-01-31 15:19:38.831 [Test worker] Log - Extent Reports for Koel Automation Test Suite started!
[INFO ] 2024-01-31 15:19:38.836 [Test worker] Log - Extent Reports for Koel Automation Test Suite ending!
[INFO ] 2024-01-31 15:19:38.992 [Test worker] Log - Extent Reports for Koel Automation Test Suite started!
[INFO ] 2024-01-31 15:19:38.992 [Test worker] Log - Extent Reports for Koel Automation Test Suite ending!
[INFO ] 2024-01-31 15:19:38.997 [Test worker] Log - Extent Reports for Koel Automation Test Suite started!
[INFO ] 2024-01-31 15:19:43.310 [TestNG-test=albumsTest-1] Log - checkAlbumSongDurtation started!
[INFO ] 2024-01-31 15:19:57.670 [TestNG-test=albumsTest-1] Log - checkAlbumSongDurtation passed!
[INFO ] 2024-01-31 15:19:57.810 [Test worker] Log - Extent Reports for Koel Automation Test Suite ending!
[INFO ] 2024-01-31 15:21:29.516 [Test worker] Log - Extent Reports for Koel Automation Test Suite started!
[INFO ] 2024-01-31 15:21:29.520 [Test worker] Log - Extent Reports for Koel Automation Test Suite ending!
[INFO ] 2024-01-31 15:21:29.667 [Test worker] Log - Extent Reports for Koel Automation Test Suite started!
[INFO ] 2024-01-31 15:21:29.667 [Test worker] Log - Extent Reports for Koel Automation Test Suite ending!
[INFO ] 2024-01-31 15:21:29.672 [Test worker] Log - Extent Reports for Koel Automation Test Suite started!
[INFO ] 2024-01-31 15:21:32.747 [TestNG-test=albumsTest-1] Log - albumsAreDisplayed started!
[INFO ] 2024-01-31 15:27:05.284 [Test worker] Log - Extent Reports for Koel Automation Test Suite started!
[INFO ] 2024-01-31 15:27:05.288 [Test worker] Log - Extent Reports for Koel Automation Test Suite ending!
[INFO ] 2024-01-31 15:27:05.445 [Test worker] Log - Extent Reports for Koel Automation Test Suite started!
[INFO ] 2024-01-31 15:27:05.445 [Test worker] Log - Extent Reports for Koel Automation Test Suite ending!
[INFO ] 2024-01-31 15:27:05.451 [Test worker] Log - Extent Reports for Koel Automation Test Suite started!
[INFO ] 2024-01-31 15:27:08.661 [TestNG-test=albumsTest-1] Log - albumsAreDisplayed started!
[ERROR] 2024-01-31 15:27:20.723 [TestNG-test=albumsTest-1] Log - albumsAreDisplayed failed!
[INFO ] 2024-01-31 15:27:21.264 [TestNG-test=albumsTest-1] Log - screen shot taken for failed test albumsAreDisplayed
[INFO ] 2024-01-31 15:27:24.047 [TestNG-test=albumsTest-1] Log - checkAlbumArtist started!
[INFO ] 2024-01-31 15:29:16.719 [Test worker] Log - Extent Reports for Koel Automation Test Suite started!
[INFO ] 2024-01-31 15:29:16.723 [Test worker] Log - Extent Reports for Koel Automation Test Suite ending!
[INFO ] 2024-01-31 15:29:16.850 [Test worker] Log - Extent Reports for Koel Automation Test Suite started!
[INFO ] 2024-01-31 15:29:16.850 [Test worker] Log - Extent Reports for Koel Automation Test Suite ending!
[INFO ] 2024-01-31 15:29:16.854 [Test worker] Log - Extent Reports for Koel Automation Test Suite started!
[INFO ] 2024-01-31 15:29:19.795 [TestNG-test=albumsTest-1] Log - albumsAreDisplayed started!
[ERROR] 2024-01-31 15:29:32.232 [TestNG-test=albumsTest-1] Log - albumsAreDisplayed failed!
[INFO ] 2024-01-31 15:29:32.676 [TestNG-test=albumsTest-1] Log - screen shot taken for failed test albumsAreDisplayed
[INFO ] 2024-01-31 15:29:35.106 [TestNG-test=albumsTest-1] Log - checkAlbumArtist started!
[INFO ] 2024-01-31 15:29:37.203 [TestNG-test=albumsTest-1] Log - checkAlbumArtist passed!
[INFO ] 2024-01-31 15:29:39.706 [TestNG-test=albumsTest-1] Log - checkAlbumCoverImages started!
[ERROR] 2024-01-31 15:29:40.620 [TestNG-test=albumsTest-1] Log - checkAlbumCoverImages failed!
[INFO ] 2024-01-31 15:29:40.918 [TestNG-test=albumsTest-1] Log - screen shot taken for failed test checkAlbumCoverImages
[INFO ] 2024-01-31 15:29:43.484 [TestNG-test=albumsTest-1] Log - checkAlbumSongDurtation started!
[INFO ] 2024-01-31 15:29:56.396 [TestNG-test=albumsTest-1] Log - checkAlbumSongDurtation passed!
[INFO ] 2024-01-31 15:29:58.595 [TestNG-test=albumsTest-1] Log - checkAlbumSongTrackTotal started!
[INFO ] 2024-01-31 15:30:11.511 [TestNG-test=albumsTest-1] Log - checkAlbumSongTrackTotal passed!
[INFO ] 2024-01-31 15:30:13.592 [TestNG-test=albumsTest-1] Log - checkAlbumTitles started!
[ERROR] 2024-01-31 15:30:25.448 [TestNG-test=albumsTest-1] Log - checkAlbumTitles failed!
[INFO ] 2024-01-31 15:30:25.983 [TestNG-test=albumsTest-1] Log - screen shot taken for failed test checkAlbumTitles
[INFO ] 2024-01-31 15:30:26.091 [Test worker] Log - Extent Reports for Koel Automation Test Suite ending!
[INFO ] 2024-01-31 15:41:37.100 [Test worker] Log - Extent Reports for Koel Automation Test Suite started!
[INFO ] 2024-01-31 15:41:37.103 [Test worker] Log - Extent Reports for Koel Automation Test Suite ending!
[INFO ] 2024-01-31 15:41:37.235 [Test worker] Log - Extent Reports for Koel Automation Test Suite started!
[INFO ] 2024-01-31 15:41:37.236 [Test worker] Log - Extent Reports for Koel Automation Test Suite ending!
[INFO ] 2024-01-31 15:41:37.240 [Test worker] Log - Extent Reports for Koel Automation Test Suite started!
[INFO ] 2024-01-31 15:41:40.726 [TestNG-test=albumsTest-1] Log - albumsAreDisplayed started!
[INFO ] 2024-01-31 15:41:41.359 [TestNG-test=albumsTest-1] Log - albumsAreDisplayed passed!
[INFO ] 2024-01-31 15:41:41.476 [Test worker] Log - Extent Reports for Koel Automation Test Suite ending!
[INFO ] 2024-01-31 15:41:48.201 [Test worker] Log - Extent Reports for Koel Automation Test Suite started!
[INFO ] 2024-01-31 15:41:48.204 [Test worker] Log - Extent Reports for Koel Automation Test Suite ending!
[INFO ] 2024-01-31 15:41:48.333 [Test worker] Log - Extent Reports for Koel Automation Test Suite started!
[INFO ] 2024-01-31 15:41:48.333 [Test worker] Log - Extent Reports for Koel Automation Test Suite ending!
[INFO ] 2024-01-31 15:41:48.337 [Test worker] Log - Extent Reports for Koel Automation Test Suite started!
[INFO ] 2024-01-31 15:41:50.762 [TestNG-test=albumsTest-1] Log - albumsAreDisplayed started!
[INFO ] 2024-01-31 15:41:51.443 [TestNG-test=albumsTest-1] Log - albumsAreDisplayed passed!
[INFO ] 2024-01-31 15:41:53.603 [TestNG-test=albumsTest-1] Log - checkAlbumArtist started!
[INFO ] 2024-01-31 15:41:55.779 [TestNG-test=albumsTest-1] Log - checkAlbumArtist passed!
[INFO ] 2024-01-31 15:41:57.908 [TestNG-test=albumsTest-1] Log - checkAlbumCoverImages started!
[INFO ] 2024-01-31 15:42:10.704 [TestNG-test=albumsTest-1] Log - checkAlbumCoverImages passed!
[INFO ] 2024-01-31 15:42:12.616 [TestNG-test=albumsTest-1] Log - checkAlbumSongDurtation started!
[INFO ] 2024-01-31 15:42:25.670 [TestNG-test=albumsTest-1] Log - checkAlbumSongDurtation passed!
[INFO ] 2024-01-31 15:42:27.480 [TestNG-test=albumsTest-1] Log - checkAlbumSongTrackTotal started!
[INFO ] 2024-01-31 15:42:40.294 [TestNG-test=albumsTest-1] Log - checkAlbumSongTrackTotal passed!
[INFO ] 2024-01-31 15:42:42.090 [TestNG-test=albumsTest-1] Log - checkAlbumTitles started!
[INFO ] 2024-01-31 15:42:54.902 [TestNG-test=albumsTest-1] Log - checkAlbumTitles passed!
[INFO ] 2024-01-31 15:42:55.023 [Test worker] Log - Extent Reports for Koel Automation Test Suite ending!
[INFO ] 2024-01-31 15:54:40.928 [Test worker] Log - Extent Reports for Koel Automation Test Suite started!
[INFO ] 2024-01-31 15:54:40.931 [Test worker] Log - Extent Reports for Koel Automation Test Suite ending!
[INFO ] 2024-01-31 15:54:41.064 [Test worker] Log - Extent Reports for Koel Automation Test Suite started!
[INFO ] 2024-01-31 15:54:41.064 [Test worker] Log - Extent Reports for Koel Automation Test Suite ending!
[INFO ] 2024-01-31 15:54:41.068 [Test worker] Log - Extent Reports for Koel Automation Test Suite started!
[INFO ] 2024-01-31 15:54:44.111 [TestNG-test=albumsTest-1] Log - checkDownloadButton started!
[ERROR] 2024-01-31 15:54:58.549 [TestNG-test=albumsTest-1] Log - checkDownloadButton failed!
[INFO ] 2024-01-31 15:54:58.911 [TestNG-test=albumsTest-1] Log - screen shot taken for failed test checkDownloadButton
[INFO ] 2024-01-31 15:54:59.099 [Test worker] Log - Extent Reports for Koel Automation Test Suite ending!
[INFO ] 2024-01-31 15:57:28.299 [Test worker] Log - Extent Reports for Koel Automation Test Suite started!
[INFO ] 2024-01-31 15:57:28.303 [Test worker] Log - Extent Reports for Koel Automation Test Suite ending!
[INFO ] 2024-01-31 15:57:28.447 [Test worker] Log - Extent Reports for Koel Automation Test Suite started!
[INFO ] 2024-01-31 15:57:28.448 [Test worker] Log - Extent Reports for Koel Automation Test Suite ending!
[INFO ] 2024-01-31 15:57:28.452 [Test worker] Log - Extent Reports for Koel Automation Test Suite started!
[INFO ] 2024-01-31 15:57:31.510 [TestNG-test=albumsTest-1] Log - checkDownloadButton started!
