[INFO ] 2024-01-11 10:12:10.239 [Test worker] Log - Extent Reports for Koel Automation Test Suite started!
[INFO ] 2024-01-11 10:12:10.248 [Test worker] Log - Extent Reports for Koel Automation Test Suite ending!
[INFO ] 2024-01-11 10:12:10.472 [TestNG-tests-1] Log - Extent Reports for Koel Automation Test Suite started!
[INFO ] 2024-01-11 10:12:16.913 [TestNG-tests-1] Log - cancelButton started!
[FATAL] 2024-01-11 10:12:17.474 [TestNG-tests-1] Log - Error while calling method: getShadowRoot - null
[ERROR] 2024-01-11 10:12:17.479 [TestNG-tests-1] Log - cancelButton failed!
[INFO ] 2024-01-11 10:12:17.868 [TestNG-tests-1] Log - screen shot taken for failed test cancelButton
[INFO ] 2024-01-11 10:12:18.010 [TestNG-tests-1] Log - Extent Reports for Koel Automation Test Suite ending!
[INFO ] 2024-01-11 10:13:04.070 [Test worker] Log - Extent Reports for Koel Automation Test Suite started!
[INFO ] 2024-01-11 10:13:04.076 [Test worker] Log - Extent Reports for Koel Automation Test Suite ending!
[INFO ] 2024-01-11 10:13:04.308 [TestNG-tests-1] Log - Extent Reports for Koel Automation Test Suite started!
[INFO ] 2024-01-11 10:13:09.151 [TestNG-tests-1] Log - cancelButton started!
[FATAL] 2024-01-11 10:13:09.670 [TestNG-tests-1] Log - Error while calling method: getShadowRoot - null
[ERROR] 2024-01-11 10:13:09.685 [TestNG-tests-1] Log - cancelButton failed!
[INFO ] 2024-01-11 10:13:10.037 [TestNG-tests-1] Log - screen shot taken for failed test cancelButton
[INFO ] 2024-01-11 10:13:10.152 [TestNG-tests-1] Log - Extent Reports for Koel Automation Test Suite ending!
[INFO ] 2024-01-11 10:15:09.068 [Test worker] Log - Extent Reports for Koel Automation Test Suite started!
[INFO ] 2024-01-11 10:15:09.075 [Test worker] Log - Extent Reports for Koel Automation Test Suite ending!
[INFO ] 2024-01-11 10:15:09.313 [TestNG-tests-1] Log - Extent Reports for Koel Automation Test Suite started!
[INFO ] 2024-01-11 10:15:14.616 [TestNG-tests-1] Log - cancelButton started!
[FATAL] 2024-01-11 10:15:15.176 [TestNG-tests-1] Log - Error while calling method: getShadowRoot - null
[ERROR] 2024-01-11 10:15:15.180 [TestNG-tests-1] Log - cancelButton failed!
[INFO ] 2024-01-11 10:15:15.515 [TestNG-tests-1] Log - screen shot taken for failed test cancelButton
[INFO ] 2024-01-11 10:15:15.633 [TestNG-tests-1] Log - Extent Reports for Koel Automation Test Suite ending!
[INFO ] 2024-01-11 10:16:05.783 [Test worker] Log - Extent Reports for Koel Automation Test Suite started!
[INFO ] 2024-01-11 10:16:05.789 [Test worker] Log - Extent Reports for Koel Automation Test Suite ending!
[INFO ] 2024-01-11 10:16:06.016 [TestNG-tests-1] Log - Extent Reports for Koel Automation Test Suite started!
[INFO ] 2024-01-11 10:16:10.956 [TestNG-tests-1] Log - cancelButton started!
[FATAL] 2024-01-11 10:16:16.434 [TestNG-tests-1] Log - Error while calling method: getShadowRoot - null
[ERROR] 2024-01-11 10:16:16.437 [TestNG-tests-1] Log - cancelButton failed!
[INFO ] 2024-01-11 10:16:16.742 [TestNG-tests-1] Log - screen shot taken for failed test cancelButton
[INFO ] 2024-01-11 10:16:16.920 [TestNG-tests-1] Log - Extent Reports for Koel Automation Test Suite ending!
[INFO ] 2024-01-11 13:31:39.770 [Test worker] Log - Extent Reports for Koel Automation Test Suite started!
[INFO ] 2024-01-11 13:31:39.776 [Test worker] Log - Extent Reports for Koel Automation Test Suite ending!
[INFO ] 2024-01-11 13:31:39.921 [TestNG-tests-1] Log - Extent Reports for Koel Automation Test Suite started!
[INFO ] 2024-01-11 13:31:45.149 [TestNG-tests-1] Log - cancelButton started!
[INFO ] 2024-01-11 13:31:50.890 [TestNG-tests-1] Log - cancelButton passed!
[INFO ] 2024-01-11 13:31:51.010 [TestNG-tests-1] Log - Extent Reports for Koel Automation Test Suite ending!
[INFO ] 2024-01-11 13:32:04.801 [Test worker] Log - Extent Reports for Koel Automation Test Suite started!
[INFO ] 2024-01-11 13:32:04.805 [Test worker] Log - Extent Reports for Koel Automation Test Suite ending!
[INFO ] 2024-01-11 13:32:04.949 [TestNG-tests-1] Log - Extent Reports for Koel Automation Test Suite started!
[INFO ] 2024-01-11 13:32:08.762 [TestNG-tests-1] Log - cancelButton started!
[INFO ] 2024-01-11 13:32:19.442 [TestNG-tests-1] Log - cancelButton passed!
[INFO ] 2024-01-11 13:32:19.628 [TestNG-tests-1] Log - Extent Reports for Koel Automation Test Suite ending!
[INFO ] 2024-01-11 13:33:10.386 [Test worker] Log - Extent Reports for Koel Automation Test Suite started!
[INFO ] 2024-01-11 13:33:10.390 [Test worker] Log - Extent Reports for Koel Automation Test Suite ending!
[INFO ] 2024-01-11 13:33:10.548 [TestNG-tests-1] Log - Extent Reports for Koel Automation Test Suite started!
[INFO ] 2024-01-11 13:33:14.697 [TestNG-tests-1] Log - cancelButton started!
[INFO ] 2024-01-11 13:33:25.446 [TestNG-tests-1] Log - cancelButton passed!
[INFO ] 2024-01-11 13:33:25.584 [TestNG-tests-1] Log - Extent Reports for Koel Automation Test Suite ending!
[INFO ] 2024-01-11 13:33:44.495 [Test worker] Log - Extent Reports for Koel Automation Test Suite started!
[INFO ] 2024-01-11 13:33:44.498 [Test worker] Log - Extent Reports for Koel Automation Test Suite ending!
[INFO ] 2024-01-11 13:33:44.652 [TestNG-tests-1] Log - Extent Reports for Koel Automation Test Suite started!
[INFO ] 2024-01-11 13:33:48.859 [TestNG-tests-1] Log - cancelButton started!
[INFO ] 2024-01-11 13:33:59.553 [TestNG-tests-1] Log - cancelButton passed!
[INFO ] 2024-01-11 13:33:59.675 [TestNG-tests-1] Log - Extent Reports for Koel Automation Test Suite ending!
[INFO ] 2024-01-11 13:35:23.961 [Test worker] Log - Extent Reports for Koel Automation Test Suite started!
[INFO ] 2024-01-11 13:35:23.965 [Test worker] Log - Extent Reports for Koel Automation Test Suite ending!
[INFO ] 2024-01-11 13:35:24.107 [TestNG-tests-1] Log - Extent Reports for Koel Automation Test Suite started!
[INFO ] 2024-01-11 13:35:28.171 [TestNG-tests-1] Log - cancelButton started!
[INFO ] 2024-01-11 13:35:38.849 [TestNG-tests-1] Log - cancelButton passed!
[INFO ] 2024-01-11 13:35:38.979 [TestNG-tests-1] Log - Extent Reports for Koel Automation Test Suite ending!
[INFO ] 2024-01-11 13:36:44.629 [Test worker] Log - Extent Reports for Koel Automation Test Suite started!
[INFO ] 2024-01-11 13:36:44.633 [Test worker] Log - Extent Reports for Koel Automation Test Suite ending!
[INFO ] 2024-01-11 13:36:44.775 [TestNG-tests-1] Log - Extent Reports for Koel Automation Test Suite started!
[INFO ] 2024-01-11 13:36:48.764 [TestNG-tests-1] Log - cancelButton started!
[INFO ] 2024-01-11 13:36:59.517 [TestNG-tests-1] Log - cancelButton passed!
[INFO ] 2024-01-11 13:36:59.641 [TestNG-tests-1] Log - Extent Reports for Koel Automation Test Suite ending!
[INFO ] 2024-01-11 13:38:51.732 [Test worker] Log - Extent Reports for Koel Automation Test Suite started!
[INFO ] 2024-01-11 13:38:51.735 [Test worker] Log - Extent Reports for Koel Automation Test Suite ending!
[INFO ] 2024-01-11 13:38:51.890 [TestNG-tests-1] Log - Extent Reports for Koel Automation Test Suite started!
[INFO ] 2024-01-11 13:38:55.740 [TestNG-tests-1] Log - cancelButton started!
[INFO ] 2024-01-11 13:39:06.372 [TestNG-tests-1] Log - cancelButton passed!
[INFO ] 2024-01-11 13:39:06.545 [TestNG-tests-1] Log - Extent Reports for Koel Automation Test Suite ending!
[INFO ] 2024-01-11 13:39:40.654 [Test worker] Log - Extent Reports for Koel Automation Test Suite started!
[INFO ] 2024-01-11 13:39:40.659 [Test worker] Log - Extent Reports for Koel Automation Test Suite ending!
[INFO ] 2024-01-11 13:39:40.841 [TestNG-tests-1] Log - Extent Reports for Koel Automation Test Suite started!
[INFO ] 2024-01-11 13:39:44.753 [TestNG-tests-1] Log - cancelButton started!
[INFO ] 2024-01-11 13:39:55.437 [TestNG-tests-1] Log - cancelButton passed!
[INFO ] 2024-01-11 13:39:55.562 [TestNG-tests-1] Log - Extent Reports for Koel Automation Test Suite ending!
[INFO ] 2024-01-11 13:40:08.333 [Test worker] Log - Extent Reports for Koel Automation Test Suite started!
[INFO ] 2024-01-11 13:40:08.336 [Test worker] Log - Extent Reports for Koel Automation Test Suite ending!
[INFO ] 2024-01-11 13:40:08.483 [TestNG-tests-1] Log - Extent Reports for Koel Automation Test Suite started!
[INFO ] 2024-01-11 13:40:12.476 [TestNG-tests-1] Log - cancelButton started!
[INFO ] 2024-01-11 13:40:23.134 [TestNG-tests-1] Log - cancelButton passed!
[INFO ] 2024-01-11 13:40:23.274 [TestNG-tests-1] Log - Extent Reports for Koel Automation Test Suite ending!
[INFO ] 2024-01-11 13:40:54.718 [Test worker] Log - Extent Reports for Koel Automation Test Suite started!
[INFO ] 2024-01-11 13:40:54.722 [Test worker] Log - Extent Reports for Koel Automation Test Suite ending!
[INFO ] 2024-01-11 13:40:54.870 [TestNG-tests-1] Log - Extent Reports for Koel Automation Test Suite started!
[INFO ] 2024-01-11 13:40:58.823 [TestNG-tests-1] Log - cancelButton started!
[INFO ] 2024-01-11 13:41:09.449 [TestNG-tests-1] Log - cancelButton passed!
[INFO ] 2024-01-11 13:41:09.567 [TestNG-tests-1] Log - Extent Reports for Koel Automation Test Suite ending!
[INFO ] 2024-01-11 13:42:47.336 [Test worker] Log - Extent Reports for Koel Automation Test Suite started!
[INFO ] 2024-01-11 13:42:47.340 [Test worker] Log - Extent Reports for Koel Automation Test Suite ending!
[INFO ] 2024-01-11 13:42:47.486 [TestNG-tests-1] Log - Extent Reports for Koel Automation Test Suite started!
[INFO ] 2024-01-11 13:42:51.572 [TestNG-tests-1] Log - cancelButton started!
[FATAL] 2024-01-11 13:42:57.108 [TestNG-tests-1] Log - Error while calling method: perform - null
[ERROR] 2024-01-11 13:42:57.110 [TestNG-tests-1] Log - cancelButton failed!
[INFO ] 2024-01-11 13:42:57.371 [TestNG-tests-1] Log - screen shot taken for failed test cancelButton
[INFO ] 2024-01-11 13:42:57.487 [TestNG-tests-1] Log - Extent Reports for Koel Automation Test Suite ending!
[INFO ] 2024-01-11 13:43:24.186 [Test worker] Log - Extent Reports for Koel Automation Test Suite started!
[INFO ] 2024-01-11 13:43:24.190 [Test worker] Log - Extent Reports for Koel Automation Test Suite ending!
[INFO ] 2024-01-11 13:43:24.344 [TestNG-tests-1] Log - Extent Reports for Koel Automation Test Suite started!
[INFO ] 2024-01-11 13:43:28.165 [TestNG-tests-1] Log - cancelButton started!
[FATAL] 2024-01-11 13:43:33.651 [TestNG-tests-1] Log - Error while calling method: perform - null
[ERROR] 2024-01-11 13:43:33.653 [TestNG-tests-1] Log - cancelButton failed!
[INFO ] 2024-01-11 13:43:33.913 [TestNG-tests-1] Log - screen shot taken for failed test cancelButton
[INFO ] 2024-01-11 13:43:34.026 [TestNG-tests-1] Log - Extent Reports for Koel Automation Test Suite ending!
[INFO ] 2024-01-11 13:44:06.531 [Test worker] Log - Extent Reports for Koel Automation Test Suite started!
[INFO ] 2024-01-11 13:44:06.534 [Test worker] Log - Extent Reports for Koel Automation Test Suite ending!
[INFO ] 2024-01-11 13:44:06.685 [TestNG-tests-1] Log - Extent Reports for Koel Automation Test Suite started!
[INFO ] 2024-01-11 13:44:10.719 [TestNG-tests-1] Log - cancelButton started!
[FATAL] 2024-01-11 13:44:16.217 [TestNG-tests-1] Log - Error while calling method: perform - null
[ERROR] 2024-01-11 13:44:16.219 [TestNG-tests-1] Log - cancelButton failed!
[INFO ] 2024-01-11 13:44:16.471 [TestNG-tests-1] Log - screen shot taken for failed test cancelButton
[INFO ] 2024-01-11 13:44:16.592 [TestNG-tests-1] Log - Extent Reports for Koel Automation Test Suite ending!
[INFO ] 2024-01-11 13:45:39.075 [Test worker] Log - Extent Reports for Koel Automation Test Suite started!
[INFO ] 2024-01-11 13:45:39.079 [Test worker] Log - Extent Reports for Koel Automation Test Suite ending!
[INFO ] 2024-01-11 13:45:39.220 [TestNG-tests-1] Log - Extent Reports for Koel Automation Test Suite started!
[INFO ] 2024-01-11 13:45:43.115 [TestNG-tests-1] Log - cancelButton started!
[INFO ] 2024-01-11 13:45:53.739 [TestNG-tests-1] Log - cancelButton passed!
[INFO ] 2024-01-11 13:45:53.862 [TestNG-tests-1] Log - Extent Reports for Koel Automation Test Suite ending!
[INFO ] 2024-01-11 13:50:03.480 [Test worker] Log - Extent Reports for Koel Automation Test Suite started!
[INFO ] 2024-01-11 13:50:03.485 [Test worker] Log - Extent Reports for Koel Automation Test Suite ending!
[INFO ] 2024-01-11 13:50:03.634 [TestNG-tests-1] Log - Extent Reports for Koel Automation Test Suite started!
[INFO ] 2024-01-11 13:50:07.419 [TestNG-tests-1] Log - cancelButton started!
[ERROR] 2024-01-11 13:50:12.440 [TestNG-tests-1] Log - cancelButton failed!
[INFO ] 2024-01-11 13:50:12.739 [TestNG-tests-1] Log - screen shot taken for failed test cancelButton
[INFO ] 2024-01-11 13:50:12.863 [TestNG-tests-1] Log - Extent Reports for Koel Automation Test Suite ending!
[INFO ] 2024-01-11 13:50:49.054 [Test worker] Log - Extent Reports for Koel Automation Test Suite started!
[INFO ] 2024-01-11 13:50:49.058 [Test worker] Log - Extent Reports for Koel Automation Test Suite ending!
[INFO ] 2024-01-11 13:50:49.216 [TestNG-tests-1] Log - Extent Reports for Koel Automation Test Suite started!
[INFO ] 2024-01-11 13:50:55.700 [TestNG-tests-1] Log - cancelButton started!
[INFO ] 2024-01-11 13:51:07.053 [TestNG-tests-1] Log - cancelButton passed!
[INFO ] 2024-01-11 13:51:07.258 [TestNG-tests-1] Log - Extent Reports for Koel Automation Test Suite ending!
[INFO ] 2024-01-11 13:56:25.733 [Test worker] Log - Extent Reports for Koel Automation Test Suite started!
[INFO ] 2024-01-11 13:56:25.738 [Test worker] Log - Extent Reports for Koel Automation Test Suite ending!
[INFO ] 2024-01-11 13:56:25.884 [TestNG-tests-1] Log - Extent Reports for Koel Automation Test Suite started!
[INFO ] 2024-01-11 13:56:29.980 [TestNG-tests-1] Log - cancelButton started!
[INFO ] 2024-01-11 13:56:40.473 [TestNG-tests-1] Log - cancelButton passed!
[INFO ] 2024-01-11 13:56:40.594 [TestNG-tests-1] Log - Extent Reports for Koel Automation Test Suite ending!
[INFO ] 2024-01-11 13:57:09.891 [Test worker] Log - Extent Reports for Koel Automation Test Suite started!
[INFO ] 2024-01-11 13:57:09.896 [Test worker] Log - Extent Reports for Koel Automation Test Suite ending!
[INFO ] 2024-01-11 13:57:10.044 [TestNG-tests-1] Log - Extent Reports for Koel Automation Test Suite started!
[INFO ] 2024-01-11 13:57:13.836 [TestNG-tests-1] Log - cancelButton started!
[INFO ] 2024-01-11 13:57:24.321 [TestNG-tests-1] Log - cancelButton passed!
[INFO ] 2024-01-11 13:57:24.446 [TestNG-tests-1] Log - Extent Reports for Koel Automation Test Suite ending!
[INFO ] 2024-01-11 13:57:47.924 [Test worker] Log - Extent Reports for Koel Automation Test Suite started!
[INFO ] 2024-01-11 13:57:47.929 [Test worker] Log - Extent Reports for Koel Automation Test Suite ending!
[INFO ] 2024-01-11 13:57:48.073 [TestNG-tests-1] Log - Extent Reports for Koel Automation Test Suite started!
[INFO ] 2024-01-11 13:57:51.927 [TestNG-tests-1] Log - cancelButton started!
[INFO ] 2024-01-11 13:58:02.444 [TestNG-tests-1] Log - cancelButton passed!
[INFO ] 2024-01-11 13:58:02.563 [TestNG-tests-1] Log - Extent Reports for Koel Automation Test Suite ending!
[INFO ] 2024-01-11 13:59:20.669 [Test worker] Log - Extent Reports for Koel Automation Test Suite started!
[INFO ] 2024-01-11 13:59:20.674 [Test worker] Log - Extent Reports for Koel Automation Test Suite ending!
[INFO ] 2024-01-11 13:59:20.832 [TestNG-tests-1] Log - Extent Reports for Koel Automation Test Suite started!
[INFO ] 2024-01-11 13:59:24.858 [TestNG-tests-1] Log - cancelButton started!
[INFO ] 2024-01-11 13:59:35.368 [TestNG-tests-1] Log - cancelButton passed!
[INFO ] 2024-01-11 13:59:35.492 [TestNG-tests-1] Log - Extent Reports for Koel Automation Test Suite ending!
[INFO ] 2024-01-11 14:00:35.116 [Test worker] Log - Extent Reports for Koel Automation Test Suite started!
[INFO ] 2024-01-11 14:00:35.120 [Test worker] Log - Extent Reports for Koel Automation Test Suite ending!
[INFO ] 2024-01-11 14:00:35.269 [TestNG-tests-1] Log - Extent Reports for Koel Automation Test Suite started!
[INFO ] 2024-01-11 14:00:39.101 [TestNG-tests-1] Log - cancelButton started!
[INFO ] 2024-01-11 14:00:49.684 [TestNG-tests-1] Log - cancelButton passed!
[INFO ] 2024-01-11 14:00:49.838 [TestNG-tests-1] Log - Extent Reports for Koel Automation Test Suite ending!
[INFO ] 2024-01-11 14:01:03.668 [Test worker] Log - Extent Reports for Koel Automation Test Suite started!
[INFO ] 2024-01-11 14:01:03.672 [Test worker] Log - Extent Reports for Koel Automation Test Suite ending!
[INFO ] 2024-01-11 14:01:03.818 [TestNG-tests-1] Log - Extent Reports for Koel Automation Test Suite started!
[INFO ] 2024-01-11 14:01:07.542 [TestNG-tests-1] Log - cancelButton started!
[INFO ] 2024-01-11 14:01:18.058 [TestNG-tests-1] Log - cancelButton passed!
[INFO ] 2024-01-11 14:01:18.181 [TestNG-tests-1] Log - Extent Reports for Koel Automation Test Suite ending!
[INFO ] 2024-01-11 14:01:25.239 [Test worker] Log - Extent Reports for Koel Automation Test Suite started!
[INFO ] 2024-01-11 14:01:25.243 [Test worker] Log - Extent Reports for Koel Automation Test Suite ending!
[INFO ] 2024-01-11 14:01:25.387 [TestNG-tests-1] Log - Extent Reports for Koel Automation Test Suite started!
[INFO ] 2024-01-11 14:01:29.147 [TestNG-tests-1] Log - cancelButton started!
[INFO ] 2024-01-11 14:01:39.644 [TestNG-tests-1] Log - cancelButton passed!
[INFO ] 2024-01-11 14:01:39.763 [TestNG-tests-1] Log - Extent Reports for Koel Automation Test Suite ending!
[INFO ] 2024-01-11 14:02:11.342 [Test worker] Log - Extent Reports for Koel Automation Test Suite started!
[INFO ] 2024-01-11 14:02:11.346 [Test worker] Log - Extent Reports for Koel Automation Test Suite ending!
[INFO ] 2024-01-11 14:02:11.496 [TestNG-tests-1] Log - Extent Reports for Koel Automation Test Suite started!
[INFO ] 2024-01-11 14:02:15.381 [TestNG-tests-1] Log - cancelButton started!
[INFO ] 2024-01-11 14:02:25.898 [TestNG-tests-1] Log - cancelButton passed!
[INFO ] 2024-01-11 14:02:26.026 [TestNG-tests-1] Log - Extent Reports for Koel Automation Test Suite ending!
[INFO ] 2024-01-11 14:02:48.223 [Test worker] Log - Extent Reports for Koel Automation Test Suite started!
[INFO ] 2024-01-11 14:02:48.227 [Test worker] Log - Extent Reports for Koel Automation Test Suite ending!
[INFO ] 2024-01-11 14:02:48.371 [TestNG-tests-1] Log - Extent Reports for Koel Automation Test Suite started!
[INFO ] 2024-01-11 14:02:52.309 [TestNG-tests-1] Log - cancelButton started!
[INFO ] 2024-01-11 14:03:02.823 [TestNG-tests-1] Log - cancelButton passed!
[INFO ] 2024-01-11 14:03:02.943 [TestNG-tests-1] Log - Extent Reports for Koel Automation Test Suite ending!
[INFO ] 2024-01-11 14:03:29.767 [Test worker] Log - Extent Reports for Koel Automation Test Suite started!
[INFO ] 2024-01-11 14:03:29.770 [Test worker] Log - Extent Reports for Koel Automation Test Suite ending!
[INFO ] 2024-01-11 14:03:29.921 [TestNG-tests-1] Log - Extent Reports for Koel Automation Test Suite started!
[INFO ] 2024-01-11 14:03:33.825 [TestNG-tests-1] Log - cancelButton started!
[INFO ] 2024-01-11 14:03:39.359 [TestNG-tests-1] Log - cancelButton passed!
[INFO ] 2024-01-11 14:03:39.481 [TestNG-tests-1] Log - Extent Reports for Koel Automation Test Suite ending!
[INFO ] 2024-01-11 14:04:09.805 [Test worker] Log - Extent Reports for Koel Automation Test Suite started!
[INFO ] 2024-01-11 14:04:09.809 [Test worker] Log - Extent Reports for Koel Automation Test Suite ending!
[INFO ] 2024-01-11 14:04:09.969 [TestNG-tests-1] Log - Extent Reports for Koel Automation Test Suite started!
[INFO ] 2024-01-11 14:04:14.143 [TestNG-tests-1] Log - cancelButton started!
[INFO ] 2024-01-11 14:04:22.658 [TestNG-tests-1] Log - cancelButton passed!
[INFO ] 2024-01-11 14:04:22.896 [TestNG-tests-1] Log - Extent Reports for Koel Automation Test Suite ending!
[INFO ] 2024-01-11 14:04:53.234 [Test worker] Log - Extent Reports for Koel Automation Test Suite started!
[INFO ] 2024-01-11 14:04:53.238 [Test worker] Log - Extent Reports for Koel Automation Test Suite ending!
[INFO ] 2024-01-11 14:04:53.383 [TestNG-tests-1] Log - Extent Reports for Koel Automation Test Suite started!
[INFO ] 2024-01-11 14:04:57.370 [TestNG-tests-1] Log - cancelButton started!
[INFO ] 2024-01-11 14:05:05.956 [TestNG-tests-1] Log - cancelButton passed!
[INFO ] 2024-01-11 14:05:06.076 [TestNG-tests-1] Log - Extent Reports for Koel Automation Test Suite ending!
[INFO ] 2024-01-11 14:05:14.270 [Test worker] Log - Extent Reports for Koel Automation Test Suite started!
[INFO ] 2024-01-11 14:05:14.273 [Test worker] Log - Extent Reports for Koel Automation Test Suite ending!
[INFO ] 2024-01-11 14:05:14.425 [TestNG-tests-1] Log - Extent Reports for Koel Automation Test Suite started!
[INFO ] 2024-01-11 14:05:18.298 [TestNG-tests-1] Log - cancelButton started!
[INFO ] 2024-01-11 14:05:26.812 [TestNG-tests-1] Log - cancelButton passed!
[INFO ] 2024-01-11 14:05:26.936 [TestNG-tests-1] Log - Extent Reports for Koel Automation Test Suite ending!
[INFO ] 2024-01-11 14:06:16.517 [Test worker] Log - Extent Reports for Koel Automation Test Suite started!
[INFO ] 2024-01-11 14:06:16.521 [Test worker] Log - Extent Reports for Koel Automation Test Suite ending!
[INFO ] 2024-01-11 14:06:16.701 [TestNG-tests-1] Log - Extent Reports for Koel Automation Test Suite started!
[INFO ] 2024-01-11 14:06:20.541 [TestNG-tests-1] Log - cancelButton started!
[INFO ] 2024-01-11 14:06:29.121 [TestNG-tests-1] Log - cancelButton passed!
[INFO ] 2024-01-11 14:06:29.247 [TestNG-tests-1] Log - Extent Reports for Koel Automation Test Suite ending!
[INFO ] 2024-01-11 14:07:01.659 [Test worker] Log - Extent Reports for Koel Automation Test Suite started!
[INFO ] 2024-01-11 14:07:01.663 [Test worker] Log - Extent Reports for Koel Automation Test Suite ending!
[INFO ] 2024-01-11 14:07:01.848 [TestNG-tests-1] Log - Extent Reports for Koel Automation Test Suite started!
[INFO ] 2024-01-11 14:07:05.752 [TestNG-tests-1] Log - cancelButton started!
[INFO ] 2024-01-11 14:07:14.321 [TestNG-tests-1] Log - cancelButton passed!
[INFO ] 2024-01-11 14:07:14.545 [TestNG-tests-1] Log - Extent Reports for Koel Automation Test Suite ending!
[INFO ] 2024-01-11 14:07:24.634 [Test worker] Log - Extent Reports for Koel Automation Test Suite started!
[INFO ] 2024-01-11 14:07:24.639 [Test worker] Log - Extent Reports for Koel Automation Test Suite ending!
[INFO ] 2024-01-11 14:07:24.788 [TestNG-tests-1] Log - Extent Reports for Koel Automation Test Suite started!
[INFO ] 2024-01-11 14:07:28.491 [TestNG-tests-1] Log - cancelButton started!
[INFO ] 2024-01-11 14:07:36.986 [TestNG-tests-1] Log - cancelButton passed!
[INFO ] 2024-01-11 14:07:37.107 [TestNG-tests-1] Log - Extent Reports for Koel Automation Test Suite ending!
[INFO ] 2024-01-11 14:07:47.319 [Test worker] Log - Extent Reports for Koel Automation Test Suite started!
[INFO ] 2024-01-11 14:07:47.323 [Test worker] Log - Extent Reports for Koel Automation Test Suite ending!
[INFO ] 2024-01-11 14:07:47.477 [TestNG-tests-1] Log - Extent Reports for Koel Automation Test Suite started!
[INFO ] 2024-01-11 14:07:51.304 [TestNG-tests-1] Log - cancelButton started!
[INFO ] 2024-01-11 14:07:59.905 [TestNG-tests-1] Log - cancelButton passed!
[INFO ] 2024-01-11 14:08:00.031 [TestNG-tests-1] Log - Extent Reports for Koel Automation Test Suite ending!
[INFO ] 2024-01-11 14:08:47.595 [Test worker] Log - Extent Reports for Koel Automation Test Suite started!
[INFO ] 2024-01-11 14:08:47.599 [Test worker] Log - Extent Reports for Koel Automation Test Suite ending!
[INFO ] 2024-01-11 14:08:47.774 [TestNG-tests-1] Log - Extent Reports for Koel Automation Test Suite started!
[INFO ] 2024-01-11 14:08:52.032 [TestNG-tests-1] Log - cancelButton started!
[INFO ] 2024-01-11 14:09:00.543 [TestNG-tests-1] Log - cancelButton passed!
[INFO ] 2024-01-11 14:09:00.662 [TestNG-tests-1] Log - Extent Reports for Koel Automation Test Suite ending!
[INFO ] 2024-01-11 14:09:08.740 [Test worker] Log - Extent Reports for Koel Automation Test Suite started!
[INFO ] 2024-01-11 14:09:08.744 [Test worker] Log - Extent Reports for Koel Automation Test Suite ending!
[INFO ] 2024-01-11 14:09:08.897 [TestNG-tests-1] Log - Extent Reports for Koel Automation Test Suite started!
[INFO ] 2024-01-11 14:09:12.670 [TestNG-tests-1] Log - cancelButton started!
[INFO ] 2024-01-11 14:09:21.228 [TestNG-tests-1] Log - cancelButton passed!
[INFO ] 2024-01-11 14:09:21.350 [TestNG-tests-1] Log - Extent Reports for Koel Automation Test Suite ending!
[INFO ] 2024-01-11 14:09:27.568 [Test worker] Log - Extent Reports for Koel Automation Test Suite started!
[INFO ] 2024-01-11 14:09:27.571 [Test worker] Log - Extent Reports for Koel Automation Test Suite ending!
[INFO ] 2024-01-11 14:09:27.707 [TestNG-tests-1] Log - Extent Reports for Koel Automation Test Suite started!
[INFO ] 2024-01-11 14:09:32.275 [TestNG-tests-1] Log - cancelButton started!
[INFO ] 2024-01-11 14:09:40.813 [TestNG-tests-1] Log - cancelButton passed!
[INFO ] 2024-01-11 14:09:40.936 [TestNG-tests-1] Log - Extent Reports for Koel Automation Test Suite ending!
[INFO ] 2024-01-11 14:10:59.151 [Test worker] Log - Extent Reports for Koel Automation Test Suite started!
[INFO ] 2024-01-11 14:10:59.155 [Test worker] Log - Extent Reports for Koel Automation Test Suite ending!
[INFO ] 2024-01-11 14:10:59.301 [TestNG-tests-1] Log - Extent Reports for Koel Automation Test Suite started!
[INFO ] 2024-01-11 14:11:03.119 [TestNG-tests-1] Log - cancelButton started!
[INFO ] 2024-01-11 14:11:12.666 [TestNG-tests-1] Log - cancelButton passed!
[INFO ] 2024-01-11 14:11:12.812 [TestNG-tests-1] Log - Extent Reports for Koel Automation Test Suite ending!
[INFO ] 2024-01-11 14:13:51.699 [Test worker] Log - Extent Reports for Koel Automation Test Suite started!
[INFO ] 2024-01-11 14:13:51.703 [Test worker] Log - Extent Reports for Koel Automation Test Suite ending!
[INFO ] 2024-01-11 14:13:51.860 [TestNG-tests-1] Log - Extent Reports for Koel Automation Test Suite started!
[INFO ] 2024-01-11 14:13:55.748 [TestNG-tests-1] Log - cancelButton started!
[INFO ] 2024-01-11 14:14:05.271 [TestNG-tests-1] Log - cancelButton passed!
[INFO ] 2024-01-11 14:14:05.389 [TestNG-tests-1] Log - Extent Reports for Koel Automation Test Suite ending!
[INFO ] 2024-01-11 14:14:52.656 [Test worker] Log - Extent Reports for Koel Automation Test Suite started!
[INFO ] 2024-01-11 14:14:52.660 [Test worker] Log - Extent Reports for Koel Automation Test Suite ending!
[INFO ] 2024-01-11 14:14:52.809 [TestNG-tests-1] Log - Extent Reports for Koel Automation Test Suite started!
[INFO ] 2024-01-11 14:14:56.720 [TestNG-tests-1] Log - cancelButton started!
[INFO ] 2024-01-11 14:15:05.265 [TestNG-tests-1] Log - cancelButton passed!
[INFO ] 2024-01-11 14:15:05.389 [TestNG-tests-1] Log - Extent Reports for Koel Automation Test Suite ending!
[INFO ] 2024-01-11 15:53:02.979 [Test worker] Log - Extent Reports for Koel Automation Test Suite started!
[INFO ] 2024-01-11 15:53:02.982 [Test worker] Log - Extent Reports for Koel Automation Test Suite ending!
[INFO ] 2024-01-11 15:53:03.128 [TestNG-tests-1] Log - Extent Reports for Koel Automation Test Suite started!
[INFO ] 2024-01-11 15:53:07.745 [TestNG-tests-1] Log - cancelButton started!
[INFO ] 2024-01-11 15:53:08.946 [TestNG-tests-1] Log - cancelButton passed!
[INFO ] 2024-01-11 15:53:09.057 [TestNG-tests-1] Log - Extent Reports for Koel Automation Test Suite ending!
[INFO ] 2024-01-11 16:00:09.085 [Test worker] Log - Extent Reports for Koel Automation Test Suite started!
[INFO ] 2024-01-11 16:00:09.089 [Test worker] Log - Extent Reports for Koel Automation Test Suite ending!
[INFO ] 2024-01-11 16:00:09.230 [TestNG-tests-1] Log - Extent Reports for Koel Automation Test Suite started!
[INFO ] 2024-01-11 16:00:13.366 [TestNG-tests-1] Log - keyboardClear started!
[INFO ] 2024-01-11 16:00:14.500 [TestNG-tests-1] Log - keyboardClear passed!
[INFO ] 2024-01-11 16:00:14.627 [TestNG-tests-1] Log - Extent Reports for Koel Automation Test Suite ending!
[INFO ] 2024-01-11 16:16:34.157 [Test worker] Log - Extent Reports for Koel Automation Test Suite started!
[INFO ] 2024-01-11 16:16:34.161 [Test worker] Log - Extent Reports for Koel Automation Test Suite ending!
[INFO ] 2024-01-11 16:16:34.304 [TestNG-tests-1] Log - Extent Reports for Koel Automation Test Suite started!
[INFO ] 2024-01-11 16:16:38.240 [TestNG-tests-1] Log - invokeSearchByKeybd started!
[ERROR] 2024-01-11 16:16:38.257 [TestNG-tests-1] Log - invokeSearchByKeybd failed!
[INFO ] 2024-01-11 16:16:38.520 [TestNG-tests-1] Log - screen shot taken for failed test invokeSearchByKeybd
[INFO ] 2024-01-11 16:16:38.638 [TestNG-tests-1] Log - Extent Reports for Koel Automation Test Suite ending!
[INFO ] 2024-01-11 16:20:33.863 [Test worker] Log - Extent Reports for Koel Automation Test Suite started!
[INFO ] 2024-01-11 16:20:33.867 [Test worker] Log - Extent Reports for Koel Automation Test Suite ending!
[INFO ] 2024-01-11 16:20:34.023 [TestNG-tests-1] Log - Extent Reports for Koel Automation Test Suite started!
[INFO ] 2024-01-11 16:20:37.916 [TestNG-tests-1] Log - invokeSearchByKeybd started!
[ERROR] 2024-01-11 16:20:48.141 [TestNG-tests-1] Log - invokeSearchByKeybd failed!
[INFO ] 2024-01-11 16:20:48.421 [TestNG-tests-1] Log - screen shot taken for failed test invokeSearchByKeybd
[INFO ] 2024-01-11 16:20:48.539 [TestNG-tests-1] Log - Extent Reports for Koel Automation Test Suite ending!
[INFO ] 2024-01-11 16:21:24.783 [Test worker] Log - Extent Reports for Koel Automation Test Suite started!
[INFO ] 2024-01-11 16:21:24.788 [Test worker] Log - Extent Reports for Koel Automation Test Suite ending!
[INFO ] 2024-01-11 16:21:24.935 [TestNG-tests-1] Log - Extent Reports for Koel Automation Test Suite started!
[INFO ] 2024-01-11 16:21:28.696 [TestNG-tests-1] Log - invokeSearchByKeybd started!
[ERROR] 2024-01-11 16:21:38.931 [TestNG-tests-1] Log - invokeSearchByKeybd failed!
[INFO ] 2024-01-11 16:21:39.218 [TestNG-tests-1] Log - screen shot taken for failed test invokeSearchByKeybd
[INFO ] 2024-01-11 16:21:39.392 [TestNG-tests-1] Log - Extent Reports for Koel Automation Test Suite ending!
[INFO ] 2024-01-11 16:22:20.909 [Test worker] Log - Extent Reports for Koel Automation Test Suite started!
[INFO ] 2024-01-11 16:22:20.913 [Test worker] Log - Extent Reports for Koel Automation Test Suite ending!
[INFO ] 2024-01-11 16:22:21.072 [TestNG-tests-1] Log - Extent Reports for Koel Automation Test Suite started!
[INFO ] 2024-01-11 16:22:25.093 [TestNG-tests-1] Log - invokeSearchByKeybd started!
[INFO ] 2024-01-11 16:22:26.160 [TestNG-tests-1] Log - invokeSearchByKeybd passed!
[INFO ] 2024-01-11 16:22:26.287 [TestNG-tests-1] Log - Extent Reports for Koel Automation Test Suite ending!
[INFO ] 2024-01-11 16:22:58.650 [Test worker] Log - Extent Reports for Koel Automation Test Suite started!
[INFO ] 2024-01-11 16:22:58.654 [Test worker] Log - Extent Reports for Koel Automation Test Suite ending!
[INFO ] 2024-01-11 16:22:58.799 [TestNG-tests-1] Log - Extent Reports for Koel Automation Test Suite started!
[INFO ] 2024-01-11 16:23:02.627 [TestNG-tests-1] Log - invokeSearchByKeybd started!
[INFO ] 2024-01-11 16:23:03.242 [TestNG-tests-1] Log - invokeSearchByKeybd passed!
[INFO ] 2024-01-11 16:23:03.362 [TestNG-tests-1] Log - Extent Reports for Koel Automation Test Suite ending!
[INFO ] 2024-01-25 23:28:05.690 [Test worker] Log - Extent Reports for Koel Automation Test Suite started!
[INFO ] 2024-01-25 23:28:05.694 [Test worker] Log - Extent Reports for Koel Automation Test Suite ending!
[INFO ] 2024-01-25 23:28:05.836 [TestNG-tests-1] Log - Extent Reports for Koel Automation Test Suite started!
[INFO ] 2024-01-25 23:28:25.215 [TestNG-tests-1] Log - deleteAllPlaylists started!
[FATAL] 2024-01-25 23:28:55.655 [TestNG-tests-1] Log - Error while calling method: findElement - null
[FATAL] 2024-01-25 23:29:05.689 [TestNG-tests-1] Log - Error while calling method: findElement - null
[FATAL] 2024-01-25 23:29:09.622 [TestNG-tests-1] Log - Error while calling method: isDisplayed - null
[ERROR] 2024-01-25 23:29:09.624 [TestNG-tests-1] Log - deleteAllPlaylists failed!
[INFO ] 2024-01-25 23:29:09.902 [TestNG-tests-1] Log - screen shot taken for failed test deleteAllPlaylists
[INFO ] 2024-01-25 23:29:10.016 [TestNG-tests-1] Log - Extent Reports for Koel Automation Test Suite ending!
[INFO ] 2024-01-25 23:30:32.303 [Test worker] Log - Extent Reports for Koel Automation Test Suite started!
[INFO ] 2024-01-25 23:30:32.309 [Test worker] Log - Extent Reports for Koel Automation Test Suite ending!
[INFO ] 2024-01-25 23:30:32.443 [TestNG-tests-1] Log - Extent Reports for Koel Automation Test Suite started!
[INFO ] 2024-01-25 23:30:35.802 [TestNG-tests-1] Log - deleteAllPlaylists started!
[FATAL] 2024-01-25 23:31:06.184 [TestNG-tests-1] Log - Error while calling method: isDisplayed - null
[ERROR] 2024-01-25 23:31:06.186 [TestNG-tests-1] Log - deleteAllPlaylists failed!
[INFO ] 2024-01-25 23:31:06.439 [TestNG-tests-1] Log - screen shot taken for failed test deleteAllPlaylists
[INFO ] 2024-01-25 23:31:06.552 [TestNG-tests-1] Log - Extent Reports for Koel Automation Test Suite ending!
