[INFO ] 2024-01-01 08:47:31.221 [Test worker] Log - Extent Reports for Koel Automation Test Suite started!
[INFO ] 2024-01-01 08:47:31.227 [Test worker] Log - Extent Reports for Koel Automation Test Suite ending!
[INFO ] 2024-01-01 08:47:31.378 [Test worker] Log - Extent Reports for Koel Automation Test Suite started!
[INFO ] 2024-01-01 08:47:31.378 [Test worker] Log - Extent Reports for Koel Automation Test Suite ending!
[INFO ] 2024-01-01 08:48:23.460 [Test worker] Log - Extent Reports for Koel Automation Test Suite started!
[INFO ] 2024-01-01 08:48:23.464 [Test worker] Log - Extent Reports for Koel Automation Test Suite ending!
[INFO ] 2024-01-01 08:48:23.605 [Test worker] Log - Extent Reports for Koel Automation Test Suite started!
[FATAL] 2024-01-01 08:48:28.869 [TestNG-test=Sprint-9-1] Log - Error while calling method: sendKeys - null
[INFO ] 2024-01-01 08:48:28.876 [TestNG-test=Sprint-9-1] Log - playAllSongsByArtist started!
[WARN ] 2024-01-01 08:48:28.885 [TestNG-test=Sprint-9-1] Log - playAllSongsByArtist skipped
[INFO ] 2024-01-01 08:48:28.897 [Test worker] Log - Extent Reports for Koel Automation Test Suite ending!
[INFO ] 2024-01-01 08:49:13.555 [Test worker] Log - Extent Reports for Koel Automation Test Suite started!
[INFO ] 2024-01-01 08:49:13.559 [Test worker] Log - Extent Reports for Koel Automation Test Suite ending!
[INFO ] 2024-01-01 08:49:13.694 [Test worker] Log - Extent Reports for Koel Automation Test Suite started!
[INFO ] 2024-01-01 08:49:23.946 [TestNG-test=Sprint-9-1] Log - playAllSongsByArtist started!
[INFO ] 2024-01-01 08:49:25.608 [TestNG-test=Sprint-9-1] Log - playAllSongsByArtist passed!
[INFO ] 2024-01-01 08:49:25.832 [Test worker] Log - Extent Reports for Koel Automation Test Suite ending!
[INFO ] 2024-01-01 09:00:28.629 [Test worker] Log - Extent Reports for Koel Automation Test Suite started!
[INFO ] 2024-01-01 09:00:28.633 [Test worker] Log - Extent Reports for Koel Automation Test Suite ending!
[INFO ] 2024-01-01 09:00:28.769 [Test worker] Log - Extent Reports for Koel Automation Test Suite started!
[INFO ] 2024-01-01 09:00:36.622 [TestNG-test=Sprint-9-1] Log - playAllSongsByArtist started!
[FATAL] 2024-01-01 09:00:46.766 [TestNG-test=Sprint-9-1] Log - Error while calling method: findElement - null
[FATAL] 2024-01-01 09:00:56.841 [TestNG-test=Sprint-9-1] Log - Error while calling method: findElement - null
[FATAL] 2024-01-01 09:01:07.211 [TestNG-test=Sprint-9-1] Log - Error while calling method: findElement - null
[FATAL] 2024-01-01 09:01:17.328 [TestNG-test=Sprint-9-1] Log - Error while calling method: findElement - null
[FATAL] 2024-01-01 09:01:27.390 [TestNG-test=Sprint-9-1] Log - Error while calling method: findElement - null
[FATAL] 2024-01-01 09:01:37.736 [TestNG-test=Sprint-9-1] Log - Error while calling method: findElement - null
[ERROR] 2024-01-01 09:01:37.745 [TestNG-test=Sprint-9-1] Log - playAllSongsByArtist failed!
[INFO ] 2024-01-01 09:01:38.311 [TestNG-test=Sprint-9-1] Log - screen shot taken for failed test playAllSongsByArtist
[INFO ] 2024-01-01 09:01:38.809 [Test worker] Log - Extent Reports for Koel Automation Test Suite ending!
[INFO ] 2024-01-01 09:01:57.250 [Test worker] Log - Extent Reports for Koel Automation Test Suite started!
[INFO ] 2024-01-01 09:01:57.254 [Test worker] Log - Extent Reports for Koel Automation Test Suite ending!
[INFO ] 2024-01-01 09:01:57.397 [Test worker] Log - Extent Reports for Koel Automation Test Suite started!
[INFO ] 2024-01-01 09:02:05.366 [TestNG-test=Sprint-9-1] Log - playAllSongsByArtist started!
[INFO ] 2024-01-01 09:02:06.897 [TestNG-test=Sprint-9-1] Log - playAllSongsByArtist passed!
[INFO ] 2024-01-01 09:02:07.115 [Test worker] Log - Extent Reports for Koel Automation Test Suite ending!
[INFO ] 2024-01-01 09:08:19.415 [Test worker] Log - Extent Reports for Koel Automation Test Suite started!
[INFO ] 2024-01-01 09:08:19.418 [Test worker] Log - Extent Reports for Koel Automation Test Suite ending!
[INFO ] 2024-01-01 09:08:19.581 [Test worker] Log - Extent Reports for Koel Automation Test Suite started!
[INFO ] 2024-01-01 09:08:24.073 [TestNG-test=Sprint-9-1] Log - checkRASongsOnHover started!
[INFO ] 2024-01-01 09:08:27.726 [TestNG-test=Sprint-9-1] Log - checkRASongsOnHover passed!
[INFO ] 2024-01-01 09:08:31.715 [TestNG-test=Sprint-9-1] Log - checkRecentlyAdded started!
[INFO ] 2024-01-01 09:08:35.251 [TestNG-test=Sprint-9-1] Log - checkRecentlyAdded passed!
[INFO ] 2024-01-01 09:08:39.592 [TestNG-test=Sprint-9-1] Log - clickAboutLink started!
[INFO ] 2024-01-01 09:08:43.432 [TestNG-test=Sprint-9-1] Log - clickAboutLink passed!
[INFO ] 2024-01-01 09:08:48.162 [TestNG-test=Sprint-9-1] Log - hoverOverPlayBtn started!
[INFO ] 2024-01-01 09:08:51.240 [TestNG-test=Sprint-9-1] Log - hoverOverPlayBtn passed!
[INFO ] 2024-01-01 09:08:55.477 [TestNG-test=Sprint-9-1] Log - modalCloses started!
[INFO ] 2024-01-01 09:08:59.733 [TestNG-test=Sprint-9-1] Log - modalCloses passed!
[INFO ] 2024-01-01 09:09:04.483 [TestNG-test=Sprint-9-1] Log - recentlyPlayedExists started!
[INFO ] 2024-01-01 09:09:07.644 [TestNG-test=Sprint-9-1] Log - recentlyPlayedExists passed!
[INFO ] 2024-01-01 09:09:12.608 [TestNG-test=Sprint-9-1] Log - createPlaylist started!
[INFO ] 2024-01-01 09:09:17.513 [TestNG-test=Sprint-9-1] Log - createPlaylist passed!
[INFO ] 2024-01-01 09:09:21.904 [TestNG-test=Sprint-9-1] Log - addSongToPlaylist started!
[INFO ] 2024-01-01 09:09:28.084 [TestNG-test=Sprint-9-1] Log - addSongToPlaylist passed!
[INFO ] 2024-01-01 09:09:32.591 [TestNG-test=Sprint-9-1] Log - deleteAllPlaylists started!
[ERROR] 2024-01-01 09:09:56.872 [TestNG-test=Sprint-9-1] Log - deleteAllPlaylists failed!
[INFO ] 2024-01-01 09:09:57.498 [TestNG-test=Sprint-9-1] Log - screen shot taken for failed test deleteAllPlaylists
[INFO ] 2024-01-01 09:09:57.700 [Test worker] Log - Extent Reports for Koel Automation Test Suite ending!
[INFO ] 2024-01-01 09:23:43.212 [Test worker] Log - Extent Reports for Koel Automation Test Suite started!
[INFO ] 2024-01-01 09:23:43.215 [Test worker] Log - Extent Reports for Koel Automation Test Suite ending!
[INFO ] 2024-01-01 09:23:43.356 [Test worker] Log - Extent Reports for Koel Automation Test Suite started!
[INFO ] 2024-01-01 09:23:48.541 [TestNG-test=Sprint-9-1] Log - checkRASongsOnHover started!
[INFO ] 2024-01-01 09:23:52.305 [TestNG-test=Sprint-9-1] Log - checkRASongsOnHover passed!
[INFO ] 2024-01-01 09:23:57.325 [TestNG-test=Sprint-9-1] Log - checkRecentlyAdded started!
[INFO ] 2024-01-01 09:24:01.112 [TestNG-test=Sprint-9-1] Log - checkRecentlyAdded passed!
[INFO ] 2024-01-01 09:24:06.181 [TestNG-test=Sprint-9-1] Log - clickAboutLink started!
[INFO ] 2024-01-01 09:24:09.809 [TestNG-test=Sprint-9-1] Log - clickAboutLink passed!
[INFO ] 2024-01-01 09:24:14.731 [TestNG-test=Sprint-9-1] Log - hoverOverPlayBtn started!
[INFO ] 2024-01-01 09:24:17.854 [TestNG-test=Sprint-9-1] Log - hoverOverPlayBtn passed!
[INFO ] 2024-01-01 09:24:22.353 [TestNG-test=Sprint-9-1] Log - modalCloses started!
[INFO ] 2024-01-01 09:24:26.606 [TestNG-test=Sprint-9-1] Log - modalCloses passed!
[INFO ] 2024-01-01 09:24:31.551 [TestNG-test=Sprint-9-1] Log - recentlyPlayedExists started!
[INFO ] 2024-01-01 09:24:34.959 [TestNG-test=Sprint-9-1] Log - recentlyPlayedExists passed!
[INFO ] 2024-01-01 09:24:39.967 [TestNG-test=Sprint-9-1] Log - createPlaylist started!
[INFO ] 2024-01-01 09:24:44.747 [TestNG-test=Sprint-9-1] Log - createPlaylist passed!
[INFO ] 2024-01-01 09:24:49.771 [TestNG-test=Sprint-9-1] Log - addSongToPlaylist started!
[ERROR] 2024-01-01 09:25:56.536 [TestNG-test=Sprint-9-1] Log - addSongToPlaylist failed!
[INFO ] 2024-01-01 09:25:57.098 [TestNG-test=Sprint-9-1] Log - screen shot taken for failed test addSongToPlaylist
[INFO ] 2024-01-01 09:25:57.470 [TestNG-test=Sprint-9-1] Log - deleteAllPlaylists started!
[WARN ] 2024-01-01 09:25:57.470 [TestNG-test=Sprint-9-1] Log - deleteAllPlaylists skipped
[INFO ] 2024-01-01 09:25:57.472 [Test worker] Log - Extent Reports for Koel Automation Test Suite ending!
[INFO ] 2024-01-01 09:29:12.074 [Test worker] Log - Extent Reports for Koel Automation Test Suite started!
[INFO ] 2024-01-01 09:29:12.078 [Test worker] Log - Extent Reports for Koel Automation Test Suite ending!
[INFO ] 2024-01-01 09:29:12.213 [Test worker] Log - Extent Reports for Koel Automation Test Suite started!
[INFO ] 2024-01-01 09:29:17.548 [TestNG-test=Sprint-9-1] Log - checkRASongsOnHover started!
[INFO ] 2024-01-01 09:29:21.743 [TestNG-test=Sprint-9-1] Log - checkRASongsOnHover passed!
[INFO ] 2024-01-01 09:29:27.008 [TestNG-test=Sprint-9-1] Log - checkRecentlyAdded started!
[INFO ] 2024-01-01 09:29:31.261 [TestNG-test=Sprint-9-1] Log - checkRecentlyAdded passed!
[INFO ] 2024-01-01 09:29:36.583 [TestNG-test=Sprint-9-1] Log - clickAboutLink started!
[INFO ] 2024-01-01 09:29:40.775 [TestNG-test=Sprint-9-1] Log - clickAboutLink passed!
[INFO ] 2024-01-01 09:29:46.168 [TestNG-test=Sprint-9-1] Log - hoverOverPlayBtn started!
[INFO ] 2024-01-01 09:29:50.000 [TestNG-test=Sprint-9-1] Log - hoverOverPlayBtn passed!
[INFO ] 2024-01-01 09:29:54.752 [TestNG-test=Sprint-9-1] Log - modalCloses started!
[INFO ] 2024-01-01 09:30:00.445 [TestNG-test=Sprint-9-1] Log - modalCloses passed!
[INFO ] 2024-01-01 09:30:05.205 [TestNG-test=Sprint-9-1] Log - recentlyPlayedExists started!
[INFO ] 2024-01-01 09:30:08.962 [TestNG-test=Sprint-9-1] Log - recentlyPlayedExists passed!
[INFO ] 2024-01-01 09:30:13.809 [TestNG-test=Sprint-9-1] Log - createPlaylist started!
[INFO ] 2024-01-01 09:30:19.477 [TestNG-test=Sprint-9-1] Log - createPlaylist passed!
[INFO ] 2024-01-01 09:30:24.693 [TestNG-test=Sprint-9-1] Log - addSongToPlaylist started!
[ERROR] 2024-01-01 09:31:32.962 [TestNG-test=Sprint-9-1] Log - addSongToPlaylist failed!
[INFO ] 2024-01-01 09:31:33.528 [TestNG-test=Sprint-9-1] Log - screen shot taken for failed test addSongToPlaylist
[INFO ] 2024-01-01 09:31:33.532 [TestNG-test=Sprint-9-1] Log - deleteAllPlaylists started!
[WARN ] 2024-01-01 09:31:33.533 [TestNG-test=Sprint-9-1] Log - deleteAllPlaylists skipped
[INFO ] 2024-01-01 09:31:33.534 [Test worker] Log - Extent Reports for Koel Automation Test Suite ending!
[INFO ] 2024-01-01 10:13:30.048 [Test worker] Log - Extent Reports for Koel Automation Test Suite started!
[INFO ] 2024-01-01 10:13:30.051 [Test worker] Log - Extent Reports for Koel Automation Test Suite ending!
[INFO ] 2024-01-01 10:13:30.187 [Test worker] Log - Extent Reports for Koel Automation Test Suite started!
[INFO ] 2024-01-01 10:13:35.709 [TestNG-test=Sprint-9-1] Log - checkRASongsOnHover started!
[INFO ] 2024-01-01 10:13:39.928 [TestNG-test=Sprint-9-1] Log - checkRASongsOnHover passed!
[INFO ] 2024-01-01 10:13:45.154 [TestNG-test=Sprint-9-1] Log - checkRecentlyAdded started!
[INFO ] 2024-01-01 10:13:49.148 [TestNG-test=Sprint-9-1] Log - checkRecentlyAdded passed!
[INFO ] 2024-01-01 10:13:54.306 [TestNG-test=Sprint-9-1] Log - clickAboutLink started!
[INFO ] 2024-01-01 10:13:58.400 [TestNG-test=Sprint-9-1] Log - clickAboutLink passed!
[INFO ] 2024-01-01 10:14:03.726 [TestNG-test=Sprint-9-1] Log - hoverOverPlayBtn started!
[INFO ] 2024-01-01 10:14:07.626 [TestNG-test=Sprint-9-1] Log - hoverOverPlayBtn passed!
[INFO ] 2024-01-01 10:14:12.983 [TestNG-test=Sprint-9-1] Log - modalCloses started!
[INFO ] 2024-01-01 10:14:17.549 [TestNG-test=Sprint-9-1] Log - modalCloses passed!
[INFO ] 2024-01-01 10:14:22.234 [TestNG-test=Sprint-9-1] Log - recentlyPlayedExists started!
[INFO ] 2024-01-01 10:14:25.604 [TestNG-test=Sprint-9-1] Log - recentlyPlayedExists passed!
[INFO ] 2024-01-01 10:14:30.937 [TestNG-test=Sprint-9-1] Log - createPlaylist started!
[INFO ] 2024-01-01 10:14:36.476 [TestNG-test=Sprint-9-1] Log - createPlaylist passed!
[INFO ] 2024-01-01 10:14:40.806 [TestNG-test=Sprint-9-1] Log - addSongToPlaylist started!
[ERROR] 2024-01-01 10:15:48.381 [TestNG-test=Sprint-9-1] Log - addSongToPlaylist failed!
[INFO ] 2024-01-01 10:15:48.976 [TestNG-test=Sprint-9-1] Log - screen shot taken for failed test addSongToPlaylist
[INFO ] 2024-01-01 10:15:48.992 [TestNG-test=Sprint-9-1] Log - deleteAllPlaylists started!
[WARN ] 2024-01-01 10:15:48.993 [TestNG-test=Sprint-9-1] Log - deleteAllPlaylists skipped
[INFO ] 2024-01-01 10:15:48.994 [Test worker] Log - Extent Reports for Koel Automation Test Suite ending!
[INFO ] 2024-01-01 10:19:47.493 [Test worker] Log - Extent Reports for Koel Automation Test Suite started!
[INFO ] 2024-01-01 10:19:47.497 [Test worker] Log - Extent Reports for Koel Automation Test Suite ending!
[INFO ] 2024-01-01 10:19:47.628 [Test worker] Log - Extent Reports for Koel Automation Test Suite started!
[INFO ] 2024-01-01 10:19:53.491 [TestNG-test=Sprint-9-1] Log - checkRASongsOnHover started!
[INFO ] 2024-01-01 10:19:58.313 [TestNG-test=Sprint-9-1] Log - checkRASongsOnHover passed!
[INFO ] 2024-01-01 10:20:04.010 [TestNG-test=Sprint-9-1] Log - checkRecentlyAdded started!
[INFO ] 2024-01-01 10:20:08.714 [TestNG-test=Sprint-9-1] Log - checkRecentlyAdded passed!
[INFO ] 2024-01-01 10:20:14.573 [TestNG-test=Sprint-9-1] Log - clickAboutLink started!
[INFO ] 2024-01-01 10:20:19.084 [TestNG-test=Sprint-9-1] Log - clickAboutLink passed!
[INFO ] 2024-01-01 10:20:24.846 [TestNG-test=Sprint-9-1] Log - hoverOverPlayBtn started!
[INFO ] 2024-01-01 10:20:28.658 [TestNG-test=Sprint-9-1] Log - hoverOverPlayBtn passed!
[INFO ] 2024-01-01 10:20:33.793 [TestNG-test=Sprint-9-1] Log - modalCloses started!
[INFO ] 2024-01-01 10:20:39.074 [TestNG-test=Sprint-9-1] Log - modalCloses passed!
[INFO ] 2024-01-01 10:20:44.205 [TestNG-test=Sprint-9-1] Log - recentlyPlayedExists started!
[INFO ] 2024-01-01 10:20:48.285 [TestNG-test=Sprint-9-1] Log - recentlyPlayedExists passed!
[INFO ] 2024-01-01 10:20:54.058 [TestNG-test=Sprint-9-1] Log - createPlaylist started!
[INFO ] 2024-01-01 10:20:59.895 [TestNG-test=Sprint-9-1] Log - createPlaylist passed!
[INFO ] 2024-01-01 10:21:04.770 [TestNG-test=Sprint-9-1] Log - addSongToPlaylist started!
[ERROR] 2024-01-01 10:22:12.946 [TestNG-test=Sprint-9-1] Log - addSongToPlaylist failed!
[INFO ] 2024-01-01 10:22:13.508 [TestNG-test=Sprint-9-1] Log - screen shot taken for failed test addSongToPlaylist
[INFO ] 2024-01-01 10:22:13.514 [TestNG-test=Sprint-9-1] Log - deleteAllPlaylists started!
[WARN ] 2024-01-01 10:22:13.514 [TestNG-test=Sprint-9-1] Log - deleteAllPlaylists skipped
[INFO ] 2024-01-01 10:22:13.515 [Test worker] Log - Extent Reports for Koel Automation Test Suite ending!
[INFO ] 2024-01-01 10:23:25.643 [Test worker] Log - Extent Reports for Koel Automation Test Suite started!
[INFO ] 2024-01-01 10:23:25.647 [Test worker] Log - Extent Reports for Koel Automation Test Suite ending!
[INFO ] 2024-01-01 10:23:25.783 [Test worker] Log - Extent Reports for Koel Automation Test Suite started!
[INFO ] 2024-01-01 10:23:31.151 [TestNG-test=Sprint-9-1] Log - checkRASongsOnHover started!
[INFO ] 2024-01-01 10:23:35.807 [TestNG-test=Sprint-9-1] Log - checkRASongsOnHover passed!
[INFO ] 2024-01-01 10:23:42.164 [TestNG-test=Sprint-9-1] Log - checkRecentlyAdded started!
[INFO ] 2024-01-01 10:23:46.688 [TestNG-test=Sprint-9-1] Log - checkRecentlyAdded passed!
[INFO ] 2024-01-01 10:23:52.546 [TestNG-test=Sprint-9-1] Log - clickAboutLink started!
[INFO ] 2024-01-01 10:23:57.144 [TestNG-test=Sprint-9-1] Log - clickAboutLink passed!
[INFO ] 2024-01-01 10:24:02.712 [TestNG-test=Sprint-9-1] Log - hoverOverPlayBtn started!
[INFO ] 2024-01-01 10:24:07.171 [TestNG-test=Sprint-9-1] Log - hoverOverPlayBtn passed!
[INFO ] 2024-01-01 10:24:12.695 [TestNG-test=Sprint-9-1] Log - modalCloses started!
[INFO ] 2024-01-01 10:24:17.990 [TestNG-test=Sprint-9-1] Log - modalCloses passed!
[INFO ] 2024-01-01 10:24:23.909 [TestNG-test=Sprint-9-1] Log - recentlyPlayedExists started!
[INFO ] 2024-01-01 10:24:27.617 [TestNG-test=Sprint-9-1] Log - recentlyPlayedExists passed!
[INFO ] 2024-01-01 10:24:33.371 [TestNG-test=Sprint-9-1] Log - createPlaylist started!
[INFO ] 2024-01-01 10:24:39.436 [TestNG-test=Sprint-9-1] Log - createPlaylist passed!
[INFO ] 2024-01-01 10:24:45.212 [TestNG-test=Sprint-9-1] Log - addSongToPlaylist started!
[ERROR] 2024-01-01 10:25:34.707 [TestNG-test=Sprint-9-1] Log - addSongToPlaylist failed!
[INFO ] 2024-01-01 10:25:35.716 [TestNG-test=Sprint-9-1] Log - screen shot taken for failed test addSongToPlaylist
[INFO ] 2024-01-01 10:25:35.720 [TestNG-test=Sprint-9-1] Log - deleteAllPlaylists started!
[WARN ] 2024-01-01 10:25:35.720 [TestNG-test=Sprint-9-1] Log - deleteAllPlaylists skipped
[INFO ] 2024-01-01 10:25:35.722 [Test worker] Log - Extent Reports for Koel Automation Test Suite ending!
[INFO ] 2024-01-01 10:28:34.804 [Test worker] Log - Extent Reports for Koel Automation Test Suite started!
[INFO ] 2024-01-01 10:28:34.808 [Test worker] Log - Extent Reports for Koel Automation Test Suite ending!
[INFO ] 2024-01-01 10:28:34.950 [Test worker] Log - Extent Reports for Koel Automation Test Suite started!
[INFO ] 2024-01-01 10:28:41.090 [TestNG-test=Sprint-9-1] Log - checkRASongsOnHover started!
[INFO ] 2024-01-01 10:28:45.561 [TestNG-test=Sprint-9-1] Log - checkRASongsOnHover passed!
[INFO ] 2024-01-01 10:28:45.798 [TestNG-test=Sprint-9-1] Log - checkRecentlyAdded started!
[WARN ] 2024-01-01 10:28:45.799 [TestNG-test=Sprint-9-1] Log - checkRecentlyAdded skipped
[INFO ] 2024-01-01 10:28:45.802 [TestNG-test=Sprint-9-1] Log - clickAboutLink started!
[WARN ] 2024-01-01 10:28:45.802 [TestNG-test=Sprint-9-1] Log - clickAboutLink skipped
[INFO ] 2024-01-01 10:28:45.806 [TestNG-test=Sprint-9-1] Log - hoverOverPlayBtn started!
[WARN ] 2024-01-01 10:28:45.806 [TestNG-test=Sprint-9-1] Log - hoverOverPlayBtn skipped
[INFO ] 2024-01-01 10:28:45.808 [TestNG-test=Sprint-9-1] Log - modalCloses started!
[WARN ] 2024-01-01 10:28:45.809 [TestNG-test=Sprint-9-1] Log - modalCloses skipped
[INFO ] 2024-01-01 10:28:45.812 [TestNG-test=Sprint-9-1] Log - recentlyPlayedExists started!
[WARN ] 2024-01-01 10:28:45.812 [TestNG-test=Sprint-9-1] Log - recentlyPlayedExists skipped
[INFO ] 2024-01-01 10:28:45.815 [TestNG-test=Sprint-9-1] Log - createPlaylist started!
[WARN ] 2024-01-01 10:28:45.816 [TestNG-test=Sprint-9-1] Log - createPlaylist skipped
[INFO ] 2024-01-01 10:28:45.821 [TestNG-test=Sprint-9-1] Log - addSongToPlaylist started!
[WARN ] 2024-01-01 10:28:45.822 [TestNG-test=Sprint-9-1] Log - addSongToPlaylist skipped
[INFO ] 2024-01-01 10:28:45.824 [Test worker] Log - Extent Reports for Koel Automation Test Suite ending!
[INFO ] 2024-01-01 10:32:12.812 [Test worker] Log - Extent Reports for Koel Automation Test Suite started!
[INFO ] 2024-01-01 10:32:12.815 [Test worker] Log - Extent Reports for Koel Automation Test Suite ending!
[INFO ] 2024-01-01 10:32:12.962 [Test worker] Log - Extent Reports for Koel Automation Test Suite started!
[INFO ] 2024-01-01 10:32:21.809 [TestNG-test=Sprint-9-1] Log - checkRASongsOnHover started!
[INFO ] 2024-01-01 10:32:26.902 [TestNG-test=Sprint-9-1] Log - checkRASongsOnHover passed!
[INFO ] 2024-01-01 10:32:32.820 [TestNG-test=Sprint-9-1] Log - checkRecentlyAdded started!
[INFO ] 2024-01-01 10:32:37.942 [TestNG-test=Sprint-9-1] Log - checkRecentlyAdded passed!
[INFO ] 2024-01-01 10:32:44.251 [TestNG-test=Sprint-9-1] Log - clickAboutLink started!
[INFO ] 2024-01-01 10:32:49.728 [TestNG-test=Sprint-9-1] Log - clickAboutLink passed!
[INFO ] 2024-01-01 10:32:55.036 [TestNG-test=Sprint-9-1] Log - hoverOverPlayBtn started!
[INFO ] 2024-01-01 10:32:59.667 [TestNG-test=Sprint-9-1] Log - hoverOverPlayBtn passed!
[INFO ] 2024-01-01 10:33:05.809 [TestNG-test=Sprint-9-1] Log - modalCloses started!
[INFO ] 2024-01-01 10:33:12.139 [TestNG-test=Sprint-9-1] Log - modalCloses passed!
[INFO ] 2024-01-01 10:33:17.933 [TestNG-test=Sprint-9-1] Log - recentlyPlayedExists started!
[INFO ] 2024-01-01 10:33:22.114 [TestNG-test=Sprint-9-1] Log - recentlyPlayedExists passed!
[INFO ] 2024-01-01 10:33:27.664 [TestNG-test=Sprint-9-1] Log - createPlaylist started!
[INFO ] 2024-01-01 10:33:34.386 [TestNG-test=Sprint-9-1] Log - createPlaylist passed!
[INFO ] 2024-01-01 10:33:40.182 [TestNG-test=Sprint-9-1] Log - addSongToPlaylist started!
[INFO ] 2024-01-01 10:33:48.625 [TestNG-test=Sprint-9-1] Log - addSongToPlaylist passed!
[INFO ] 2024-01-01 10:33:48.884 [Test worker] Log - Extent Reports for Koel Automation Test Suite ending!
[INFO ] 2024-01-01 10:34:32.025 [Test worker] Log - Extent Reports for Koel Automation Test Suite started!
[INFO ] 2024-01-01 10:34:32.029 [Test worker] Log - Extent Reports for Koel Automation Test Suite ending!
[INFO ] 2024-01-01 10:34:32.176 [Test worker] Log - Extent Reports for Koel Automation Test Suite started!
[INFO ] 2024-01-01 10:34:37.777 [TestNG-test=Sprint-9-1] Log - checkRASongsOnHover started!
[INFO ] 2024-01-01 10:34:42.548 [TestNG-test=Sprint-9-1] Log - checkRASongsOnHover passed!
[INFO ] 2024-01-01 10:34:47.689 [TestNG-test=Sprint-9-1] Log - checkRecentlyAdded started!
[INFO ] 2024-01-01 10:34:52.857 [TestNG-test=Sprint-9-1] Log - checkRecentlyAdded passed!
[INFO ] 2024-01-01 10:34:59.478 [TestNG-test=Sprint-9-1] Log - clickAboutLink started!
[INFO ] 2024-01-01 10:36:50.985 [Test worker] Log - Extent Reports for Koel Automation Test Suite started!
[INFO ] 2024-01-01 10:36:50.989 [Test worker] Log - Extent Reports for Koel Automation Test Suite ending!
[INFO ] 2024-01-01 10:36:51.130 [Test worker] Log - Extent Reports for Koel Automation Test Suite started!
[INFO ] 2024-01-01 10:37:00.506 [TestNG-test=Sprint-9-1] Log - checkRASongsOnHover started!
[INFO ] 2024-01-01 10:37:04.875 [TestNG-test=Sprint-9-1] Log - checkRASongsOnHover passed!
[INFO ] 2024-01-01 10:37:09.809 [TestNG-test=Sprint-9-1] Log - checkRecentlyAdded started!
[INFO ] 2024-01-01 10:37:13.794 [TestNG-test=Sprint-9-1] Log - checkRecentlyAdded passed!
[INFO ] 2024-01-01 10:37:18.519 [TestNG-test=Sprint-9-1] Log - clickAboutLink started!
[INFO ] 2024-01-01 10:37:22.567 [TestNG-test=Sprint-9-1] Log - clickAboutLink passed!
[INFO ] 2024-01-01 10:37:26.884 [TestNG-test=Sprint-9-1] Log - hoverOverPlayBtn started!
[INFO ] 2024-01-01 10:37:30.329 [TestNG-test=Sprint-9-1] Log - hoverOverPlayBtn passed!
[INFO ] 2024-01-01 10:37:35.099 [TestNG-test=Sprint-9-1] Log - modalCloses started!
[INFO ] 2024-01-01 10:37:39.794 [TestNG-test=Sprint-9-1] Log - modalCloses passed!
[INFO ] 2024-01-01 10:37:45.080 [TestNG-test=Sprint-9-1] Log - recentlyPlayedExists started!
[INFO ] 2024-01-01 10:37:48.424 [TestNG-test=Sprint-9-1] Log - recentlyPlayedExists passed!
[INFO ] 2024-01-01 10:37:52.601 [TestNG-test=Sprint-9-1] Log - createPlaylist started!
[INFO ] 2024-01-01 10:37:58.006 [TestNG-test=Sprint-9-1] Log - createPlaylist passed!
[INFO ] 2024-01-01 10:38:02.852 [TestNG-test=Sprint-9-1] Log - addSongToPlaylist started!
[ERROR] 2024-01-01 10:39:10.614 [TestNG-test=Sprint-9-1] Log - addSongToPlaylist failed!
[INFO ] 2024-01-01 10:39:11.186 [TestNG-test=Sprint-9-1] Log - screen shot taken for failed test addSongToPlaylist
[INFO ] 2024-01-01 10:39:11.603 [TestNG-test=Sprint-9-1] Log - deleteAllPlaylists started!
[WARN ] 2024-01-01 10:39:11.603 [TestNG-test=Sprint-9-1] Log - deleteAllPlaylists skipped
[INFO ] 2024-01-01 10:39:11.604 [Test worker] Log - Extent Reports for Koel Automation Test Suite ending!
[INFO ] 2024-01-01 10:41:02.267 [Test worker] Log - Extent Reports for Koel Automation Test Suite started!
[INFO ] 2024-01-01 10:41:02.271 [Test worker] Log - Extent Reports for Koel Automation Test Suite ending!
[INFO ] 2024-01-01 10:41:02.412 [Test worker] Log - Extent Reports for Koel Automation Test Suite started!
[INFO ] 2024-01-01 10:41:06.761 [TestNG-test=Sprint-9-1] Log - deleteAllPlaylists started!
[ERROR] 2024-01-01 10:41:30.772 [TestNG-test=Sprint-9-1] Log - deleteAllPlaylists failed!
[INFO ] 2024-01-01 10:41:31.515 [TestNG-test=Sprint-9-1] Log - screen shot taken for failed test deleteAllPlaylists
[INFO ] 2024-01-01 10:41:31.723 [Test worker] Log - Extent Reports for Koel Automation Test Suite ending!
[INFO ] 2024-01-01 10:41:49.397 [Test worker] Log - Extent Reports for Koel Automation Test Suite started!
[INFO ] 2024-01-01 10:41:49.401 [Test worker] Log - Extent Reports for Koel Automation Test Suite ending!
[INFO ] 2024-01-01 10:41:49.536 [Test worker] Log - Extent Reports for Koel Automation Test Suite started!
[INFO ] 2024-01-01 10:41:54.844 [TestNG-test=Sprint-9-1] Log - deleteAllPlaylists started!
[ERROR] 2024-01-01 10:42:18.923 [TestNG-test=Sprint-9-1] Log - deleteAllPlaylists failed!
[INFO ] 2024-01-01 10:42:19.569 [TestNG-test=Sprint-9-1] Log - screen shot taken for failed test deleteAllPlaylists
[INFO ] 2024-01-01 10:42:19.762 [Test worker] Log - Extent Reports for Koel Automation Test Suite ending!
[INFO ] 2024-01-01 10:45:31.809 [Test worker] Log - Extent Reports for Koel Automation Test Suite started!
[INFO ] 2024-01-01 10:45:31.813 [Test worker] Log - Extent Reports for Koel Automation Test Suite ending!
[INFO ] 2024-01-01 10:45:31.955 [Test worker] Log - Extent Reports for Koel Automation Test Suite started!
[INFO ] 2024-01-01 10:45:37.092 [TestNG-test=Sprint-9-1] Log - deleteAllPlaylists started!
[ERROR] 2024-01-01 10:46:04.238 [TestNG-test=Sprint-9-1] Log - deleteAllPlaylists failed!
[INFO ] 2024-01-01 10:46:04.854 [TestNG-test=Sprint-9-1] Log - screen shot taken for failed test deleteAllPlaylists
[INFO ] 2024-01-01 10:46:05.068 [Test worker] Log - Extent Reports for Koel Automation Test Suite ending!
[INFO ] 2024-01-01 10:47:16.182 [Test worker] Log - Extent Reports for Koel Automation Test Suite started!
[INFO ] 2024-01-01 10:47:16.186 [Test worker] Log - Extent Reports for Koel Automation Test Suite ending!
[INFO ] 2024-01-01 10:47:16.324 [Test worker] Log - Extent Reports for Koel Automation Test Suite started!
[INFO ] 2024-01-01 10:47:21.966 [TestNG-test=Sprint-9-1] Log - deleteAllPlaylists started!
[ERROR] 2024-01-01 10:47:46.130 [TestNG-test=Sprint-9-1] Log - deleteAllPlaylists failed!
[INFO ] 2024-01-01 10:47:46.960 [TestNG-test=Sprint-9-1] Log - screen shot taken for failed test deleteAllPlaylists
[INFO ] 2024-01-01 10:47:47.559 [Test worker] Log - Extent Reports for Koel Automation Test Suite ending!
[INFO ] 2024-01-01 10:48:59.554 [Test worker] Log - Extent Reports for Koel Automation Test Suite started!
[INFO ] 2024-01-01 10:48:59.558 [Test worker] Log - Extent Reports for Koel Automation Test Suite ending!
[INFO ] 2024-01-01 10:48:59.698 [Test worker] Log - Extent Reports for Koel Automation Test Suite started!
[INFO ] 2024-01-01 10:49:04.421 [TestNG-test=Sprint-9-1] Log - deleteAllPlaylists started!
[ERROR] 2024-01-01 10:50:17.332 [TestNG-test=Sprint-9-1] Log - deleteAllPlaylists failed!
[INFO ] 2024-01-01 10:50:18.078 [TestNG-test=Sprint-9-1] Log - screen shot taken for failed test deleteAllPlaylists
[INFO ] 2024-01-01 10:50:18.301 [Test worker] Log - Extent Reports for Koel Automation Test Suite ending!
[INFO ] 2024-01-01 10:54:30.206 [Test worker] Log - Extent Reports for Koel Automation Test Suite started!
[INFO ] 2024-01-01 10:54:30.210 [Test worker] Log - Extent Reports for Koel Automation Test Suite ending!
[INFO ] 2024-01-01 10:54:30.358 [Test worker] Log - Extent Reports for Koel Automation Test Suite started!
[INFO ] 2024-01-01 10:54:35.713 [TestNG-test=Sprint-9-1] Log - deleteAllPlaylists started!
[ERROR] 2024-01-01 10:55:49.796 [TestNG-test=Sprint-9-1] Log - deleteAllPlaylists failed!
[INFO ] 2024-01-01 10:55:50.392 [TestNG-test=Sprint-9-1] Log - screen shot taken for failed test deleteAllPlaylists
[INFO ] 2024-01-01 10:55:50.620 [Test worker] Log - Extent Reports for Koel Automation Test Suite ending!
[INFO ] 2024-01-01 10:57:33.390 [Test worker] Log - Extent Reports for Koel Automation Test Suite started!
[INFO ] 2024-01-01 10:57:33.394 [Test worker] Log - Extent Reports for Koel Automation Test Suite ending!
[INFO ] 2024-01-01 10:57:33.544 [Test worker] Log - Extent Reports for Koel Automation Test Suite started!
[INFO ] 2024-01-01 10:57:38.422 [TestNG-test=Sprint-9-1] Log - deleteAllPlaylists started!
[ERROR] 2024-01-01 10:58:02.714 [TestNG-test=Sprint-9-1] Log - deleteAllPlaylists failed!
[INFO ] 2024-01-01 10:58:03.573 [TestNG-test=Sprint-9-1] Log - screen shot taken for failed test deleteAllPlaylists
[INFO ] 2024-01-01 10:58:03.844 [Test worker] Log - Extent Reports for Koel Automation Test Suite ending!
[INFO ] 2024-01-01 10:59:06.442 [Test worker] Log - Extent Reports for Koel Automation Test Suite started!
[INFO ] 2024-01-01 10:59:06.446 [Test worker] Log - Extent Reports for Koel Automation Test Suite ending!
[INFO ] 2024-01-01 10:59:06.589 [Test worker] Log - Extent Reports for Koel Automation Test Suite started!
[INFO ] 2024-01-01 10:59:11.568 [TestNG-test=Sprint-9-1] Log - deleteAllPlaylists started!
[ERROR] 2024-01-01 10:59:35.906 [TestNG-test=Sprint-9-1] Log - deleteAllPlaylists failed!
[INFO ] 2024-01-01 10:59:37.223 [TestNG-test=Sprint-9-1] Log - screen shot taken for failed test deleteAllPlaylists
[INFO ] 2024-01-01 10:59:37.476 [Test worker] Log - Extent Reports for Koel Automation Test Suite ending!
[INFO ] 2024-01-01 11:01:19.215 [Test worker] Log - Extent Reports for Koel Automation Test Suite started!
[INFO ] 2024-01-01 11:01:19.218 [Test worker] Log - Extent Reports for Koel Automation Test Suite ending!
[INFO ] 2024-01-01 11:01:19.358 [Test worker] Log - Extent Reports for Koel Automation Test Suite started!
[INFO ] 2024-01-01 11:01:24.775 [TestNG-test=Sprint-9-1] Log - deleteAllPlaylists started!
[ERROR] 2024-01-01 11:02:07.229 [TestNG-test=Sprint-9-1] Log - deleteAllPlaylists failed!
[INFO ] 2024-01-01 11:02:08.016 [TestNG-test=Sprint-9-1] Log - screen shot taken for failed test deleteAllPlaylists
[INFO ] 2024-01-01 11:02:08.393 [Test worker] Log - Extent Reports for Koel Automation Test Suite ending!
[INFO ] 2024-01-01 11:07:18.162 [Test worker] Log - Extent Reports for Koel Automation Test Suite started!
[INFO ] 2024-01-01 11:07:18.165 [Test worker] Log - Extent Reports for Koel Automation Test Suite ending!
[INFO ] 2024-01-01 11:07:18.302 [Test worker] Log - Extent Reports for Koel Automation Test Suite started!
[INFO ] 2024-01-01 11:07:23.459 [TestNG-test=Sprint-9-1] Log - deleteAllPlaylists started!
[INFO ] 2024-01-01 11:08:51.457 [TestNG-test=Sprint-9-1] Log - deleteAllPlaylists passed!
[INFO ] 2024-01-01 11:08:51.825 [Test worker] Log - Extent Reports for Koel Automation Test Suite ending!
[INFO ] 2024-01-01 14:13:28.904 [Test worker] Log - Extent Reports for Koel Automation Test Suite started!
[INFO ] 2024-01-01 14:13:28.907 [Test worker] Log - Extent Reports for Koel Automation Test Suite ending!
[INFO ] 2024-01-01 14:13:29.047 [Test worker] Log - Extent Reports for Koel Automation Test Suite started!
[INFO ] 2024-01-01 14:13:34.133 [TestNG-test=Sprint-9-1] Log - hoverOverPlayBtn started!
[INFO ] 2024-01-01 14:13:37.251 [TestNG-test=Sprint-9-1] Log - hoverOverPlayBtn passed!
[INFO ] 2024-01-01 14:13:37.418 [Test worker] Log - Extent Reports for Koel Automation Test Suite ending!
[INFO ] 2024-01-01 14:22:53.721 [Test worker] Log - Extent Reports for Koel Automation Test Suite started!
[INFO ] 2024-01-01 14:22:53.725 [Test worker] Log - Extent Reports for Koel Automation Test Suite ending!
[INFO ] 2024-01-01 14:22:53.867 [Test worker] Log - Extent Reports for Koel Automation Test Suite started!
[INFO ] 2024-01-01 14:22:59.427 [TestNG-test=Sprint-9-1] Log - hoverOverPlayBtn started!
[INFO ] 2024-01-01 14:23:02.634 [TestNG-test=Sprint-9-1] Log - hoverOverPlayBtn passed!
[INFO ] 2024-01-01 14:23:02.820 [Test worker] Log - Extent Reports for Koel Automation Test Suite ending!
[INFO ] 2024-01-01 19:51:40.134 [Test worker] Log - Extent Reports for Koel Automation Test Suite started!
[INFO ] 2024-01-01 19:51:40.138 [Test worker] Log - Extent Reports for Koel Automation Test Suite ending!
[INFO ] 2024-01-01 19:51:40.284 [TestNG-tests-1] Log - Extent Reports for Koel Automation Test Suite started!
[INFO ] 2024-01-01 19:51:51.725 [TestNG-tests-1] Log - checkRASongsOnHover started!
[INFO ] 2024-01-01 19:51:55.651 [TestNG-tests-1] Log - checkRASongsOnHover passed!
[INFO ] 2024-01-01 19:52:00.866 [TestNG-tests-1] Log - checkRecentlyAdded started!
[INFO ] 2024-01-01 19:52:04.674 [TestNG-tests-1] Log - checkRecentlyAdded passed!
[INFO ] 2024-01-01 19:52:09.311 [TestNG-tests-1] Log - clickAboutLink started!
[INFO ] 2024-01-01 19:52:13.677 [TestNG-tests-1] Log - clickAboutLink passed!
[INFO ] 2024-01-01 19:52:19.149 [TestNG-tests-1] Log - hoverOverPlayBtn started!
[INFO ] 2024-01-01 19:52:22.858 [TestNG-tests-1] Log - hoverOverPlayBtn passed!
[INFO ] 2024-01-01 19:52:27.658 [TestNG-tests-1] Log - modalCloses started!
[ERROR] 2024-01-01 19:52:31.639 [TestNG-tests-1] Log - modalCloses failed!
[INFO ] 2024-01-01 19:52:32.403 [TestNG-tests-1] Log - screen shot taken for failed test modalCloses
[INFO ] 2024-01-01 19:52:38.002 [TestNG-tests-1] Log - recentlyPlayedExists started!
[INFO ] 2024-01-01 19:52:41.755 [TestNG-tests-1] Log - recentlyPlayedExists passed!
[INFO ] 2024-01-01 19:52:47.716 [TestNG-tests-1] Log - createPlaylist started!
[INFO ] 2024-01-01 19:52:53.259 [TestNG-tests-1] Log - createPlaylist passed!
[INFO ] 2024-01-01 19:52:58.629 [TestNG-tests-1] Log - addSongToPlaylist started!
[INFO ] 2024-01-01 19:53:05.714 [TestNG-tests-1] Log - addSongToPlaylist passed!
[INFO ] 2024-01-01 19:53:10.991 [TestNG-tests-1] Log - deleteAllPlaylists started!
[ERROR] 2024-01-01 19:53:25.082 [TestNG-tests-1] Log - deleteAllPlaylists failed!
[INFO ] 2024-01-01 19:53:25.906 [TestNG-tests-1] Log - screen shot taken for failed test deleteAllPlaylists
[INFO ] 2024-01-01 19:53:26.125 [TestNG-tests-1] Log - Extent Reports for Koel Automation Test Suite ending!
[INFO ] 2024-01-01 19:54:36.562 [Test worker] Log - Extent Reports for Koel Automation Test Suite started!
[INFO ] 2024-01-01 19:54:36.566 [Test worker] Log - Extent Reports for Koel Automation Test Suite ending!
[INFO ] 2024-01-01 19:54:36.709 [TestNG-tests-1] Log - Extent Reports for Koel Automation Test Suite started!
[INFO ] 2024-01-01 19:54:42.946 [TestNG-tests-1] Log - checkRASongsOnHover started!
[INFO ] 2024-01-01 19:54:47.076 [TestNG-tests-1] Log - checkRASongsOnHover passed!
[INFO ] 2024-01-01 19:54:52.523 [TestNG-tests-1] Log - checkRecentlyAdded started!
[INFO ] 2024-01-01 19:54:56.498 [TestNG-tests-1] Log - checkRecentlyAdded passed!
[INFO ] 2024-01-01 19:55:01.617 [TestNG-tests-1] Log - clickAboutLink started!
[INFO ] 2024-01-01 19:55:05.634 [TestNG-tests-1] Log - clickAboutLink passed!
[INFO ] 2024-01-01 19:55:11.190 [TestNG-tests-1] Log - hoverOverPlayBtn started!
[INFO ] 2024-01-01 19:55:14.611 [TestNG-tests-1] Log - hoverOverPlayBtn passed!
[INFO ] 2024-01-01 19:55:19.741 [TestNG-tests-1] Log - modalCloses started!
[ERROR] 2024-01-01 19:55:23.653 [TestNG-tests-1] Log - modalCloses failed!
[INFO ] 2024-01-01 19:55:24.339 [TestNG-tests-1] Log - screen shot taken for failed test modalCloses
[INFO ] 2024-01-01 19:55:31.206 [TestNG-tests-1] Log - recentlyPlayedExists started!
[INFO ] 2024-01-01 19:55:34.501 [TestNG-tests-1] Log - recentlyPlayedExists passed!
[INFO ] 2024-01-01 19:55:39.277 [TestNG-tests-1] Log - createPlaylist started!
[INFO ] 2024-01-01 19:55:43.763 [TestNG-tests-1] Log - createPlaylist passed!
[INFO ] 2024-01-01 19:55:49.082 [TestNG-tests-1] Log - addSongToPlaylist started!
[ERROR] 2024-01-01 19:56:56.272 [TestNG-tests-1] Log - addSongToPlaylist failed!
[INFO ] 2024-01-01 19:56:56.841 [TestNG-tests-1] Log - screen shot taken for failed test addSongToPlaylist
[INFO ] 2024-01-01 19:57:02.202 [TestNG-tests-1] Log - deleteAllPlaylists started!
[ERROR] 2024-01-01 19:57:16.234 [TestNG-tests-1] Log - deleteAllPlaylists failed!
[INFO ] 2024-01-01 19:57:17.023 [TestNG-tests-1] Log - screen shot taken for failed test deleteAllPlaylists
[INFO ] 2024-01-01 19:57:17.218 [TestNG-tests-1] Log - Extent Reports for Koel Automation Test Suite ending!
[INFO ] 2024-01-01 20:00:09.612 [Test worker] Log - Extent Reports for Koel Automation Test Suite started!
[INFO ] 2024-01-01 20:00:09.616 [Test worker] Log - Extent Reports for Koel Automation Test Suite ending!
[INFO ] 2024-01-01 20:00:09.755 [TestNG-tests-1] Log - Extent Reports for Koel Automation Test Suite started!
[INFO ] 2024-01-01 20:00:14.864 [TestNG-tests-1] Log - modalCloses started!
[ERROR] 2024-01-01 20:00:18.405 [TestNG-tests-1] Log - modalCloses failed!
[INFO ] 2024-01-01 20:00:18.976 [TestNG-tests-1] Log - screen shot taken for failed test modalCloses
[INFO ] 2024-01-01 20:00:19.186 [TestNG-tests-1] Log - Extent Reports for Koel Automation Test Suite ending!
[INFO ] 2024-01-01 20:01:50.382 [Test worker] Log - Extent Reports for Koel Automation Test Suite started!
[INFO ] 2024-01-01 20:01:50.386 [Test worker] Log - Extent Reports for Koel Automation Test Suite ending!
[INFO ] 2024-01-01 20:01:50.520 [TestNG-tests-1] Log - Extent Reports for Koel Automation Test Suite started!
[INFO ] 2024-01-01 20:01:56.074 [TestNG-tests-1] Log - modalCloses started!
[ERROR] 2024-01-01 20:02:00.192 [TestNG-tests-1] Log - modalCloses failed!
[INFO ] 2024-01-01 20:02:00.862 [TestNG-tests-1] Log - screen shot taken for failed test modalCloses
[INFO ] 2024-01-01 20:02:01.071 [TestNG-tests-1] Log - Extent Reports for Koel Automation Test Suite ending!
[INFO ] 2024-01-01 20:02:55.802 [Test worker] Log - Extent Reports for Koel Automation Test Suite started!
[INFO ] 2024-01-01 20:02:55.806 [Test worker] Log - Extent Reports for Koel Automation Test Suite ending!
[INFO ] 2024-01-01 20:02:55.945 [TestNG-tests-1] Log - Extent Reports for Koel Automation Test Suite started!
[INFO ] 2024-01-01 20:03:02.074 [TestNG-tests-1] Log - modalCloses started!
[ERROR] 2024-01-01 20:03:05.204 [TestNG-tests-1] Log - modalCloses failed!
[INFO ] 2024-01-01 20:03:05.845 [TestNG-tests-1] Log - screen shot taken for failed test modalCloses
[INFO ] 2024-01-01 20:03:06.017 [TestNG-tests-1] Log - Extent Reports for Koel Automation Test Suite ending!
[INFO ] 2024-01-01 20:05:15.390 [Test worker] Log - Extent Reports for Koel Automation Test Suite started!
[INFO ] 2024-01-01 20:05:15.394 [Test worker] Log - Extent Reports for Koel Automation Test Suite ending!
[INFO ] 2024-01-01 20:05:15.536 [TestNG-tests-1] Log - Extent Reports for Koel Automation Test Suite started!
[INFO ] 2024-01-01 20:05:20.877 [TestNG-tests-1] Log - modalCloses started!
[INFO ] 2024-01-01 20:05:25.487 [TestNG-tests-1] Log - modalCloses passed!
[INFO ] 2024-01-01 20:05:25.702 [TestNG-tests-1] Log - Extent Reports for Koel Automation Test Suite ending!
[INFO ] 2024-01-01 20:06:03.055 [Test worker] Log - Extent Reports for Koel Automation Test Suite started!
[INFO ] 2024-01-01 20:06:03.058 [Test worker] Log - Extent Reports for Koel Automation Test Suite ending!
[INFO ] 2024-01-01 20:06:03.205 [TestNG-tests-1] Log - Extent Reports for Koel Automation Test Suite started!
[INFO ] 2024-01-01 20:06:08.564 [TestNG-tests-1] Log - modalCloses started!
[INFO ] 2024-01-01 20:06:13.213 [TestNG-tests-1] Log - modalCloses passed!
[INFO ] 2024-01-01 20:06:13.400 [TestNG-tests-1] Log - Extent Reports for Koel Automation Test Suite ending!
[INFO ] 2024-01-01 20:07:33.735 [Test worker] Log - Extent Reports for Koel Automation Test Suite started!
[INFO ] 2024-01-01 20:07:33.739 [Test worker] Log - Extent Reports for Koel Automation Test Suite ending!
[INFO ] 2024-01-01 20:07:33.882 [TestNG-tests-1] Log - Extent Reports for Koel Automation Test Suite started!
[INFO ] 2024-01-01 20:07:39.096 [TestNG-tests-1] Log - modalCloses started!
[INFO ] 2024-01-01 20:07:43.556 [TestNG-tests-1] Log - modalCloses passed!
[INFO ] 2024-01-01 20:07:43.785 [TestNG-tests-1] Log - Extent Reports for Koel Automation Test Suite ending!
[INFO ] 2024-01-01 20:08:15.757 [Test worker] Log - Extent Reports for Koel Automation Test Suite started!
[INFO ] 2024-01-01 20:08:15.760 [Test worker] Log - Extent Reports for Koel Automation Test Suite ending!
[INFO ] 2024-01-01 20:08:15.897 [TestNG-tests-1] Log - Extent Reports for Koel Automation Test Suite started!
[INFO ] 2024-01-01 20:08:21.035 [TestNG-tests-1] Log - deleteAllPlaylists started!
[ERROR] 2024-01-01 20:08:34.839 [TestNG-tests-1] Log - deleteAllPlaylists failed!
[INFO ] 2024-01-01 20:08:35.714 [TestNG-tests-1] Log - screen shot taken for failed test deleteAllPlaylists
[INFO ] 2024-01-01 20:08:35.885 [TestNG-tests-1] Log - Extent Reports for Koel Automation Test Suite ending!
[INFO ] 2024-01-01 20:11:38.688 [Test worker] Log - Extent Reports for Koel Automation Test Suite started!
[INFO ] 2024-01-01 20:11:38.692 [Test worker] Log - Extent Reports for Koel Automation Test Suite ending!
[INFO ] 2024-01-01 20:11:38.858 [TestNG-tests-1] Log - Extent Reports for Koel Automation Test Suite started!
[INFO ] 2024-01-01 20:11:43.920 [TestNG-tests-1] Log - deleteAllPlaylists started!
[ERROR] 2024-01-01 20:12:09.196 [TestNG-tests-1] Log - deleteAllPlaylists failed!
[INFO ] 2024-01-01 20:12:09.764 [TestNG-tests-1] Log - screen shot taken for failed test deleteAllPlaylists
[INFO ] 2024-01-01 20:12:09.966 [TestNG-tests-1] Log - Extent Reports for Koel Automation Test Suite ending!
[INFO ] 2024-01-01 20:13:02.699 [Test worker] Log - Extent Reports for Koel Automation Test Suite started!
[INFO ] 2024-01-01 20:13:02.703 [Test worker] Log - Extent Reports for Koel Automation Test Suite ending!
[INFO ] 2024-01-01 20:13:02.847 [TestNG-tests-1] Log - Extent Reports for Koel Automation Test Suite started!
[INFO ] 2024-01-01 20:13:07.852 [TestNG-tests-1] Log - deleteAllPlaylists started!
[ERROR] 2024-01-01 20:13:33.236 [TestNG-tests-1] Log - deleteAllPlaylists failed!
[INFO ] 2024-01-01 20:13:33.896 [TestNG-tests-1] Log - screen shot taken for failed test deleteAllPlaylists
[INFO ] 2024-01-01 20:13:34.118 [TestNG-tests-1] Log - Extent Reports for Koel Automation Test Suite ending!
[INFO ] 2024-01-01 20:15:58.636 [Test worker] Log - Extent Reports for Koel Automation Test Suite started!
[INFO ] 2024-01-01 20:15:58.639 [Test worker] Log - Extent Reports for Koel Automation Test Suite ending!
[INFO ] 2024-01-01 20:15:58.818 [TestNG-tests-1] Log - Extent Reports for Koel Automation Test Suite started!
[INFO ] 2024-01-01 20:16:03.842 [TestNG-tests-1] Log - deleteAllPlaylists started!
[ERROR] 2024-01-01 20:16:29.403 [TestNG-tests-1] Log - deleteAllPlaylists failed!
[INFO ] 2024-01-01 20:16:30.108 [TestNG-tests-1] Log - screen shot taken for failed test deleteAllPlaylists
[INFO ] 2024-01-01 20:16:30.348 [TestNG-tests-1] Log - Extent Reports for Koel Automation Test Suite ending!
[INFO ] 2024-01-01 20:18:20.975 [Test worker] Log - Extent Reports for Koel Automation Test Suite started!
[INFO ] 2024-01-01 20:18:20.979 [Test worker] Log - Extent Reports for Koel Automation Test Suite ending!
[INFO ] 2024-01-01 20:18:21.118 [TestNG-tests-1] Log - Extent Reports for Koel Automation Test Suite started!
[INFO ] 2024-01-01 20:18:27.247 [TestNG-tests-1] Log - deleteAllPlaylists started!
[ERROR] 2024-01-01 20:18:52.860 [TestNG-tests-1] Log - deleteAllPlaylists failed!
[INFO ] 2024-01-01 20:18:53.469 [TestNG-tests-1] Log - screen shot taken for failed test deleteAllPlaylists
[INFO ] 2024-01-01 20:18:53.649 [TestNG-tests-1] Log - Extent Reports for Koel Automation Test Suite ending!
[INFO ] 2024-01-01 20:21:03.483 [Test worker] Log - Extent Reports for Koel Automation Test Suite started!
[INFO ] 2024-01-01 20:21:03.487 [Test worker] Log - Extent Reports for Koel Automation Test Suite ending!
[INFO ] 2024-01-01 20:21:03.623 [TestNG-tests-1] Log - Extent Reports for Koel Automation Test Suite started!
[INFO ] 2024-01-01 20:21:09.071 [TestNG-tests-1] Log - deleteAllPlaylists started!
[ERROR] 2024-01-01 20:21:53.366 [TestNG-tests-1] Log - deleteAllPlaylists failed!
[INFO ] 2024-01-01 20:21:53.977 [TestNG-tests-1] Log - screen shot taken for failed test deleteAllPlaylists
[INFO ] 2024-01-01 20:21:54.279 [TestNG-tests-1] Log - Extent Reports for Koel Automation Test Suite ending!
[INFO ] 2024-01-01 20:24:33.447 [Test worker] Log - Extent Reports for Koel Automation Test Suite started!
[INFO ] 2024-01-01 20:24:33.451 [Test worker] Log - Extent Reports for Koel Automation Test Suite ending!
[INFO ] 2024-01-01 20:24:33.598 [TestNG-tests-1] Log - Extent Reports for Koel Automation Test Suite started!
[INFO ] 2024-01-01 20:24:39.530 [TestNG-tests-1] Log - deleteAllPlaylists started!
[ERROR] 2024-01-01 20:24:55.874 [TestNG-tests-1] Log - deleteAllPlaylists failed!
[INFO ] 2024-01-01 20:24:56.799 [TestNG-tests-1] Log - screen shot taken for failed test deleteAllPlaylists
[INFO ] 2024-01-01 20:24:56.969 [TestNG-tests-1] Log - Extent Reports for Koel Automation Test Suite ending!
[INFO ] 2024-01-01 20:31:21.148 [Test worker] Log - Extent Reports for Koel Automation Test Suite started!
[INFO ] 2024-01-01 20:31:21.152 [Test worker] Log - Extent Reports for Koel Automation Test Suite ending!
[INFO ] 2024-01-01 20:31:21.294 [TestNG-tests-1] Log - Extent Reports for Koel Automation Test Suite started!
[INFO ] 2024-01-01 20:31:26.812 [TestNG-tests-1] Log - deleteAllPlaylists started!
[ERROR] 2024-01-01 20:31:50.661 [TestNG-tests-1] Log - deleteAllPlaylists failed!
[INFO ] 2024-01-01 20:31:51.481 [TestNG-tests-1] Log - screen shot taken for failed test deleteAllPlaylists
[INFO ] 2024-01-01 20:31:51.715 [TestNG-tests-1] Log - Extent Reports for Koel Automation Test Suite ending!
[INFO ] 2024-01-01 20:32:49.303 [Test worker] Log - Extent Reports for Koel Automation Test Suite started!
[INFO ] 2024-01-01 20:32:49.308 [Test worker] Log - Extent Reports for Koel Automation Test Suite ending!
[INFO ] 2024-01-01 20:32:49.473 [TestNG-tests-1] Log - Extent Reports for Koel Automation Test Suite started!
[INFO ] 2024-01-01 20:32:54.828 [TestNG-tests-1] Log - deleteAllPlaylists started!
[ERROR] 2024-01-01 20:34:10.359 [TestNG-tests-1] Log - deleteAllPlaylists failed!
[INFO ] 2024-01-01 20:34:10.940 [TestNG-tests-1] Log - screen shot taken for failed test deleteAllPlaylists
[INFO ] 2024-01-01 20:34:11.235 [TestNG-tests-1] Log - Extent Reports for Koel Automation Test Suite ending!
[INFO ] 2024-01-01 20:36:20.723 [Test worker] Log - Extent Reports for Koel Automation Test Suite started!
[INFO ] 2024-01-01 20:36:20.726 [Test worker] Log - Extent Reports for Koel Automation Test Suite ending!
[INFO ] 2024-01-01 20:36:20.871 [TestNG-tests-1] Log - Extent Reports for Koel Automation Test Suite started!
[INFO ] 2024-01-01 20:36:26.804 [TestNG-tests-1] Log - deleteAllPlaylists started!
[ERROR] 2024-01-01 20:37:10.855 [TestNG-tests-1] Log - deleteAllPlaylists failed!
[INFO ] 2024-01-01 20:37:11.455 [TestNG-tests-1] Log - screen shot taken for failed test deleteAllPlaylists
[INFO ] 2024-01-01 20:37:11.774 [TestNG-tests-1] Log - Extent Reports for Koel Automation Test Suite ending!
[INFO ] 2024-01-01 20:39:08.685 [Test worker] Log - Extent Reports for Koel Automation Test Suite started!
[INFO ] 2024-01-01 20:39:08.689 [Test worker] Log - Extent Reports for Koel Automation Test Suite ending!
[INFO ] 2024-01-01 20:39:08.826 [TestNG-tests-1] Log - Extent Reports for Koel Automation Test Suite started!
[INFO ] 2024-01-01 20:39:14.376 [TestNG-tests-1] Log - deleteAllPlaylists started!
[ERROR] 2024-01-01 20:39:34.801 [TestNG-tests-1] Log - deleteAllPlaylists failed!
[INFO ] 2024-01-01 20:39:35.519 [TestNG-tests-1] Log - screen shot taken for failed test deleteAllPlaylists
[INFO ] 2024-01-01 20:39:35.735 [TestNG-tests-1] Log - Extent Reports for Koel Automation Test Suite ending!
[INFO ] 2024-01-01 20:40:32.478 [Test worker] Log - Extent Reports for Koel Automation Test Suite started!
[INFO ] 2024-01-01 20:40:32.482 [Test worker] Log - Extent Reports for Koel Automation Test Suite ending!
[INFO ] 2024-01-01 20:40:32.628 [TestNG-tests-1] Log - Extent Reports for Koel Automation Test Suite started!
[INFO ] 2024-01-01 20:40:38.376 [TestNG-tests-1] Log - deleteAllPlaylists started!
[INFO ] 2024-01-01 20:41:24.314 [TestNG-tests-1] Log - deleteAllPlaylists passed!
[INFO ] 2024-01-01 20:41:24.681 [TestNG-tests-1] Log - Extent Reports for Koel Automation Test Suite ending!
[INFO ] 2024-01-01 20:42:20.957 [Test worker] Log - Extent Reports for Koel Automation Test Suite started!
[INFO ] 2024-01-01 20:42:20.961 [Test worker] Log - Extent Reports for Koel Automation Test Suite ending!
[INFO ] 2024-01-01 20:42:21.102 [TestNG-tests-1] Log - Extent Reports for Koel Automation Test Suite started!
[INFO ] 2024-01-01 20:42:26.749 [TestNG-tests-1] Log - checkRASongsOnHover started!
[INFO ] 2024-01-01 20:42:31.027 [TestNG-tests-1] Log - checkRASongsOnHover passed!
[INFO ] 2024-01-01 20:42:36.320 [TestNG-tests-1] Log - checkRecentlyAdded started!
[INFO ] 2024-01-01 20:42:40.690 [TestNG-tests-1] Log - checkRecentlyAdded passed!
[INFO ] 2024-01-01 20:42:46.105 [TestNG-tests-1] Log - clickAboutLink started!
[INFO ] 2024-01-01 20:42:50.053 [TestNG-tests-1] Log - clickAboutLink passed!
[INFO ] 2024-01-01 20:42:56.581 [TestNG-tests-1] Log - hoverOverPlayBtn started!
[INFO ] 2024-01-01 20:43:00.633 [TestNG-tests-1] Log - hoverOverPlayBtn passed!
[INFO ] 2024-01-01 20:43:05.871 [TestNG-tests-1] Log - modalCloses started!
[INFO ] 2024-01-01 20:43:11.044 [TestNG-tests-1] Log - modalCloses passed!
[INFO ] 2024-01-01 20:43:16.119 [TestNG-tests-1] Log - recentlyPlayedExists started!
[INFO ] 2024-01-01 20:43:20.011 [TestNG-tests-1] Log - recentlyPlayedExists passed!
[INFO ] 2024-01-01 20:43:24.325 [TestNG-tests-1] Log - createPlaylist started!
[INFO ] 2024-01-01 20:43:30.895 [TestNG-tests-1] Log - createPlaylist passed!
[INFO ] 2024-01-01 20:43:36.141 [TestNG-tests-1] Log - addSongToPlaylist started!
[INFO ] 2024-01-01 20:43:43.944 [TestNG-tests-1] Log - addSongToPlaylist passed!
[INFO ] 2024-01-01 20:43:48.931 [TestNG-tests-1] Log - deleteAllPlaylists started!
[INFO ] 2024-01-01 20:44:33.442 [TestNG-tests-1] Log - deleteAllPlaylists passed!
[INFO ] 2024-01-01 20:44:33.769 [TestNG-tests-1] Log - Extent Reports for Koel Automation Test Suite ending!
[INFO ] 2024-01-01 21:23:40.213 [Test worker] Log - Extent Reports for Koel Automation Test Suite started!
[INFO ] 2024-01-01 21:23:40.217 [Test worker] Log - Extent Reports for Koel Automation Test Suite ending!
[INFO ] 2024-01-01 21:23:40.401 [TestNG-tests-1] Log - Extent Reports for Koel Automation Test Suite started!
[INFO ] 2024-01-01 21:23:45.273 [TestNG-tests-1] Log - deleteAllPlaylists started!
[ERROR] 2024-01-01 21:24:39.599 [TestNG-tests-1] Log - deleteAllPlaylists failed!
[INFO ] 2024-01-01 21:24:40.278 [TestNG-tests-1] Log - screen shot taken for failed test deleteAllPlaylists
[INFO ] 2024-01-01 21:24:40.450 [TestNG-tests-1] Log - Extent Reports for Koel Automation Test Suite ending!
[INFO ] 2024-01-01 21:26:51.177 [Test worker] Log - Extent Reports for Koel Automation Test Suite started!
[INFO ] 2024-01-01 21:26:51.182 [Test worker] Log - Extent Reports for Koel Automation Test Suite ending!
[INFO ] 2024-01-01 21:26:51.373 [TestNG-tests-1] Log - Extent Reports for Koel Automation Test Suite started!
[INFO ] 2024-01-01 21:26:56.365 [TestNG-tests-1] Log - deleteAllPlaylists started!
[ERROR] 2024-01-01 21:27:38.570 [TestNG-tests-1] Log - deleteAllPlaylists failed!
[INFO ] 2024-01-01 21:27:39.133 [TestNG-tests-1] Log - screen shot taken for failed test deleteAllPlaylists
[INFO ] 2024-01-01 21:27:39.450 [TestNG-tests-1] Log - Extent Reports for Koel Automation Test Suite ending!
[INFO ] 2024-01-01 21:27:55.840 [Test worker] Log - Extent Reports for Koel Automation Test Suite started!
[INFO ] 2024-01-01 21:27:55.843 [Test worker] Log - Extent Reports for Koel Automation Test Suite ending!
[INFO ] 2024-01-01 21:27:55.986 [TestNG-tests-1] Log - Extent Reports for Koel Automation Test Suite started!
[INFO ] 2024-01-01 21:28:00.850 [TestNG-tests-1] Log - deleteAllPlaylists started!
[ERROR] 2024-01-01 21:28:42.867 [TestNG-tests-1] Log - deleteAllPlaylists failed!
[INFO ] 2024-01-01 21:28:43.456 [TestNG-tests-1] Log - screen shot taken for failed test deleteAllPlaylists
[INFO ] 2024-01-01 21:28:43.773 [TestNG-tests-1] Log - Extent Reports for Koel Automation Test Suite ending!
[INFO ] 2024-01-01 21:31:13.560 [Test worker] Log - Extent Reports for Koel Automation Test Suite started!
[INFO ] 2024-01-01 21:31:13.564 [Test worker] Log - Extent Reports for Koel Automation Test Suite ending!
[INFO ] 2024-01-01 21:31:13.717 [TestNG-tests-1] Log - Extent Reports for Koel Automation Test Suite started!
[INFO ] 2024-01-01 21:31:18.642 [TestNG-tests-1] Log - deleteAllPlaylists started!
[ERROR] 2024-01-01 21:31:34.350 [TestNG-tests-1] Log - deleteAllPlaylists failed!
[INFO ] 2024-01-01 21:31:35.309 [TestNG-tests-1] Log - screen shot taken for failed test deleteAllPlaylists
[INFO ] 2024-01-01 21:31:35.512 [TestNG-tests-1] Log - Extent Reports for Koel Automation Test Suite ending!
[INFO ] 2024-01-01 21:34:03.339 [Test worker] Log - Extent Reports for Koel Automation Test Suite started!
[INFO ] 2024-01-01 21:34:03.342 [Test worker] Log - Extent Reports for Koel Automation Test Suite ending!
[INFO ] 2024-01-01 21:34:03.482 [TestNG-tests-1] Log - Extent Reports for Koel Automation Test Suite started!
[INFO ] 2024-01-01 21:34:08.460 [TestNG-tests-1] Log - deleteAllPlaylists started!
[ERROR] 2024-01-01 21:34:51.557 [TestNG-tests-1] Log - deleteAllPlaylists failed!
[INFO ] 2024-01-01 21:34:52.263 [TestNG-tests-1] Log - screen shot taken for failed test deleteAllPlaylists
[INFO ] 2024-01-01 21:34:52.676 [TestNG-tests-1] Log - Extent Reports for Koel Automation Test Suite ending!
[INFO ] 2024-01-01 21:36:16.722 [Test worker] Log - Extent Reports for Koel Automation Test Suite started!
[INFO ] 2024-01-01 21:36:16.726 [Test worker] Log - Extent Reports for Koel Automation Test Suite ending!
[INFO ] 2024-01-01 21:36:16.874 [TestNG-tests-1] Log - Extent Reports for Koel Automation Test Suite started!
[INFO ] 2024-01-01 21:36:22.040 [TestNG-tests-1] Log - deleteAllPlaylists started!
[ERROR] 2024-01-01 21:37:05.255 [TestNG-tests-1] Log - deleteAllPlaylists failed!
[INFO ] 2024-01-01 21:37:05.905 [TestNG-tests-1] Log - screen shot taken for failed test deleteAllPlaylists
[INFO ] 2024-01-01 21:37:06.181 [TestNG-tests-1] Log - Extent Reports for Koel Automation Test Suite ending!
