[INFO ] 2024-02-01 00:29:46.943 [Test worker] Log - Extent Reports for Koel Automation Test Suite started!
[INFO ] 2024-02-01 00:29:46.950 [Test worker] Log - Extent Reports for Koel Automation Test Suite ending!
[INFO ] 2024-02-01 00:29:47.105 [Test worker] Log - Extent Reports for Koel Automation Test Suite started!
[INFO ] 2024-02-01 00:29:47.106 [Test worker] Log - Extent Reports for Koel Automation Test Suite ending!
[INFO ] 2024-02-01 00:29:47.112 [Test worker] Log - Extent Reports for Koel Automation Test Suite started!
[INFO ] 2024-02-01 00:29:51.512 [TestNG-test=albumsTest-1] Log - checkDownloadButton started!
[INFO ] 2024-02-01 00:31:46.564 [Test worker] Log - Extent Reports for Koel Automation Test Suite started!
[INFO ] 2024-02-01 00:31:46.567 [Test worker] Log - Extent Reports for Koel Automation Test Suite ending!
[INFO ] 2024-02-01 00:31:46.717 [Test worker] Log - Extent Reports for Koel Automation Test Suite started!
[INFO ] 2024-02-01 00:31:46.718 [Test worker] Log - Extent Reports for Koel Automation Test Suite ending!
[INFO ] 2024-02-01 00:31:46.723 [Test worker] Log - Extent Reports for Koel Automation Test Suite started!
[INFO ] 2024-02-01 00:31:50.156 [TestNG-test=albumsTest-1] Log - checkDownloadButton started!
[INFO ] 2024-02-01 00:33:31.367 [Test worker] Log - Extent Reports for Koel Automation Test Suite started!
[INFO ] 2024-02-01 00:33:31.370 [Test worker] Log - Extent Reports for Koel Automation Test Suite ending!
[INFO ] 2024-02-01 00:33:31.517 [Test worker] Log - Extent Reports for Koel Automation Test Suite started!
[INFO ] 2024-02-01 00:33:31.518 [Test worker] Log - Extent Reports for Koel Automation Test Suite ending!
[INFO ] 2024-02-01 00:33:31.524 [Test worker] Log - Extent Reports for Koel Automation Test Suite started!
[INFO ] 2024-02-01 00:33:34.823 [TestNG-test=albumsTest-1] Log - checkDownloadButton started!
[INFO ] 2024-02-01 00:36:15.735 [Test worker] Log - Extent Reports for Koel Automation Test Suite started!
[INFO ] 2024-02-01 00:36:15.739 [Test worker] Log - Extent Reports for Koel Automation Test Suite ending!
[INFO ] 2024-02-01 00:36:15.891 [Test worker] Log - Extent Reports for Koel Automation Test Suite started!
[INFO ] 2024-02-01 00:36:15.891 [Test worker] Log - Extent Reports for Koel Automation Test Suite ending!
[INFO ] 2024-02-01 00:36:15.897 [Test worker] Log - Extent Reports for Koel Automation Test Suite started!
[INFO ] 2024-02-01 00:36:19.119 [TestNG-test=albumsTest-1] Log - checkDownloadButton started!
[INFO ] 2024-02-01 00:39:20.095 [Test worker] Log - Extent Reports for Koel Automation Test Suite started!
[INFO ] 2024-02-01 00:39:20.100 [Test worker] Log - Extent Reports for Koel Automation Test Suite ending!
[INFO ] 2024-02-01 00:39:20.260 [Test worker] Log - Extent Reports for Koel Automation Test Suite started!
[INFO ] 2024-02-01 00:39:20.260 [Test worker] Log - Extent Reports for Koel Automation Test Suite ending!
[INFO ] 2024-02-01 00:39:20.266 [Test worker] Log - Extent Reports for Koel Automation Test Suite started!
[INFO ] 2024-02-01 00:39:24.003 [TestNG-test=albumsTest-1] Log - checkDownloadButton started!
[INFO ] 2024-02-01 00:41:44.296 [Test worker] Log - Extent Reports for Koel Automation Test Suite started!
[INFO ] 2024-02-01 00:41:44.300 [Test worker] Log - Extent Reports for Koel Automation Test Suite ending!
[INFO ] 2024-02-01 00:41:44.454 [Test worker] Log - Extent Reports for Koel Automation Test Suite started!
[INFO ] 2024-02-01 00:41:44.455 [Test worker] Log - Extent Reports for Koel Automation Test Suite ending!
[INFO ] 2024-02-01 00:41:44.460 [Test worker] Log - Extent Reports for Koel Automation Test Suite started!
[INFO ] 2024-02-01 00:41:47.664 [TestNG-test=albumsTest-1] Log - checkDownloadButton started!
[INFO ] 2024-02-01 00:42:58.745 [Test worker] Log - Extent Reports for Koel Automation Test Suite started!
[INFO ] 2024-02-01 00:42:58.748 [Test worker] Log - Extent Reports for Koel Automation Test Suite ending!
[INFO ] 2024-02-01 00:42:58.877 [Test worker] Log - Extent Reports for Koel Automation Test Suite started!
[INFO ] 2024-02-01 00:42:58.877 [Test worker] Log - Extent Reports for Koel Automation Test Suite ending!
[INFO ] 2024-02-01 00:42:58.882 [Test worker] Log - Extent Reports for Koel Automation Test Suite started!
[INFO ] 2024-02-01 00:43:01.871 [TestNG-test=albumsTest-1] Log - checkDownloadButton started!
[FATAL] 2024-02-01 00:43:06.766 [TestNG-test=albumsTest-1] Log - Error while calling method: perform - null
[ERROR] 2024-02-01 00:43:06.768 [TestNG-test=albumsTest-1] Log - checkDownloadButton failed!
[INFO ] 2024-02-01 00:43:07.114 [TestNG-test=albumsTest-1] Log - screen shot taken for failed test checkDownloadButton
[INFO ] 2024-02-01 00:43:07.295 [Test worker] Log - Extent Reports for Koel Automation Test Suite ending!
[INFO ] 2024-02-01 00:44:30.654 [Test worker] Log - Extent Reports for Koel Automation Test Suite started!
[INFO ] 2024-02-01 00:44:30.657 [Test worker] Log - Extent Reports for Koel Automation Test Suite ending!
[INFO ] 2024-02-01 00:44:30.784 [Test worker] Log - Extent Reports for Koel Automation Test Suite started!
[INFO ] 2024-02-01 00:44:30.784 [Test worker] Log - Extent Reports for Koel Automation Test Suite ending!
[INFO ] 2024-02-01 00:44:30.789 [Test worker] Log - Extent Reports for Koel Automation Test Suite started!
[INFO ] 2024-02-01 00:44:33.659 [TestNG-test=albumsTest-1] Log - checkDownloadButton started!
[FATAL] 2024-02-01 00:44:37.788 [TestNG-test=albumsTest-1] Log - Error while calling method: perform - null
[ERROR] 2024-02-01 00:44:37.789 [TestNG-test=albumsTest-1] Log - checkDownloadButton failed!
[INFO ] 2024-02-01 00:44:38.121 [TestNG-test=albumsTest-1] Log - screen shot taken for failed test checkDownloadButton
[INFO ] 2024-02-01 00:44:38.236 [Test worker] Log - Extent Reports for Koel Automation Test Suite ending!
[INFO ] 2024-02-01 00:45:43.486 [Test worker] Log - Extent Reports for Koel Automation Test Suite started!
[INFO ] 2024-02-01 00:45:43.489 [Test worker] Log - Extent Reports for Koel Automation Test Suite ending!
[INFO ] 2024-02-01 00:45:43.617 [Test worker] Log - Extent Reports for Koel Automation Test Suite started!
[INFO ] 2024-02-01 00:45:43.617 [Test worker] Log - Extent Reports for Koel Automation Test Suite ending!
[INFO ] 2024-02-01 00:45:43.622 [Test worker] Log - Extent Reports for Koel Automation Test Suite started!
[INFO ] 2024-02-01 00:45:46.573 [TestNG-test=albumsTest-1] Log - checkDownloadButton started!
[FATAL] 2024-02-01 00:45:50.748 [TestNG-test=albumsTest-1] Log - Error while calling method: perform - null
[ERROR] 2024-02-01 00:45:50.749 [TestNG-test=albumsTest-1] Log - checkDownloadButton failed!
[INFO ] 2024-02-01 00:45:51.081 [TestNG-test=albumsTest-1] Log - screen shot taken for failed test checkDownloadButton
[INFO ] 2024-02-01 00:45:51.249 [Test worker] Log - Extent Reports for Koel Automation Test Suite ending!
[INFO ] 2024-02-01 00:47:57.123 [Test worker] Log - Extent Reports for Koel Automation Test Suite started!
[INFO ] 2024-02-01 00:47:57.127 [Test worker] Log - Extent Reports for Koel Automation Test Suite ending!
[INFO ] 2024-02-01 00:47:57.259 [Test worker] Log - Extent Reports for Koel Automation Test Suite started!
[INFO ] 2024-02-01 00:47:57.259 [Test worker] Log - Extent Reports for Koel Automation Test Suite ending!
[INFO ] 2024-02-01 00:47:57.264 [Test worker] Log - Extent Reports for Koel Automation Test Suite started!
[INFO ] 2024-02-01 00:48:00.230 [TestNG-test=albumsTest-1] Log - checkDownloadButton started!
[FATAL] 2024-02-01 00:48:04.408 [TestNG-test=albumsTest-1] Log - Error while calling method: perform - null
[ERROR] 2024-02-01 00:48:04.409 [TestNG-test=albumsTest-1] Log - checkDownloadButton failed!
[INFO ] 2024-02-01 00:48:04.739 [TestNG-test=albumsTest-1] Log - screen shot taken for failed test checkDownloadButton
[INFO ] 2024-02-01 00:48:04.860 [Test worker] Log - Extent Reports for Koel Automation Test Suite ending!
[INFO ] 2024-02-01 00:49:01.646 [Test worker] Log - Extent Reports for Koel Automation Test Suite started!
[INFO ] 2024-02-01 00:49:01.649 [Test worker] Log - Extent Reports for Koel Automation Test Suite ending!
[INFO ] 2024-02-01 00:49:01.789 [Test worker] Log - Extent Reports for Koel Automation Test Suite started!
[INFO ] 2024-02-01 00:49:01.790 [Test worker] Log - Extent Reports for Koel Automation Test Suite ending!
[INFO ] 2024-02-01 00:49:01.795 [Test worker] Log - Extent Reports for Koel Automation Test Suite started!
[INFO ] 2024-02-01 00:49:04.771 [TestNG-test=albumsTest-1] Log - checkDownloadButton started!
[FATAL] 2024-02-01 00:49:09.752 [TestNG-test=albumsTest-1] Log - Error while calling method: perform - null
[ERROR] 2024-02-01 00:49:09.753 [TestNG-test=albumsTest-1] Log - checkDownloadButton failed!
[INFO ] 2024-02-01 00:49:10.094 [TestNG-test=albumsTest-1] Log - screen shot taken for failed test checkDownloadButton
[INFO ] 2024-02-01 00:49:10.210 [Test worker] Log - Extent Reports for Koel Automation Test Suite ending!
[INFO ] 2024-02-01 00:50:14.769 [Test worker] Log - Extent Reports for Koel Automation Test Suite started!
[INFO ] 2024-02-01 00:50:14.773 [Test worker] Log - Extent Reports for Koel Automation Test Suite ending!
[INFO ] 2024-02-01 00:50:14.911 [Test worker] Log - Extent Reports for Koel Automation Test Suite started!
[INFO ] 2024-02-01 00:50:14.912 [Test worker] Log - Extent Reports for Koel Automation Test Suite ending!
[INFO ] 2024-02-01 00:50:14.917 [Test worker] Log - Extent Reports for Koel Automation Test Suite started!
[INFO ] 2024-02-01 00:50:17.849 [TestNG-test=albumsTest-1] Log - checkDownloadButton started!
[ERROR] 2024-02-01 00:50:22.756 [TestNG-test=albumsTest-1] Log - checkDownloadButton failed!
[INFO ] 2024-02-01 00:50:23.087 [TestNG-test=albumsTest-1] Log - screen shot taken for failed test checkDownloadButton
[INFO ] 2024-02-01 00:50:23.197 [Test worker] Log - Extent Reports for Koel Automation Test Suite ending!
[INFO ] 2024-02-01 00:57:55.162 [Test worker] Log - Extent Reports for Koel Automation Test Suite started!
[INFO ] 2024-02-01 00:57:55.165 [Test worker] Log - Extent Reports for Koel Automation Test Suite ending!
[INFO ] 2024-02-01 00:57:55.293 [Test worker] Log - Extent Reports for Koel Automation Test Suite started!
[INFO ] 2024-02-01 00:57:55.293 [Test worker] Log - Extent Reports for Koel Automation Test Suite ending!
[INFO ] 2024-02-01 00:57:55.297 [Test worker] Log - Extent Reports for Koel Automation Test Suite started!
[INFO ] 2024-02-01 00:57:58.218 [TestNG-test=albumsTest-1] Log - checkDownloadButton started!
[ERROR] 2024-02-01 00:58:02.790 [TestNG-test=albumsTest-1] Log - checkDownloadButton failed!
[INFO ] 2024-02-01 00:58:03.115 [TestNG-test=albumsTest-1] Log - screen shot taken for failed test checkDownloadButton
[INFO ] 2024-02-01 00:58:03.311 [Test worker] Log - Extent Reports for Koel Automation Test Suite ending!
[INFO ] 2024-02-01 01:09:19.000 [Test worker] Log - Extent Reports for Koel Automation Test Suite started!
[INFO ] 2024-02-01 01:09:19.004 [Test worker] Log - Extent Reports for Koel Automation Test Suite ending!
[INFO ] 2024-02-01 01:09:19.135 [Test worker] Log - Extent Reports for Koel Automation Test Suite started!
[INFO ] 2024-02-01 01:09:19.135 [Test worker] Log - Extent Reports for Koel Automation Test Suite ending!
[INFO ] 2024-02-01 01:09:19.139 [Test worker] Log - Extent Reports for Koel Automation Test Suite started!
[INFO ] 2024-02-01 01:09:22.439 [TestNG-test=albumsTest-1] Log - checkDownloadButton started!
[ERROR] 2024-02-01 01:09:25.573 [TestNG-test=albumsTest-1] Log - checkDownloadButton failed!
[INFO ] 2024-02-01 01:09:25.901 [TestNG-test=albumsTest-1] Log - screen shot taken for failed test checkDownloadButton
[INFO ] 2024-02-01 01:09:26.080 [Test worker] Log - Extent Reports for Koel Automation Test Suite ending!
[INFO ] 2024-02-01 01:16:02.135 [Test worker] Log - Extent Reports for Koel Automation Test Suite started!
[INFO ] 2024-02-01 01:16:02.139 [Test worker] Log - Extent Reports for Koel Automation Test Suite ending!
[INFO ] 2024-02-01 01:16:02.282 [Test worker] Log - Extent Reports for Koel Automation Test Suite started!
[INFO ] 2024-02-01 01:16:02.283 [Test worker] Log - Extent Reports for Koel Automation Test Suite ending!
[INFO ] 2024-02-01 01:16:02.289 [Test worker] Log - Extent Reports for Koel Automation Test Suite started!
[INFO ] 2024-02-01 01:16:05.191 [TestNG-test=albumsTest-1] Log - checkDownloadButton started!
[ERROR] 2024-02-01 01:16:08.225 [TestNG-test=albumsTest-1] Log - checkDownloadButton failed!
[INFO ] 2024-02-01 01:16:08.556 [TestNG-test=albumsTest-1] Log - screen shot taken for failed test checkDownloadButton
[INFO ] 2024-02-01 01:16:08.665 [Test worker] Log - Extent Reports for Koel Automation Test Suite ending!
[INFO ] 2024-02-01 01:18:50.085 [Test worker] Log - Extent Reports for Koel Automation Test Suite started!
[INFO ] 2024-02-01 01:18:50.089 [Test worker] Log - Extent Reports for Koel Automation Test Suite ending!
[INFO ] 2024-02-01 01:18:50.224 [Test worker] Log - Extent Reports for Koel Automation Test Suite started!
[INFO ] 2024-02-01 01:18:50.224 [Test worker] Log - Extent Reports for Koel Automation Test Suite ending!
[INFO ] 2024-02-01 01:18:50.230 [Test worker] Log - Extent Reports for Koel Automation Test Suite started!
[INFO ] 2024-02-01 01:18:53.106 [TestNG-test=albumsTest-1] Log - checkDownloadButton started!
[INFO ] 2024-02-01 01:25:32.868 [Test worker] Log - Extent Reports for Koel Automation Test Suite started!
[INFO ] 2024-02-01 01:25:32.874 [Test worker] Log - Extent Reports for Koel Automation Test Suite ending!
[INFO ] 2024-02-01 01:25:33.025 [Test worker] Log - Extent Reports for Koel Automation Test Suite started!
[INFO ] 2024-02-01 01:25:33.026 [Test worker] Log - Extent Reports for Koel Automation Test Suite ending!
[INFO ] 2024-02-01 01:25:33.031 [Test worker] Log - Extent Reports for Koel Automation Test Suite started!
[INFO ] 2024-02-01 01:25:35.985 [TestNG-test=albumsTest-1] Log - checkDownloadButton started!
[INFO ] 2024-02-01 01:27:56.609 [Test worker] Log - Extent Reports for Koel Automation Test Suite started!
[INFO ] 2024-02-01 01:27:56.614 [Test worker] Log - Extent Reports for Koel Automation Test Suite ending!
[INFO ] 2024-02-01 01:27:56.764 [Test worker] Log - Extent Reports for Koel Automation Test Suite started!
[INFO ] 2024-02-01 01:27:56.765 [Test worker] Log - Extent Reports for Koel Automation Test Suite ending!
[INFO ] 2024-02-01 01:27:56.772 [Test worker] Log - Extent Reports for Koel Automation Test Suite started!
[INFO ] 2024-02-01 01:27:59.812 [TestNG-test=albumsTest-1] Log - checkDownloadButton started!
[ERROR] 2024-02-01 01:28:03.013 [TestNG-test=albumsTest-1] Log - checkDownloadButton failed!
[INFO ] 2024-02-01 01:28:03.437 [TestNG-test=albumsTest-1] Log - screen shot taken for failed test checkDownloadButton
[INFO ] 2024-02-01 01:28:03.559 [Test worker] Log - Extent Reports for Koel Automation Test Suite ending!
[INFO ] 2024-02-01 01:29:44.133 [Test worker] Log - Extent Reports for Koel Automation Test Suite started!
[INFO ] 2024-02-01 01:29:44.137 [Test worker] Log - Extent Reports for Koel Automation Test Suite ending!
[INFO ] 2024-02-01 01:29:44.284 [Test worker] Log - Extent Reports for Koel Automation Test Suite started!
[INFO ] 2024-02-01 01:29:44.284 [Test worker] Log - Extent Reports for Koel Automation Test Suite ending!
[INFO ] 2024-02-01 01:29:44.290 [Test worker] Log - Extent Reports for Koel Automation Test Suite started!
[INFO ] 2024-02-01 01:29:47.344 [TestNG-test=albumsTest-1] Log - checkDownloadButton started!
[ERROR] 2024-02-01 01:29:50.470 [TestNG-test=albumsTest-1] Log - checkDownloadButton failed!
[INFO ] 2024-02-01 01:29:50.843 [TestNG-test=albumsTest-1] Log - screen shot taken for failed test checkDownloadButton
[INFO ] 2024-02-01 01:29:50.992 [Test worker] Log - Extent Reports for Koel Automation Test Suite ending!
[INFO ] 2024-02-01 01:31:32.109 [Test worker] Log - Extent Reports for Koel Automation Test Suite started!
[INFO ] 2024-02-01 01:31:32.114 [Test worker] Log - Extent Reports for Koel Automation Test Suite ending!
[INFO ] 2024-02-01 01:31:32.273 [Test worker] Log - Extent Reports for Koel Automation Test Suite started!
[INFO ] 2024-02-01 01:31:32.273 [Test worker] Log - Extent Reports for Koel Automation Test Suite ending!
[INFO ] 2024-02-01 01:31:32.279 [Test worker] Log - Extent Reports for Koel Automation Test Suite started!
[INFO ] 2024-02-01 01:31:35.442 [TestNG-test=albumsTest-1] Log - checkDownloadButton started!
[FATAL] 2024-02-01 01:31:38.565 [TestNG-test=albumsTest-1] Log - Error while calling method: perform - null
[ERROR] 2024-02-01 01:31:38.570 [TestNG-test=albumsTest-1] Log - checkDownloadButton failed!
[INFO ] 2024-02-01 01:31:38.931 [TestNG-test=albumsTest-1] Log - screen shot taken for failed test checkDownloadButton
[INFO ] 2024-02-01 01:31:39.048 [Test worker] Log - Extent Reports for Koel Automation Test Suite ending!
[INFO ] 2024-02-01 01:34:13.773 [Test worker] Log - Extent Reports for Koel Automation Test Suite started!
[INFO ] 2024-02-01 01:34:13.777 [Test worker] Log - Extent Reports for Koel Automation Test Suite ending!
[INFO ] 2024-02-01 01:34:13.930 [Test worker] Log - Extent Reports for Koel Automation Test Suite started!
[INFO ] 2024-02-01 01:34:13.930 [Test worker] Log - Extent Reports for Koel Automation Test Suite ending!
[INFO ] 2024-02-01 01:34:13.937 [Test worker] Log - Extent Reports for Koel Automation Test Suite started!
[INFO ] 2024-02-01 01:34:16.988 [TestNG-test=albumsTest-1] Log - checkShuffleButton started!
[FATAL] 2024-02-01 01:34:20.031 [TestNG-test=albumsTest-1] Log - Error while calling method: perform - null
[ERROR] 2024-02-01 01:34:20.032 [TestNG-test=albumsTest-1] Log - checkShuffleButton failed!
[INFO ] 2024-02-01 01:34:20.370 [TestNG-test=albumsTest-1] Log - screen shot taken for failed test checkShuffleButton
[INFO ] 2024-02-01 01:34:20.496 [Test worker] Log - Extent Reports for Koel Automation Test Suite ending!
[INFO ] 2024-02-01 01:34:58.134 [Test worker] Log - Extent Reports for Koel Automation Test Suite started!
[INFO ] 2024-02-01 01:34:58.137 [Test worker] Log - Extent Reports for Koel Automation Test Suite ending!
[INFO ] 2024-02-01 01:34:58.286 [Test worker] Log - Extent Reports for Koel Automation Test Suite started!
[INFO ] 2024-02-01 01:34:58.286 [Test worker] Log - Extent Reports for Koel Automation Test Suite ending!
[INFO ] 2024-02-01 01:34:58.292 [Test worker] Log - Extent Reports for Koel Automation Test Suite started!
[INFO ] 2024-02-01 01:35:01.301 [TestNG-test=albumsTest-1] Log - checkShuffleButton started!
[ERROR] 2024-02-01 01:35:04.366 [TestNG-test=albumsTest-1] Log - checkShuffleButton failed!
[INFO ] 2024-02-01 01:35:04.708 [TestNG-test=albumsTest-1] Log - screen shot taken for failed test checkShuffleButton
[INFO ] 2024-02-01 01:35:04.824 [Test worker] Log - Extent Reports for Koel Automation Test Suite ending!
[INFO ] 2024-02-01 01:35:25.143 [Test worker] Log - Extent Reports for Koel Automation Test Suite started!
[INFO ] 2024-02-01 01:35:25.148 [Test worker] Log - Extent Reports for Koel Automation Test Suite ending!
[INFO ] 2024-02-01 01:35:25.295 [Test worker] Log - Extent Reports for Koel Automation Test Suite started!
[INFO ] 2024-02-01 01:35:25.295 [Test worker] Log - Extent Reports for Koel Automation Test Suite ending!
[INFO ] 2024-02-01 01:35:25.300 [Test worker] Log - Extent Reports for Koel Automation Test Suite started!
[INFO ] 2024-02-01 01:35:28.211 [TestNG-test=albumsTest-1] Log - checkShuffleButton started!
[ERROR] 2024-02-01 01:35:31.142 [TestNG-test=albumsTest-1] Log - checkShuffleButton failed!
[INFO ] 2024-02-01 01:35:31.485 [TestNG-test=albumsTest-1] Log - screen shot taken for failed test checkShuffleButton
[INFO ] 2024-02-01 01:35:31.624 [Test worker] Log - Extent Reports for Koel Automation Test Suite ending!
[INFO ] 2024-02-01 01:36:30.875 [Test worker] Log - Extent Reports for Koel Automation Test Suite started!
[INFO ] 2024-02-01 01:36:30.880 [Test worker] Log - Extent Reports for Koel Automation Test Suite ending!
[INFO ] 2024-02-01 01:36:31.026 [Test worker] Log - Extent Reports for Koel Automation Test Suite started!
[INFO ] 2024-02-01 01:36:31.026 [Test worker] Log - Extent Reports for Koel Automation Test Suite ending!
[INFO ] 2024-02-01 01:36:31.032 [Test worker] Log - Extent Reports for Koel Automation Test Suite started!
[INFO ] 2024-02-01 01:36:34.102 [TestNG-test=albumsTest-1] Log - checkShuffleButton started!
[ERROR] 2024-02-01 01:36:37.064 [TestNG-test=albumsTest-1] Log - checkShuffleButton failed!
[INFO ] 2024-02-01 01:36:37.429 [TestNG-test=albumsTest-1] Log - screen shot taken for failed test checkShuffleButton
[INFO ] 2024-02-01 01:36:37.541 [Test worker] Log - Extent Reports for Koel Automation Test Suite ending!
[INFO ] 2024-02-01 01:37:05.821 [Test worker] Log - Extent Reports for Koel Automation Test Suite started!
[INFO ] 2024-02-01 01:37:05.825 [Test worker] Log - Extent Reports for Koel Automation Test Suite ending!
[INFO ] 2024-02-01 01:37:05.973 [Test worker] Log - Extent Reports for Koel Automation Test Suite started!
[INFO ] 2024-02-01 01:37:05.974 [Test worker] Log - Extent Reports for Koel Automation Test Suite ending!
[INFO ] 2024-02-01 01:37:05.979 [Test worker] Log - Extent Reports for Koel Automation Test Suite started!
[INFO ] 2024-02-01 01:37:08.915 [TestNG-test=albumsTest-1] Log - checkShuffleButton started!
[ERROR] 2024-02-01 01:37:11.808 [TestNG-test=albumsTest-1] Log - checkShuffleButton failed!
[INFO ] 2024-02-01 01:37:12.172 [TestNG-test=albumsTest-1] Log - screen shot taken for failed test checkShuffleButton
[INFO ] 2024-02-01 01:37:12.296 [Test worker] Log - Extent Reports for Koel Automation Test Suite ending!
[INFO ] 2024-02-01 01:40:52.224 [Test worker] Log - Extent Reports for Koel Automation Test Suite started!
[INFO ] 2024-02-01 01:40:52.228 [Test worker] Log - Extent Reports for Koel Automation Test Suite ending!
[INFO ] 2024-02-01 01:40:52.383 [Test worker] Log - Extent Reports for Koel Automation Test Suite started!
[INFO ] 2024-02-01 01:40:52.384 [Test worker] Log - Extent Reports for Koel Automation Test Suite ending!
[INFO ] 2024-02-01 01:40:52.389 [Test worker] Log - Extent Reports for Koel Automation Test Suite started!
[INFO ] 2024-02-01 01:40:55.392 [TestNG-test=albumsTest-1] Log - checkShuffleButton started!
[ERROR] 2024-02-01 01:41:06.449 [TestNG-test=albumsTest-1] Log - checkShuffleButton failed!
[INFO ] 2024-02-01 01:41:07.252 [TestNG-test=albumsTest-1] Log - screen shot taken for failed test checkShuffleButton
[INFO ] 2024-02-01 01:41:07.563 [Test worker] Log - Extent Reports for Koel Automation Test Suite ending!
[INFO ] 2024-02-01 01:42:05.671 [Test worker] Log - Extent Reports for Koel Automation Test Suite started!
[INFO ] 2024-02-01 01:42:05.677 [Test worker] Log - Extent Reports for Koel Automation Test Suite ending!
[INFO ] 2024-02-01 01:42:05.831 [Test worker] Log - Extent Reports for Koel Automation Test Suite started!
[INFO ] 2024-02-01 01:42:05.832 [Test worker] Log - Extent Reports for Koel Automation Test Suite ending!
[INFO ] 2024-02-01 01:42:05.838 [Test worker] Log - Extent Reports for Koel Automation Test Suite started!
[INFO ] 2024-02-01 01:42:09.399 [TestNG-test=albumsTest-1] Log - checkShuffleButton started!
[ERROR] 2024-02-01 01:42:20.758 [TestNG-test=albumsTest-1] Log - checkShuffleButton failed!
[INFO ] 2024-02-01 01:42:21.113 [TestNG-test=albumsTest-1] Log - screen shot taken for failed test checkShuffleButton
[INFO ] 2024-02-01 01:42:21.229 [Test worker] Log - Extent Reports for Koel Automation Test Suite ending!
[INFO ] 2024-02-01 01:43:14.778 [Test worker] Log - Extent Reports for Koel Automation Test Suite started!
[INFO ] 2024-02-01 01:43:14.783 [Test worker] Log - Extent Reports for Koel Automation Test Suite ending!
[INFO ] 2024-02-01 01:43:14.936 [Test worker] Log - Extent Reports for Koel Automation Test Suite started!
[INFO ] 2024-02-01 01:43:14.937 [Test worker] Log - Extent Reports for Koel Automation Test Suite ending!
[INFO ] 2024-02-01 01:43:14.942 [Test worker] Log - Extent Reports for Koel Automation Test Suite started!
[INFO ] 2024-02-01 01:43:17.996 [TestNG-test=albumsTest-1] Log - checkShuffleButton started!
[ERROR] 2024-02-01 01:43:20.922 [TestNG-test=albumsTest-1] Log - checkShuffleButton failed!
[INFO ] 2024-02-01 01:43:21.292 [TestNG-test=albumsTest-1] Log - screen shot taken for failed test checkShuffleButton
[INFO ] 2024-02-01 01:43:21.405 [Test worker] Log - Extent Reports for Koel Automation Test Suite ending!
[INFO ] 2024-02-01 16:43:34.452 [Test worker] Log - Extent Reports for Koel Automation Test Suite started!
[INFO ] 2024-02-01 16:43:34.457 [Test worker] Log - Extent Reports for Koel Automation Test Suite ending!
[INFO ] 2024-02-01 16:43:34.616 [Test worker] Log - Extent Reports for Koel Automation Test Suite started!
[INFO ] 2024-02-01 16:43:34.616 [Test worker] Log - Extent Reports for Koel Automation Test Suite ending!
[INFO ] 2024-02-01 16:43:34.622 [Test worker] Log - Extent Reports for Koel Automation Test Suite started!
[INFO ] 2024-02-01 16:43:38.791 [TestNG-test=albumsTest-1] Log - checkShuffleButton started!
[INFO ] 2024-02-01 16:43:42.013 [TestNG-test=albumsTest-1] Log - checkShuffleButton passed!
[INFO ] 2024-02-01 16:43:42.145 [Test worker] Log - Extent Reports for Koel Automation Test Suite ending!
[INFO ] 2024-02-01 16:44:17.998 [Test worker] Log - Extent Reports for Koel Automation Test Suite started!
[INFO ] 2024-02-01 16:44:18.004 [Test worker] Log - Extent Reports for Koel Automation Test Suite ending!
[INFO ] 2024-02-01 16:44:18.155 [Test worker] Log - Extent Reports for Koel Automation Test Suite started!
[INFO ] 2024-02-01 16:44:18.156 [Test worker] Log - Extent Reports for Koel Automation Test Suite ending!
[INFO ] 2024-02-01 16:44:18.162 [Test worker] Log - Extent Reports for Koel Automation Test Suite started!
[INFO ] 2024-02-01 16:44:21.310 [TestNG-test=albumsTest-1] Log - checkShuffleButton started!
[FATAL] 2024-02-01 16:44:27.328 [TestNG-test=albumsTest-1] Log - Error while calling method: perform - null
[ERROR] 2024-02-01 16:44:27.329 [TestNG-test=albumsTest-1] Log - checkShuffleButton failed!
[INFO ] 2024-02-01 16:44:27.666 [TestNG-test=albumsTest-1] Log - screen shot taken for failed test checkShuffleButton
[INFO ] 2024-02-01 16:44:27.835 [Test worker] Log - Extent Reports for Koel Automation Test Suite ending!
[INFO ] 2024-02-01 16:45:30.803 [Test worker] Log - Extent Reports for Koel Automation Test Suite started!
[INFO ] 2024-02-01 16:45:30.808 [Test worker] Log - Extent Reports for Koel Automation Test Suite ending!
[INFO ] 2024-02-01 16:45:30.958 [Test worker] Log - Extent Reports for Koel Automation Test Suite started!
[INFO ] 2024-02-01 16:45:30.958 [Test worker] Log - Extent Reports for Koel Automation Test Suite ending!
[INFO ] 2024-02-01 16:45:30.964 [Test worker] Log - Extent Reports for Koel Automation Test Suite started!
[INFO ] 2024-02-01 16:45:34.367 [TestNG-test=albumsTest-1] Log - checkShuffleButton started!
[INFO ] 2024-02-01 16:45:35.354 [TestNG-test=albumsTest-1] Log - checkShuffleButton passed!
[INFO ] 2024-02-01 16:45:35.519 [Test worker] Log - Extent Reports for Koel Automation Test Suite ending!
[INFO ] 2024-02-01 16:45:43.240 [Test worker] Log - Extent Reports for Koel Automation Test Suite started!
[INFO ] 2024-02-01 16:45:43.244 [Test worker] Log - Extent Reports for Koel Automation Test Suite ending!
[INFO ] 2024-02-01 16:45:43.398 [Test worker] Log - Extent Reports for Koel Automation Test Suite started!
[INFO ] 2024-02-01 16:45:43.399 [Test worker] Log - Extent Reports for Koel Automation Test Suite ending!
[INFO ] 2024-02-01 16:45:43.404 [Test worker] Log - Extent Reports for Koel Automation Test Suite started!
[INFO ] 2024-02-01 16:45:46.688 [TestNG-test=albumsTest-1] Log - checkShuffleButton started!
[FATAL] 2024-02-01 16:45:51.082 [TestNG-test=albumsTest-1] Log - Error while calling method: perform - null
[ERROR] 2024-02-01 16:45:51.083 [TestNG-test=albumsTest-1] Log - checkShuffleButton failed!
[INFO ] 2024-02-01 16:45:51.455 [TestNG-test=albumsTest-1] Log - screen shot taken for failed test checkShuffleButton
[INFO ] 2024-02-01 16:45:51.582 [Test worker] Log - Extent Reports for Koel Automation Test Suite ending!
[INFO ] 2024-02-01 16:46:45.037 [Test worker] Log - Extent Reports for Koel Automation Test Suite started!
[INFO ] 2024-02-01 16:46:45.042 [Test worker] Log - Extent Reports for Koel Automation Test Suite ending!
[INFO ] 2024-02-01 16:46:45.197 [Test worker] Log - Extent Reports for Koel Automation Test Suite started!
[INFO ] 2024-02-01 16:46:45.197 [Test worker] Log - Extent Reports for Koel Automation Test Suite ending!
[INFO ] 2024-02-01 16:46:45.203 [Test worker] Log - Extent Reports for Koel Automation Test Suite started!
[INFO ] 2024-02-01 16:46:48.395 [TestNG-test=albumsTest-1] Log - checkShuffleButton started!
[FATAL] 2024-02-01 16:46:52.122 [TestNG-test=albumsTest-1] Log - Error while calling method: perform - null
[ERROR] 2024-02-01 16:46:52.124 [TestNG-test=albumsTest-1] Log - checkShuffleButton failed!
[INFO ] 2024-02-01 16:46:52.473 [TestNG-test=albumsTest-1] Log - screen shot taken for failed test checkShuffleButton
[INFO ] 2024-02-01 16:46:52.641 [Test worker] Log - Extent Reports for Koel Automation Test Suite ending!
[INFO ] 2024-02-01 16:47:28.962 [Test worker] Log - Extent Reports for Koel Automation Test Suite started!
[INFO ] 2024-02-01 16:47:28.967 [Test worker] Log - Extent Reports for Koel Automation Test Suite ending!
[INFO ] 2024-02-01 16:47:29.115 [Test worker] Log - Extent Reports for Koel Automation Test Suite started!
[INFO ] 2024-02-01 16:47:29.115 [Test worker] Log - Extent Reports for Koel Automation Test Suite ending!
[INFO ] 2024-02-01 16:47:29.121 [Test worker] Log - Extent Reports for Koel Automation Test Suite started!
[INFO ] 2024-02-01 16:47:32.305 [TestNG-test=albumsTest-1] Log - checkShuffleButton started!
[INFO ] 2024-02-01 16:47:35.468 [TestNG-test=albumsTest-1] Log - checkShuffleButton passed!
[INFO ] 2024-02-01 16:47:35.605 [Test worker] Log - Extent Reports for Koel Automation Test Suite ending!
[INFO ] 2024-02-01 16:48:58.383 [Test worker] Log - Extent Reports for Koel Automation Test Suite started!
[INFO ] 2024-02-01 16:48:58.387 [Test worker] Log - Extent Reports for Koel Automation Test Suite ending!
[INFO ] 2024-02-01 16:48:58.541 [Test worker] Log - Extent Reports for Koel Automation Test Suite started!
[INFO ] 2024-02-01 16:48:58.542 [Test worker] Log - Extent Reports for Koel Automation Test Suite ending!
[INFO ] 2024-02-01 16:48:58.547 [Test worker] Log - Extent Reports for Koel Automation Test Suite started!
[INFO ] 2024-02-01 16:49:01.749 [TestNG-test=albumsTest-1] Log - checkShuffleButton started!
[ERROR] 2024-02-01 16:49:04.953 [TestNG-test=albumsTest-1] Log - checkShuffleButton failed!
[INFO ] 2024-02-01 16:49:05.283 [TestNG-test=albumsTest-1] Log - screen shot taken for failed test checkShuffleButton
[INFO ] 2024-02-01 16:49:05.422 [Test worker] Log - Extent Reports for Koel Automation Test Suite ending!
[INFO ] 2024-02-01 16:50:30.936 [Test worker] Log - Extent Reports for Koel Automation Test Suite started!
[INFO ] 2024-02-01 16:50:30.942 [Test worker] Log - Extent Reports for Koel Automation Test Suite ending!
[INFO ] 2024-02-01 16:50:31.100 [Test worker] Log - Extent Reports for Koel Automation Test Suite started!
[INFO ] 2024-02-01 16:50:31.101 [Test worker] Log - Extent Reports for Koel Automation Test Suite ending!
[INFO ] 2024-02-01 16:50:31.107 [Test worker] Log - Extent Reports for Koel Automation Test Suite started!
[INFO ] 2024-02-01 16:50:34.249 [TestNG-test=albumsTest-1] Log - checkShuffleButton started!
[ERROR] 2024-02-01 16:50:37.553 [TestNG-test=albumsTest-1] Log - checkShuffleButton failed!
[INFO ] 2024-02-01 16:50:37.891 [TestNG-test=albumsTest-1] Log - screen shot taken for failed test checkShuffleButton
[INFO ] 2024-02-01 16:50:38.001 [Test worker] Log - Extent Reports for Koel Automation Test Suite ending!
[INFO ] 2024-02-01 16:54:40.318 [Test worker] Log - Extent Reports for Koel Automation Test Suite started!
[INFO ] 2024-02-01 16:54:40.324 [Test worker] Log - Extent Reports for Koel Automation Test Suite ending!
[INFO ] 2024-02-01 16:54:40.478 [Test worker] Log - Extent Reports for Koel Automation Test Suite started!
[INFO ] 2024-02-01 16:54:40.479 [Test worker] Log - Extent Reports for Koel Automation Test Suite ending!
[INFO ] 2024-02-01 16:54:40.485 [Test worker] Log - Extent Reports for Koel Automation Test Suite started!
[INFO ] 2024-02-01 16:54:43.672 [TestNG-test=albumsTest-1] Log - checkShuffleButton started!
[ERROR] 2024-02-01 16:54:44.618 [TestNG-test=albumsTest-1] Log - checkShuffleButton failed!
[INFO ] 2024-02-01 16:54:44.941 [TestNG-test=albumsTest-1] Log - screen shot taken for failed test checkShuffleButton
[INFO ] 2024-02-01 16:54:45.058 [Test worker] Log - Extent Reports for Koel Automation Test Suite ending!
[INFO ] 2024-02-01 16:57:44.053 [Test worker] Log - Extent Reports for Koel Automation Test Suite started!
[INFO ] 2024-02-01 16:57:44.057 [Test worker] Log - Extent Reports for Koel Automation Test Suite ending!
[INFO ] 2024-02-01 16:57:44.203 [Test worker] Log - Extent Reports for Koel Automation Test Suite started!
[INFO ] 2024-02-01 16:57:44.204 [Test worker] Log - Extent Reports for Koel Automation Test Suite ending!
[INFO ] 2024-02-01 16:57:44.210 [Test worker] Log - Extent Reports for Koel Automation Test Suite started!
[INFO ] 2024-02-01 16:57:47.353 [TestNG-test=albumsTest-1] Log - checkShuffleButton started!
[ERROR] 2024-02-01 16:57:58.577 [TestNG-test=albumsTest-1] Log - checkShuffleButton failed!
[INFO ] 2024-02-01 16:57:58.960 [TestNG-test=albumsTest-1] Log - screen shot taken for failed test checkShuffleButton
[INFO ] 2024-02-01 16:57:59.079 [Test worker] Log - Extent Reports for Koel Automation Test Suite ending!
[INFO ] 2024-02-01 16:59:36.113 [Test worker] Log - Extent Reports for Koel Automation Test Suite started!
[INFO ] 2024-02-01 16:59:36.120 [Test worker] Log - Extent Reports for Koel Automation Test Suite ending!
[INFO ] 2024-02-01 16:59:36.340 [Test worker] Log - Extent Reports for Koel Automation Test Suite started!
[INFO ] 2024-02-01 16:59:36.340 [Test worker] Log - Extent Reports for Koel Automation Test Suite ending!
[INFO ] 2024-02-01 16:59:36.346 [Test worker] Log - Extent Reports for Koel Automation Test Suite started!
[INFO ] 2024-02-01 16:59:39.650 [TestNG-test=albumsTest-1] Log - checkShuffleButton started!
[ERROR] 2024-02-01 16:59:51.129 [TestNG-test=albumsTest-1] Log - checkShuffleButton failed!
[INFO ] 2024-02-01 16:59:51.598 [TestNG-test=albumsTest-1] Log - screen shot taken for failed test checkShuffleButton
[INFO ] 2024-02-01 16:59:51.710 [Test worker] Log - Extent Reports for Koel Automation Test Suite ending!
[INFO ] 2024-02-01 17:00:49.944 [Test worker] Log - Extent Reports for Koel Automation Test Suite started!
[INFO ] 2024-02-01 17:00:49.948 [Test worker] Log - Extent Reports for Koel Automation Test Suite ending!
[INFO ] 2024-02-01 17:00:50.107 [Test worker] Log - Extent Reports for Koel Automation Test Suite started!
[INFO ] 2024-02-01 17:00:50.108 [Test worker] Log - Extent Reports for Koel Automation Test Suite ending!
[INFO ] 2024-02-01 17:00:50.113 [Test worker] Log - Extent Reports for Koel Automation Test Suite started!
[INFO ] 2024-02-01 17:00:53.101 [TestNG-test=albumsTest-1] Log - checkShuffleButton started!
[ERROR] 2024-02-01 17:01:04.910 [TestNG-test=albumsTest-1] Log - checkShuffleButton failed!
[INFO ] 2024-02-01 17:01:05.340 [TestNG-test=albumsTest-1] Log - screen shot taken for failed test checkShuffleButton
[INFO ] 2024-02-01 17:01:05.454 [Test worker] Log - Extent Reports for Koel Automation Test Suite ending!
[INFO ] 2024-02-01 17:05:15.353 [Test worker] Log - Extent Reports for Koel Automation Test Suite started!
[INFO ] 2024-02-01 17:05:15.357 [Test worker] Log - Extent Reports for Koel Automation Test Suite ending!
[INFO ] 2024-02-01 17:05:15.506 [Test worker] Log - Extent Reports for Koel Automation Test Suite started!
[INFO ] 2024-02-01 17:05:15.506 [Test worker] Log - Extent Reports for Koel Automation Test Suite ending!
[INFO ] 2024-02-01 17:05:15.511 [Test worker] Log - Extent Reports for Koel Automation Test Suite started!
[INFO ] 2024-02-01 17:05:18.540 [TestNG-test=albumsTest-1] Log - checkShuffleButton started!
[FATAL] 2024-02-01 17:05:19.447 [TestNG-test=albumsTest-1] Log - Error while calling method: perform - null
[ERROR] 2024-02-01 17:05:19.448 [TestNG-test=albumsTest-1] Log - checkShuffleButton failed!
[INFO ] 2024-02-01 17:05:19.773 [TestNG-test=albumsTest-1] Log - screen shot taken for failed test checkShuffleButton
[INFO ] 2024-02-01 17:05:19.888 [Test worker] Log - Extent Reports for Koel Automation Test Suite ending!
[INFO ] 2024-02-01 17:07:21.999 [Test worker] Log - Extent Reports for Koel Automation Test Suite started!
[INFO ] 2024-02-01 17:07:22.003 [Test worker] Log - Extent Reports for Koel Automation Test Suite ending!
[INFO ] 2024-02-01 17:07:22.159 [Test worker] Log - Extent Reports for Koel Automation Test Suite started!
[INFO ] 2024-02-01 17:07:22.159 [Test worker] Log - Extent Reports for Koel Automation Test Suite ending!
[INFO ] 2024-02-01 17:07:22.164 [Test worker] Log - Extent Reports for Koel Automation Test Suite started!
[INFO ] 2024-02-01 17:07:25.272 [TestNG-test=albumsTest-1] Log - checkShuffleButton started!
[FATAL] 2024-02-01 17:07:26.141 [TestNG-test=albumsTest-1] Log - Error while calling method: perform - null
[ERROR] 2024-02-01 17:07:26.142 [TestNG-test=albumsTest-1] Log - checkShuffleButton failed!
[INFO ] 2024-02-01 17:07:26.478 [TestNG-test=albumsTest-1] Log - screen shot taken for failed test checkShuffleButton
[INFO ] 2024-02-01 17:07:26.608 [Test worker] Log - Extent Reports for Koel Automation Test Suite ending!
[INFO ] 2024-02-01 17:08:54.043 [Test worker] Log - Extent Reports for Koel Automation Test Suite started!
[INFO ] 2024-02-01 17:08:54.048 [Test worker] Log - Extent Reports for Koel Automation Test Suite ending!
[INFO ] 2024-02-01 17:08:54.197 [Test worker] Log - Extent Reports for Koel Automation Test Suite started!
[INFO ] 2024-02-01 17:08:54.198 [Test worker] Log - Extent Reports for Koel Automation Test Suite ending!
[INFO ] 2024-02-01 17:08:54.204 [Test worker] Log - Extent Reports for Koel Automation Test Suite started!
[INFO ] 2024-02-01 17:08:57.333 [TestNG-test=albumsTest-1] Log - checkShuffleButton started!
[ERROR] 2024-02-01 17:09:02.127 [TestNG-test=albumsTest-1] Log - checkShuffleButton failed!
[INFO ] 2024-02-01 17:09:02.509 [TestNG-test=albumsTest-1] Log - screen shot taken for failed test checkShuffleButton
[INFO ] 2024-02-01 17:09:02.620 [Test worker] Log - Extent Reports for Koel Automation Test Suite ending!
[INFO ] 2024-02-01 17:09:32.895 [Test worker] Log - Extent Reports for Koel Automation Test Suite started!
[INFO ] 2024-02-01 17:09:32.900 [Test worker] Log - Extent Reports for Koel Automation Test Suite ending!
[INFO ] 2024-02-01 17:09:33.057 [Test worker] Log - Extent Reports for Koel Automation Test Suite started!
[INFO ] 2024-02-01 17:09:33.058 [Test worker] Log - Extent Reports for Koel Automation Test Suite ending!
[INFO ] 2024-02-01 17:09:33.063 [Test worker] Log - Extent Reports for Koel Automation Test Suite started!
[INFO ] 2024-02-01 17:09:36.659 [TestNG-test=albumsTest-1] Log - checkShuffleButton started!
[ERROR] 2024-02-01 17:09:41.346 [TestNG-test=albumsTest-1] Log - checkShuffleButton failed!
[INFO ] 2024-02-01 17:09:41.706 [TestNG-test=albumsTest-1] Log - screen shot taken for failed test checkShuffleButton
[INFO ] 2024-02-01 17:09:41.839 [Test worker] Log - Extent Reports for Koel Automation Test Suite ending!
[INFO ] 2024-02-01 17:10:13.817 [Test worker] Log - Extent Reports for Koel Automation Test Suite started!
[INFO ] 2024-02-01 17:10:13.822 [Test worker] Log - Extent Reports for Koel Automation Test Suite ending!
[INFO ] 2024-02-01 17:10:13.976 [Test worker] Log - Extent Reports for Koel Automation Test Suite started!
[INFO ] 2024-02-01 17:10:13.976 [Test worker] Log - Extent Reports for Koel Automation Test Suite ending!
[INFO ] 2024-02-01 17:10:13.982 [Test worker] Log - Extent Reports for Koel Automation Test Suite started!
[INFO ] 2024-02-01 17:10:17.035 [TestNG-test=albumsTest-1] Log - checkDownloadButton started!
[ERROR] 2024-02-01 17:10:21.666 [TestNG-test=albumsTest-1] Log - checkDownloadButton failed!
[INFO ] 2024-02-01 17:10:22.027 [TestNG-test=albumsTest-1] Log - screen shot taken for failed test checkDownloadButton
[INFO ] 2024-02-01 17:10:22.139 [Test worker] Log - Extent Reports for Koel Automation Test Suite ending!
[INFO ] 2024-02-01 17:11:25.147 [Test worker] Log - Extent Reports for Koel Automation Test Suite started!
[INFO ] 2024-02-01 17:11:25.151 [Test worker] Log - Extent Reports for Koel Automation Test Suite ending!
[INFO ] 2024-02-01 17:11:25.300 [Test worker] Log - Extent Reports for Koel Automation Test Suite started!
[INFO ] 2024-02-01 17:11:25.301 [Test worker] Log - Extent Reports for Koel Automation Test Suite ending!
[INFO ] 2024-02-01 17:11:25.306 [Test worker] Log - Extent Reports for Koel Automation Test Suite started!
[INFO ] 2024-02-01 17:11:28.442 [TestNG-test=albumsTest-1] Log - checkDownloadButton started!
[ERROR] 2024-02-01 17:11:29.383 [TestNG-test=albumsTest-1] Log - checkDownloadButton failed!
[INFO ] 2024-02-01 17:11:29.708 [TestNG-test=albumsTest-1] Log - screen shot taken for failed test checkDownloadButton
[INFO ] 2024-02-01 17:11:29.845 [Test worker] Log - Extent Reports for Koel Automation Test Suite ending!
[INFO ] 2024-02-01 17:11:46.399 [Test worker] Log - Extent Reports for Koel Automation Test Suite started!
[INFO ] 2024-02-01 17:11:46.405 [Test worker] Log - Extent Reports for Koel Automation Test Suite ending!
[INFO ] 2024-02-01 17:11:46.548 [Test worker] Log - Extent Reports for Koel Automation Test Suite started!
[INFO ] 2024-02-01 17:11:46.549 [Test worker] Log - Extent Reports for Koel Automation Test Suite ending!
[INFO ] 2024-02-01 17:11:46.555 [Test worker] Log - Extent Reports for Koel Automation Test Suite started!
[INFO ] 2024-02-01 17:11:49.535 [TestNG-test=albumsTest-1] Log - checkDownloadButton started!
[FATAL] 2024-02-01 17:11:50.412 [TestNG-test=albumsTest-1] Log - Error while calling method: perform - null
[ERROR] 2024-02-01 17:11:50.414 [TestNG-test=albumsTest-1] Log - checkDownloadButton failed!
[INFO ] 2024-02-01 17:11:50.747 [TestNG-test=albumsTest-1] Log - screen shot taken for failed test checkDownloadButton
[INFO ] 2024-02-01 17:11:50.881 [Test worker] Log - Extent Reports for Koel Automation Test Suite ending!
[INFO ] 2024-02-01 17:12:50.779 [Test worker] Log - Extent Reports for Koel Automation Test Suite started!
[INFO ] 2024-02-01 17:12:50.783 [Test worker] Log - Extent Reports for Koel Automation Test Suite ending!
[INFO ] 2024-02-01 17:12:50.937 [Test worker] Log - Extent Reports for Koel Automation Test Suite started!
[INFO ] 2024-02-01 17:12:50.937 [Test worker] Log - Extent Reports for Koel Automation Test Suite ending!
[INFO ] 2024-02-01 17:12:50.942 [Test worker] Log - Extent Reports for Koel Automation Test Suite started!
[INFO ] 2024-02-01 17:12:54.016 [TestNG-test=albumsTest-1] Log - checkDownloadButton started!
[ERROR] 2024-02-01 17:12:57.273 [TestNG-test=albumsTest-1] Log - checkDownloadButton failed!
[INFO ] 2024-02-01 17:12:57.619 [TestNG-test=albumsTest-1] Log - screen shot taken for failed test checkDownloadButton
[INFO ] 2024-02-01 17:12:57.755 [Test worker] Log - Extent Reports for Koel Automation Test Suite ending!
[INFO ] 2024-02-01 17:13:51.306 [Test worker] Log - Extent Reports for Koel Automation Test Suite started!
[INFO ] 2024-02-01 17:13:51.312 [Test worker] Log - Extent Reports for Koel Automation Test Suite ending!
[INFO ] 2024-02-01 17:13:51.464 [Test worker] Log - Extent Reports for Koel Automation Test Suite started!
[INFO ] 2024-02-01 17:13:51.464 [Test worker] Log - Extent Reports for Koel Automation Test Suite ending!
[INFO ] 2024-02-01 17:13:51.470 [Test worker] Log - Extent Reports for Koel Automation Test Suite started!
[INFO ] 2024-02-01 17:13:54.599 [TestNG-test=albumsTest-1] Log - checkDownloadButton started!
[ERROR] 2024-02-01 17:13:57.828 [TestNG-test=albumsTest-1] Log - checkDownloadButton failed!
[INFO ] 2024-02-01 17:13:58.169 [TestNG-test=albumsTest-1] Log - screen shot taken for failed test checkDownloadButton
[INFO ] 2024-02-01 17:13:58.279 [Test worker] Log - Extent Reports for Koel Automation Test Suite ending!
[INFO ] 2024-02-01 17:14:57.284 [Test worker] Log - Extent Reports for Koel Automation Test Suite started!
[INFO ] 2024-02-01 17:14:57.290 [Test worker] Log - Extent Reports for Koel Automation Test Suite ending!
[INFO ] 2024-02-01 17:14:57.446 [Test worker] Log - Extent Reports for Koel Automation Test Suite started!
[INFO ] 2024-02-01 17:14:57.447 [Test worker] Log - Extent Reports for Koel Automation Test Suite ending!
[INFO ] 2024-02-01 17:14:57.452 [Test worker] Log - Extent Reports for Koel Automation Test Suite started!
[INFO ] 2024-02-01 17:15:00.511 [TestNG-test=albumsTest-1] Log - checkDownloadButton started!
[INFO ] 2024-02-01 17:16:46.925 [Test worker] Log - Extent Reports for Koel Automation Test Suite started!
[INFO ] 2024-02-01 17:16:46.931 [Test worker] Log - Extent Reports for Koel Automation Test Suite ending!
[INFO ] 2024-02-01 17:16:47.082 [Test worker] Log - Extent Reports for Koel Automation Test Suite started!
[INFO ] 2024-02-01 17:16:47.082 [Test worker] Log - Extent Reports for Koel Automation Test Suite ending!
[INFO ] 2024-02-01 17:16:47.087 [Test worker] Log - Extent Reports for Koel Automation Test Suite started!
[INFO ] 2024-02-01 17:16:50.209 [TestNG-test=albumsTest-1] Log - checkDownloadButton started!
[ERROR] 2024-02-01 17:17:01.719 [TestNG-test=albumsTest-1] Log - checkDownloadButton failed!
[INFO ] 2024-02-01 17:17:02.249 [TestNG-test=albumsTest-1] Log - screen shot taken for failed test checkDownloadButton
[INFO ] 2024-02-01 17:17:02.389 [Test worker] Log - Extent Reports for Koel Automation Test Suite ending!
[INFO ] 2024-02-01 17:17:52.613 [Test worker] Log - Extent Reports for Koel Automation Test Suite started!
[INFO ] 2024-02-01 17:17:52.618 [Test worker] Log - Extent Reports for Koel Automation Test Suite ending!
[INFO ] 2024-02-01 17:17:52.796 [Test worker] Log - Extent Reports for Koel Automation Test Suite started!
[INFO ] 2024-02-01 17:17:52.797 [Test worker] Log - Extent Reports for Koel Automation Test Suite ending!
[INFO ] 2024-02-01 17:17:52.803 [Test worker] Log - Extent Reports for Koel Automation Test Suite started!
[INFO ] 2024-02-01 17:17:56.082 [TestNG-test=albumsTest-1] Log - checkDownloadButton started!
[ERROR] 2024-02-01 17:18:07.891 [TestNG-test=albumsTest-1] Log - checkDownloadButton failed!
[INFO ] 2024-02-01 17:18:08.259 [TestNG-test=albumsTest-1] Log - screen shot taken for failed test checkDownloadButton
[INFO ] 2024-02-01 17:18:08.391 [Test worker] Log - Extent Reports for Koel Automation Test Suite ending!
[INFO ] 2024-02-01 17:24:47.849 [Test worker] Log - Extent Reports for Koel Automation Test Suite started!
[INFO ] 2024-02-01 17:24:47.854 [Test worker] Log - Extent Reports for Koel Automation Test Suite ending!
[INFO ] 2024-02-01 17:24:48.009 [Test worker] Log - Extent Reports for Koel Automation Test Suite started!
[INFO ] 2024-02-01 17:24:48.009 [Test worker] Log - Extent Reports for Koel Automation Test Suite ending!
[INFO ] 2024-02-01 17:24:48.016 [Test worker] Log - Extent Reports for Koel Automation Test Suite started!
[INFO ] 2024-02-01 17:24:51.112 [TestNG-test=albumsTest-1] Log - checkDownloadButton started!
[ERROR] 2024-02-01 17:24:56.364 [TestNG-test=albumsTest-1] Log - checkDownloadButton failed!
[INFO ] 2024-02-01 17:24:56.720 [TestNG-test=albumsTest-1] Log - screen shot taken for failed test checkDownloadButton
[INFO ] 2024-02-01 17:24:56.852 [Test worker] Log - Extent Reports for Koel Automation Test Suite ending!
[INFO ] 2024-02-01 17:25:45.185 [Test worker] Log - Extent Reports for Koel Automation Test Suite started!
[INFO ] 2024-02-01 17:25:45.190 [Test worker] Log - Extent Reports for Koel Automation Test Suite ending!
[INFO ] 2024-02-01 17:25:45.333 [Test worker] Log - Extent Reports for Koel Automation Test Suite started!
[INFO ] 2024-02-01 17:25:45.334 [Test worker] Log - Extent Reports for Koel Automation Test Suite ending!
[INFO ] 2024-02-01 17:25:45.340 [Test worker] Log - Extent Reports for Koel Automation Test Suite started!
[INFO ] 2024-02-01 17:25:48.396 [TestNG-test=albumsTest-1] Log - checkDownloadButton started!
[FATAL] 2024-02-01 17:25:49.267 [TestNG-test=albumsTest-1] Log - Error while calling method: perform - null
[ERROR] 2024-02-01 17:25:49.268 [TestNG-test=albumsTest-1] Log - checkDownloadButton failed!
[INFO ] 2024-02-01 17:25:49.605 [TestNG-test=albumsTest-1] Log - screen shot taken for failed test checkDownloadButton
[INFO ] 2024-02-01 17:25:49.719 [Test worker] Log - Extent Reports for Koel Automation Test Suite ending!
[INFO ] 2024-02-01 17:26:49.061 [Test worker] Log - Extent Reports for Koel Automation Test Suite started!
[INFO ] 2024-02-01 17:26:49.066 [Test worker] Log - Extent Reports for Koel Automation Test Suite ending!
[INFO ] 2024-02-01 17:26:49.213 [Test worker] Log - Extent Reports for Koel Automation Test Suite started!
[INFO ] 2024-02-01 17:26:49.214 [Test worker] Log - Extent Reports for Koel Automation Test Suite ending!
[INFO ] 2024-02-01 17:26:49.221 [Test worker] Log - Extent Reports for Koel Automation Test Suite started!
[INFO ] 2024-02-01 17:26:52.412 [TestNG-test=albumsTest-1] Log - checkDownloadButton started!
[ERROR] 2024-02-01 17:26:57.839 [TestNG-test=albumsTest-1] Log - checkDownloadButton failed!
[INFO ] 2024-02-01 17:26:58.194 [TestNG-test=albumsTest-1] Log - screen shot taken for failed test checkDownloadButton
[INFO ] 2024-02-01 17:26:58.307 [Test worker] Log - Extent Reports for Koel Automation Test Suite ending!
[INFO ] 2024-02-01 17:27:30.994 [Test worker] Log - Extent Reports for Koel Automation Test Suite started!
[INFO ] 2024-02-01 17:27:30.998 [Test worker] Log - Extent Reports for Koel Automation Test Suite ending!
[INFO ] 2024-02-01 17:27:31.149 [Test worker] Log - Extent Reports for Koel Automation Test Suite started!
[INFO ] 2024-02-01 17:27:31.150 [Test worker] Log - Extent Reports for Koel Automation Test Suite ending!
[INFO ] 2024-02-01 17:27:31.155 [Test worker] Log - Extent Reports for Koel Automation Test Suite started!
[INFO ] 2024-02-01 17:27:34.325 [TestNG-test=albumsTest-1] Log - checkDownloadButton started!
[ERROR] 2024-02-01 17:27:39.444 [TestNG-test=albumsTest-1] Log - checkDownloadButton failed!
[INFO ] 2024-02-01 17:27:39.787 [TestNG-test=albumsTest-1] Log - screen shot taken for failed test checkDownloadButton
[INFO ] 2024-02-01 17:27:39.896 [Test worker] Log - Extent Reports for Koel Automation Test Suite ending!
[INFO ] 2024-02-01 17:39:38.999 [Test worker] Log - Extent Reports for Koel Automation Test Suite started!
[INFO ] 2024-02-01 17:39:39.003 [Test worker] Log - Extent Reports for Koel Automation Test Suite ending!
[INFO ] 2024-02-01 17:39:39.243 [Test worker] Log - Extent Reports for Koel Automation Test Suite started!
[INFO ] 2024-02-01 17:39:39.244 [Test worker] Log - Extent Reports for Koel Automation Test Suite ending!
[INFO ] 2024-02-01 17:39:39.251 [Test worker] Log - Extent Reports for Koel Automation Test Suite started!
[INFO ] 2024-02-01 17:39:44.224 [TestNG-test=albumsTest-1] Log - checkDownloadButton started!
[ERROR] 2024-02-01 17:39:45.340 [TestNG-test=albumsTest-1] Log - checkDownloadButton failed!
[INFO ] 2024-02-01 17:39:45.754 [TestNG-test=albumsTest-1] Log - screen shot taken for failed test checkDownloadButton
[INFO ] 2024-02-01 17:39:45.881 [Test worker] Log - Extent Reports for Koel Automation Test Suite ending!
[INFO ] 2024-02-01 17:41:23.850 [Test worker] Log - Extent Reports for Koel Automation Test Suite started!
[INFO ] 2024-02-01 17:41:23.855 [Test worker] Log - Extent Reports for Koel Automation Test Suite ending!
[INFO ] 2024-02-01 17:41:24.027 [Test worker] Log - Extent Reports for Koel Automation Test Suite started!
[INFO ] 2024-02-01 17:41:24.028 [Test worker] Log - Extent Reports for Koel Automation Test Suite ending!
[INFO ] 2024-02-01 17:41:24.035 [Test worker] Log - Extent Reports for Koel Automation Test Suite started!
[INFO ] 2024-02-01 17:41:27.251 [TestNG-test=albumsTest-1] Log - checkDownloadButton started!
[INFO ] 2024-02-01 17:43:35.538 [Test worker] Log - Extent Reports for Koel Automation Test Suite started!
[INFO ] 2024-02-01 17:43:35.542 [Test worker] Log - Extent Reports for Koel Automation Test Suite ending!
[INFO ] 2024-02-01 17:43:35.692 [Test worker] Log - Extent Reports for Koel Automation Test Suite started!
[INFO ] 2024-02-01 17:43:35.692 [Test worker] Log - Extent Reports for Koel Automation Test Suite ending!
[INFO ] 2024-02-01 17:43:35.699 [Test worker] Log - Extent Reports for Koel Automation Test Suite started!
[INFO ] 2024-02-01 17:43:39.217 [TestNG-test=albumsTest-1] Log - checkDownloadButton started!
[FATAL] 2024-02-01 17:43:51.435 [TestNG-test=albumsTest-1] Log - Error while calling method: perform - null
[ERROR] 2024-02-01 17:43:51.437 [TestNG-test=albumsTest-1] Log - checkDownloadButton failed!
[INFO ] 2024-02-01 17:43:51.881 [TestNG-test=albumsTest-1] Log - screen shot taken for failed test checkDownloadButton
[INFO ] 2024-02-01 17:43:52.021 [Test worker] Log - Extent Reports for Koel Automation Test Suite ending!
[INFO ] 2024-02-01 17:44:49.968 [Test worker] Log - Extent Reports for Koel Automation Test Suite started!
[INFO ] 2024-02-01 17:44:49.973 [Test worker] Log - Extent Reports for Koel Automation Test Suite ending!
[INFO ] 2024-02-01 17:44:50.135 [Test worker] Log - Extent Reports for Koel Automation Test Suite started!
[INFO ] 2024-02-01 17:44:50.136 [Test worker] Log - Extent Reports for Koel Automation Test Suite ending!
[INFO ] 2024-02-01 17:44:50.142 [Test worker] Log - Extent Reports for Koel Automation Test Suite started!
[INFO ] 2024-02-01 17:44:53.537 [TestNG-test=albumsTest-1] Log - checkDownloadButton started!
[FATAL] 2024-02-01 17:45:15.894 [TestNG-test=albumsTest-1] Log - Error while calling method: perform - null
[ERROR] 2024-02-01 17:45:15.896 [TestNG-test=albumsTest-1] Log - checkDownloadButton failed!
[INFO ] 2024-02-01 17:45:16.251 [TestNG-test=albumsTest-1] Log - screen shot taken for failed test checkDownloadButton
[INFO ] 2024-02-01 17:45:16.365 [Test worker] Log - Extent Reports for Koel Automation Test Suite ending!
[INFO ] 2024-02-01 17:48:48.787 [Test worker] Log - Extent Reports for Koel Automation Test Suite started!
[INFO ] 2024-02-01 17:48:48.791 [Test worker] Log - Extent Reports for Koel Automation Test Suite ending!
[INFO ] 2024-02-01 17:48:48.955 [Test worker] Log - Extent Reports for Koel Automation Test Suite started!
[INFO ] 2024-02-01 17:48:48.955 [Test worker] Log - Extent Reports for Koel Automation Test Suite ending!
[INFO ] 2024-02-01 17:48:48.962 [Test worker] Log - Extent Reports for Koel Automation Test Suite started!
[INFO ] 2024-02-01 17:48:52.256 [TestNG-test=albumsTest-1] Log - checkDownloadButton started!
[INFO ] 2024-02-01 17:48:59.765 [TestNG-test=albumsTest-1] Log - checkDownloadButton passed!
[INFO ] 2024-02-01 17:48:59.892 [Test worker] Log - Extent Reports for Koel Automation Test Suite ending!
[INFO ] 2024-02-01 17:49:43.232 [Test worker] Log - Extent Reports for Koel Automation Test Suite started!
[INFO ] 2024-02-01 17:49:43.236 [Test worker] Log - Extent Reports for Koel Automation Test Suite ending!
[INFO ] 2024-02-01 17:49:43.393 [Test worker] Log - Extent Reports for Koel Automation Test Suite started!
[INFO ] 2024-02-01 17:49:43.394 [Test worker] Log - Extent Reports for Koel Automation Test Suite ending!
[INFO ] 2024-02-01 17:49:43.399 [Test worker] Log - Extent Reports for Koel Automation Test Suite started!
[INFO ] 2024-02-01 17:49:46.721 [TestNG-test=albumsTest-1] Log - checkShuffleButton started!
[FATAL] 2024-02-01 17:49:47.769 [TestNG-test=albumsTest-1] Log - Error while calling method: findElements - null
[FATAL] 2024-02-01 17:49:47.776 [TestNG-test=albumsTest-1] Log - Error while calling method: findElements - null
[FATAL] 2024-02-01 17:49:48.039 [TestNG-test=albumsTest-1] Log - Error while calling method: findElements - null
[FATAL] 2024-02-01 17:49:48.298 [TestNG-test=albumsTest-1] Log - Error while calling method: findElements - null
[FATAL] 2024-02-01 17:49:48.558 [TestNG-test=albumsTest-1] Log - Error while calling method: findElements - null
[FATAL] 2024-02-01 17:49:48.822 [TestNG-test=albumsTest-1] Log - Error while calling method: findElements - null
[FATAL] 2024-02-01 17:49:49.082 [TestNG-test=albumsTest-1] Log - Error while calling method: findElements - null
[FATAL] 2024-02-01 17:49:49.342 [TestNG-test=albumsTest-1] Log - Error while calling method: findElements - null
[FATAL] 2024-02-01 17:49:49.606 [TestNG-test=albumsTest-1] Log - Error while calling method: findElements - null
[FATAL] 2024-02-01 17:49:49.867 [TestNG-test=albumsTest-1] Log - Error while calling method: findElements - null
[FATAL] 2024-02-01 17:49:50.127 [TestNG-test=albumsTest-1] Log - Error while calling method: findElements - null
[FATAL] 2024-02-01 17:49:50.387 [TestNG-test=albumsTest-1] Log - Error while calling method: findElements - null
[FATAL] 2024-02-01 17:49:50.647 [TestNG-test=albumsTest-1] Log - Error while calling method: findElements - null
[FATAL] 2024-02-01 17:49:50.906 [TestNG-test=albumsTest-1] Log - Error while calling method: findElements - null
[FATAL] 2024-02-01 17:49:51.172 [TestNG-test=albumsTest-1] Log - Error while calling method: findElements - null
[FATAL] 2024-02-01 17:49:51.431 [TestNG-test=albumsTest-1] Log - Error while calling method: findElements - null
[FATAL] 2024-02-01 17:49:51.689 [TestNG-test=albumsTest-1] Log - Error while calling method: findElements - null
[FATAL] 2024-02-01 17:49:51.950 [TestNG-test=albumsTest-1] Log - Error while calling method: findElements - null
[FATAL] 2024-02-01 17:49:52.211 [TestNG-test=albumsTest-1] Log - Error while calling method: findElements - null
[FATAL] 2024-02-01 17:49:52.481 [TestNG-test=albumsTest-1] Log - Error while calling method: findElements - null
[FATAL] 2024-02-01 17:49:52.739 [TestNG-test=albumsTest-1] Log - Error while calling method: findElements - null
[FATAL] 2024-02-01 17:49:52.997 [TestNG-test=albumsTest-1] Log - Error while calling method: findElements - null
[FATAL] 2024-02-01 17:49:53.256 [TestNG-test=albumsTest-1] Log - Error while calling method: findElements - null
[FATAL] 2024-02-01 17:49:53.515 [TestNG-test=albumsTest-1] Log - Error while calling method: findElements - null
[FATAL] 2024-02-01 17:49:53.773 [TestNG-test=albumsTest-1] Log - Error while calling method: findElements - null
[FATAL] 2024-02-01 17:49:54.033 [TestNG-test=albumsTest-1] Log - Error while calling method: findElements - null
[FATAL] 2024-02-01 17:49:54.293 [TestNG-test=albumsTest-1] Log - Error while calling method: findElements - null
[FATAL] 2024-02-01 17:49:54.551 [TestNG-test=albumsTest-1] Log - Error while calling method: findElements - null
[FATAL] 2024-02-01 17:49:54.810 [TestNG-test=albumsTest-1] Log - Error while calling method: findElements - null
[FATAL] 2024-02-01 17:49:55.069 [TestNG-test=albumsTest-1] Log - Error while calling method: findElements - null
[FATAL] 2024-02-01 17:49:55.331 [TestNG-test=albumsTest-1] Log - Error while calling method: findElements - null
[FATAL] 2024-02-01 17:49:55.591 [TestNG-test=albumsTest-1] Log - Error while calling method: findElements - null
[FATAL] 2024-02-01 17:49:55.853 [TestNG-test=albumsTest-1] Log - Error while calling method: findElements - null
[FATAL] 2024-02-01 17:49:56.110 [TestNG-test=albumsTest-1] Log - Error while calling method: findElements - null
[FATAL] 2024-02-01 17:49:56.373 [TestNG-test=albumsTest-1] Log - Error while calling method: findElements - null
[FATAL] 2024-02-01 17:49:56.632 [TestNG-test=albumsTest-1] Log - Error while calling method: findElements - null
[FATAL] 2024-02-01 17:49:56.894 [TestNG-test=albumsTest-1] Log - Error while calling method: findElements - null
[FATAL] 2024-02-01 17:49:57.161 [TestNG-test=albumsTest-1] Log - Error while calling method: findElements - null
[FATAL] 2024-02-01 17:49:57.422 [TestNG-test=albumsTest-1] Log - Error while calling method: findElements - null
[FATAL] 2024-02-01 17:49:57.685 [TestNG-test=albumsTest-1] Log - Error while calling method: findElements - null
[FATAL] 2024-02-01 17:49:57.949 [TestNG-test=albumsTest-1] Log - Error while calling method: findElements - null
[ERROR] 2024-02-01 17:49:57.951 [TestNG-test=albumsTest-1] Log - checkShuffleButton failed!
[INFO ] 2024-02-01 17:49:58.504 [TestNG-test=albumsTest-1] Log - screen shot taken for failed test checkShuffleButton
[INFO ] 2024-02-01 17:49:58.656 [Test worker] Log - Extent Reports for Koel Automation Test Suite ending!
[INFO ] 2024-02-01 17:51:47.568 [Test worker] Log - Extent Reports for Koel Automation Test Suite started!
[INFO ] 2024-02-01 17:51:47.573 [Test worker] Log - Extent Reports for Koel Automation Test Suite ending!
[INFO ] 2024-02-01 17:51:47.741 [Test worker] Log - Extent Reports for Koel Automation Test Suite started!
[INFO ] 2024-02-01 17:51:47.742 [Test worker] Log - Extent Reports for Koel Automation Test Suite ending!
[INFO ] 2024-02-01 17:51:47.747 [Test worker] Log - Extent Reports for Koel Automation Test Suite started!
[INFO ] 2024-02-01 17:51:50.900 [TestNG-test=albumsTest-1] Log - checkShuffleButton started!
[INFO ] 2024-02-01 17:51:58.308 [TestNG-test=albumsTest-1] Log - checkShuffleButton passed!
[INFO ] 2024-02-01 17:51:58.424 [Test worker] Log - Extent Reports for Koel Automation Test Suite ending!
[INFO ] 2024-02-01 17:52:11.929 [Test worker] Log - Extent Reports for Koel Automation Test Suite started!
[INFO ] 2024-02-01 17:52:11.933 [Test worker] Log - Extent Reports for Koel Automation Test Suite ending!
[INFO ] 2024-02-01 17:52:12.093 [Test worker] Log - Extent Reports for Koel Automation Test Suite started!
[INFO ] 2024-02-01 17:52:12.094 [Test worker] Log - Extent Reports for Koel Automation Test Suite ending!
[INFO ] 2024-02-01 17:52:12.099 [Test worker] Log - Extent Reports for Koel Automation Test Suite started!
[INFO ] 2024-02-01 17:52:15.251 [TestNG-test=albumsTest-1] Log - checkShuffleButton started!
[INFO ] 2024-02-01 17:52:22.643 [TestNG-test=albumsTest-1] Log - checkShuffleButton passed!
[INFO ] 2024-02-01 17:52:22.784 [Test worker] Log - Extent Reports for Koel Automation Test Suite ending!
[INFO ] 2024-02-01 20:44:31.424 [Test worker] Log - Extent Reports for Koel Automation Test Suite started!
[INFO ] 2024-02-01 20:44:31.429 [Test worker] Log - Extent Reports for Koel Automation Test Suite ending!
[INFO ] 2024-02-01 20:44:31.606 [Test worker] Log - Extent Reports for Koel Automation Test Suite started!
[INFO ] 2024-02-01 20:44:35.928 [TestNG-test=favoritesAndSearch-1] Log - checkRows started!
[INFO ] 2024-02-01 20:44:37.423 [TestNG-test=favoritesAndSearch-1] Log - checkRows passed!
[INFO ] 2024-02-01 20:44:37.549 [Test worker] Log - Extent Reports for Koel Automation Test Suite ending!
[INFO ] 2024-02-01 20:44:37.590 [Test worker] Log - Extent Reports for Koel Automation Test Suite started!
[INFO ] 2024-02-01 20:44:37.591 [Test worker] Log - Extent Reports for Koel Automation Test Suite ending!
[INFO ] 2024-02-01 20:45:05.769 [Test worker] Log - Extent Reports for Koel Automation Test Suite started!
[INFO ] 2024-02-01 20:45:05.774 [Test worker] Log - Extent Reports for Koel Automation Test Suite ending!
[INFO ] 2024-02-01 20:45:05.935 [Test worker] Log - Extent Reports for Koel Automation Test Suite started!
[INFO ] 2024-02-01 20:45:09.427 [TestNG-test=favoritesAndSearch-1] Log - checkRows started!
[INFO ] 2024-02-01 20:45:12.833 [TestNG-test=favoritesAndSearch-1] Log - checkRows passed!
[INFO ] 2024-02-01 20:45:12.946 [Test worker] Log - Extent Reports for Koel Automation Test Suite ending!
[INFO ] 2024-02-01 20:45:12.985 [Test worker] Log - Extent Reports for Koel Automation Test Suite started!
[INFO ] 2024-02-01 20:45:12.985 [Test worker] Log - Extent Reports for Koel Automation Test Suite ending!
[INFO ] 2024-02-01 20:46:33.177 [Test worker] Log - Extent Reports for Koel Automation Test Suite started!
[INFO ] 2024-02-01 20:46:33.182 [Test worker] Log - Extent Reports for Koel Automation Test Suite ending!
[INFO ] 2024-02-01 20:46:33.332 [Test worker] Log - Extent Reports for Koel Automation Test Suite started!
[INFO ] 2024-02-01 20:46:36.907 [TestNG-test=favoritesAndSearch-1] Log - checkRows started!
[INFO ] 2024-02-01 20:46:40.758 [TestNG-test=favoritesAndSearch-1] Log - checkRows passed!
[INFO ] 2024-02-01 20:46:40.875 [Test worker] Log - Extent Reports for Koel Automation Test Suite ending!
[INFO ] 2024-02-01 20:46:40.913 [Test worker] Log - Extent Reports for Koel Automation Test Suite started!
[INFO ] 2024-02-01 20:46:40.914 [Test worker] Log - Extent Reports for Koel Automation Test Suite ending!
[INFO ] 2024-02-01 20:48:21.555 [Test worker] Log - Extent Reports for Koel Automation Test Suite started!
[INFO ] 2024-02-01 20:48:21.561 [Test worker] Log - Extent Reports for Koel Automation Test Suite ending!
[INFO ] 2024-02-01 20:48:21.735 [Test worker] Log - Extent Reports for Koel Automation Test Suite started!
[INFO ] 2024-02-01 20:48:25.321 [TestNG-test=favoritesAndSearch-1] Log - checkRows started!
[INFO ] 2024-02-01 20:49:56.441 [Test worker] Log - Extent Reports for Koel Automation Test Suite started!
[INFO ] 2024-02-01 20:49:56.445 [Test worker] Log - Extent Reports for Koel Automation Test Suite ending!
[INFO ] 2024-02-01 20:49:56.594 [Test worker] Log - Extent Reports for Koel Automation Test Suite started!
[INFO ] 2024-02-01 20:49:59.834 [TestNG-test=favoritesAndSearch-1] Log - checkRows started!
[INFO ] 2024-02-01 20:50:03.292 [TestNG-test=favoritesAndSearch-1] Log - checkRows passed!
[INFO ] 2024-02-01 20:50:03.407 [Test worker] Log - Extent Reports for Koel Automation Test Suite ending!
[INFO ] 2024-02-01 20:50:03.441 [Test worker] Log - Extent Reports for Koel Automation Test Suite started!
[INFO ] 2024-02-01 20:50:03.442 [Test worker] Log - Extent Reports for Koel Automation Test Suite ending!
[INFO ] 2024-02-01 20:57:25.469 [Test worker] Log - Extent Reports for Koel Automation Test Suite started!
[INFO ] 2024-02-01 20:57:25.474 [Test worker] Log - Extent Reports for Koel Automation Test Suite ending!
[INFO ] 2024-02-01 20:57:25.639 [Test worker] Log - Extent Reports for Koel Automation Test Suite started!
[INFO ] 2024-02-01 20:57:28.811 [TestNG-test=favoritesAndSearch-1] Log - getSongTotal started!
[INFO ] 2024-02-01 20:57:30.015 [TestNG-test=favoritesAndSearch-1] Log - getSongTotal passed!
[INFO ] 2024-02-01 20:57:30.148 [Test worker] Log - Extent Reports for Koel Automation Test Suite ending!
[INFO ] 2024-02-01 20:57:30.169 [Test worker] Log - Extent Reports for Koel Automation Test Suite started!
[INFO ] 2024-02-01 20:57:30.169 [Test worker] Log - Extent Reports for Koel Automation Test Suite ending!
[INFO ] 2024-02-01 21:00:12.735 [Test worker] Log - Extent Reports for Koel Automation Test Suite started!
[INFO ] 2024-02-01 21:00:12.740 [Test worker] Log - Extent Reports for Koel Automation Test Suite ending!
[INFO ] 2024-02-01 21:00:12.897 [Test worker] Log - Extent Reports for Koel Automation Test Suite started!
[INFO ] 2024-02-01 21:00:16.697 [TestNG-test=favoritesAndSearch-1] Log - songTotalIsDisplayed started!
[INFO ] 2024-02-01 21:00:16.766 [TestNG-test=favoritesAndSearch-1] Log - songTotalIsDisplayed passed!
[INFO ] 2024-02-01 21:00:16.884 [Test worker] Log - Extent Reports for Koel Automation Test Suite ending!
[INFO ] 2024-02-01 21:00:16.918 [Test worker] Log - Extent Reports for Koel Automation Test Suite started!
[INFO ] 2024-02-01 21:00:16.920 [Test worker] Log - Extent Reports for Koel Automation Test Suite ending!
[INFO ] 2024-02-01 21:01:46.209 [Test worker] Log - Extent Reports for Koel Automation Test Suite started!
[INFO ] 2024-02-01 21:01:46.213 [Test worker] Log - Extent Reports for Koel Automation Test Suite ending!
[INFO ] 2024-02-01 21:01:46.363 [Test worker] Log - Extent Reports for Koel Automation Test Suite started!
[INFO ] 2024-02-01 21:01:50.093 [TestNG-test=favoritesAndSearch-1] Log - getSongTotal started!
[ERROR] 2024-02-01 21:01:50.600 [TestNG-test=favoritesAndSearch-1] Log - getSongTotal failed!
[INFO ] 2024-02-01 21:01:51.054 [TestNG-test=favoritesAndSearch-1] Log - screen shot taken for failed test getSongTotal
[INFO ] 2024-02-01 21:01:51.169 [Test worker] Log - Extent Reports for Koel Automation Test Suite ending!
[INFO ] 2024-02-01 21:01:51.208 [Test worker] Log - Extent Reports for Koel Automation Test Suite started!
[INFO ] 2024-02-01 21:01:51.209 [Test worker] Log - Extent Reports for Koel Automation Test Suite ending!
[INFO ] 2024-02-01 21:03:35.008 [Test worker] Log - Extent Reports for Koel Automation Test Suite started!
[INFO ] 2024-02-01 21:03:35.012 [Test worker] Log - Extent Reports for Koel Automation Test Suite ending!
[INFO ] 2024-02-01 21:03:35.185 [Test worker] Log - Extent Reports for Koel Automation Test Suite started!
[INFO ] 2024-02-01 21:03:38.981 [TestNG-test=favoritesAndSearch-1] Log - getTotalDurationFromHeader started!
[INFO ] 2024-02-01 21:03:39.071 [TestNG-test=favoritesAndSearch-1] Log - getTotalDurationFromHeader passed!
[INFO ] 2024-02-01 21:03:39.203 [Test worker] Log - Extent Reports for Koel Automation Test Suite ending!
[INFO ] 2024-02-01 21:03:39.232 [Test worker] Log - Extent Reports for Koel Automation Test Suite started!
[INFO ] 2024-02-01 21:03:39.233 [Test worker] Log - Extent Reports for Koel Automation Test Suite ending!
[INFO ] 2024-02-01 21:04:21.800 [Test worker] Log - Extent Reports for Koel Automation Test Suite started!
[INFO ] 2024-02-01 21:04:21.805 [Test worker] Log - Extent Reports for Koel Automation Test Suite ending!
[INFO ] 2024-02-01 21:04:21.963 [Test worker] Log - Extent Reports for Koel Automation Test Suite started!
[INFO ] 2024-02-01 21:04:25.821 [TestNG-test=favoritesAndSearch-1] Log - totalDurationInHeader started!
[INFO ] 2024-02-01 21:04:25.905 [TestNG-test=favoritesAndSearch-1] Log - totalDurationInHeader passed!
[INFO ] 2024-02-01 21:04:26.020 [Test worker] Log - Extent Reports for Koel Automation Test Suite ending!
[INFO ] 2024-02-01 21:04:26.050 [Test worker] Log - Extent Reports for Koel Automation Test Suite started!
[INFO ] 2024-02-01 21:04:26.050 [Test worker] Log - Extent Reports for Koel Automation Test Suite ending!
[INFO ] 2024-02-01 21:05:24.595 [Test worker] Log - Extent Reports for Koel Automation Test Suite started!
[INFO ] 2024-02-01 21:05:24.599 [Test worker] Log - Extent Reports for Koel Automation Test Suite ending!
[INFO ] 2024-02-01 21:05:24.765 [Test worker] Log - Extent Reports for Koel Automation Test Suite started!
[INFO ] 2024-02-01 21:05:28.514 [TestNG-test=favoritesAndSearch-1] Log - getSongTotal started!
[INFO ] 2024-02-01 21:05:28.607 [TestNG-test=favoritesAndSearch-1] Log - getSongTotal passed!
[INFO ] 2024-02-01 21:05:28.732 [Test worker] Log - Extent Reports for Koel Automation Test Suite ending!
[INFO ] 2024-02-01 21:05:28.763 [Test worker] Log - Extent Reports for Koel Automation Test Suite started!
[INFO ] 2024-02-01 21:05:28.764 [Test worker] Log - Extent Reports for Koel Automation Test Suite ending!
