[INFO ] 2023-12-29 08:49:34.230 [Test worker] Log - Extent Reports for Koel Automation Test Suite started!
[INFO ] 2023-12-29 08:49:34.235 [Test worker] Log - Extent Reports for Koel Automation Test Suite ending!
[INFO ] 2023-12-29 08:49:34.371 [Test worker] Log - Extent Reports for Koel Automation Test Suite started!
[FATAL] 2023-12-29 08:49:38.757 [TestNG-test=Sprint-9-1] Log - Error while calling method: sendKeys - null
[INFO ] 2023-12-29 08:49:38.760 [TestNG-test=Sprint-9-1] Log - useLogoutButton started!
[WARN ] 2023-12-29 08:49:38.763 [TestNG-test=Sprint-9-1] Log - useLogoutButton skipped
[INFO ] 2023-12-29 08:49:38.769 [Test worker] Log - Extent Reports for Koel Automation Test Suite ending!
[INFO ] 2023-12-29 08:55:48.563 [Test worker] Log - Extent Reports for Koel Automation Test Suite started!
[INFO ] 2023-12-29 08:55:48.566 [Test worker] Log - Extent Reports for Koel Automation Test Suite ending!
[INFO ] 2023-12-29 08:55:48.697 [Test worker] Log - Extent Reports for Koel Automation Test Suite started!
[INFO ] 2023-12-29 08:55:52.565 [TestNG-test=Sprint-9-1] Log - useLogoutButton started!
[INFO ] 2023-12-29 08:55:53.022 [TestNG-test=Sprint-9-1] Log - useLogoutButton passed!
[INFO ] 2023-12-29 08:55:53.189 [Test worker] Log - Extent Reports for Koel Automation Test Suite ending!
[INFO ] 2023-12-29 10:32:45.974 [Test worker] Log - Extent Reports for Koel Automation Test Suite started!
[INFO ] 2023-12-29 10:32:45.977 [Test worker] Log - Extent Reports for Koel Automation Test Suite ending!
[INFO ] 2023-12-29 10:32:46.125 [Test worker] Log - Extent Reports for Koel Automation Test Suite started!
[INFO ] 2023-12-29 10:32:50.196 [TestNG-test=Sprint-9-1] Log - deleteAllPlaylists started!
[INFO ] 2023-12-29 10:42:17.958 [Test worker] Log - Extent Reports for Koel Automation Test Suite started!
[INFO ] 2023-12-29 10:42:17.961 [Test worker] Log - Extent Reports for Koel Automation Test Suite ending!
[INFO ] 2023-12-29 10:42:18.090 [Test worker] Log - Extent Reports for Koel Automation Test Suite started!
[INFO ] 2023-12-29 10:42:21.158 [TestNG-test=Sprint-9-1] Log - deleteAllPlaylists started!
[INFO ] 2023-12-29 10:45:05.427 [Test worker] Log - Extent Reports for Koel Automation Test Suite started!
[INFO ] 2023-12-29 10:45:05.431 [Test worker] Log - Extent Reports for Koel Automation Test Suite ending!
[INFO ] 2023-12-29 10:45:05.558 [Test worker] Log - Extent Reports for Koel Automation Test Suite started!
[INFO ] 2023-12-29 10:45:08.655 [TestNG-test=Sprint-9-1] Log - deleteAllPlaylists started!
[INFO ] 2023-12-29 10:47:32.017 [Test worker] Log - Extent Reports for Koel Automation Test Suite started!
[INFO ] 2023-12-29 10:47:32.020 [Test worker] Log - Extent Reports for Koel Automation Test Suite ending!
[INFO ] 2023-12-29 10:47:32.148 [Test worker] Log - Extent Reports for Koel Automation Test Suite started!
[INFO ] 2023-12-29 10:47:35.309 [TestNG-test=Sprint-9-1] Log - deleteAllPlaylists started!
[INFO ] 2023-12-29 10:50:58.278 [Test worker] Log - Extent Reports for Koel Automation Test Suite started!
[INFO ] 2023-12-29 10:50:58.282 [Test worker] Log - Extent Reports for Koel Automation Test Suite ending!
[INFO ] 2023-12-29 10:50:58.422 [Test worker] Log - Extent Reports for Koel Automation Test Suite started!
[INFO ] 2023-12-29 10:51:01.478 [TestNG-test=Sprint-9-1] Log - deleteAllPlaylists started!
[INFO ] 2023-12-29 10:52:28.617 [Test worker] Log - Extent Reports for Koel Automation Test Suite started!
[INFO ] 2023-12-29 10:52:28.621 [Test worker] Log - Extent Reports for Koel Automation Test Suite ending!
[INFO ] 2023-12-29 10:52:28.762 [Test worker] Log - Extent Reports for Koel Automation Test Suite started!
[INFO ] 2023-12-29 10:52:31.602 [TestNG-test=Sprint-9-1] Log - deleteAllPlaylists started!
[INFO ] 2023-12-29 10:56:31.802 [Test worker] Log - Extent Reports for Koel Automation Test Suite started!
[INFO ] 2023-12-29 10:56:31.806 [Test worker] Log - Extent Reports for Koel Automation Test Suite ending!
[INFO ] 2023-12-29 10:56:31.938 [Test worker] Log - Extent Reports for Koel Automation Test Suite started!
[INFO ] 2023-12-29 10:56:34.716 [TestNG-test=Sprint-9-1] Log - deleteAllPlaylists started!
[FATAL] 2023-12-29 10:57:16.593 [TestNG-test=Sprint-9-1] Log - Error while calling method: findElement - null
[FATAL] 2023-12-29 10:57:26.605 [TestNG-test=Sprint-9-1] Log - Error while calling method: findElement - null
[FATAL] 2023-12-29 10:57:36.904 [TestNG-test=Sprint-9-1] Log - Error while calling method: findElement - null
[FATAL] 2023-12-29 10:57:46.936 [TestNG-test=Sprint-9-1] Log - Error while calling method: findElement - null
[INFO ] 2023-12-29 10:57:52.755 [Test worker] Log - Extent Reports for Koel Automation Test Suite started!
[INFO ] 2023-12-29 10:57:52.758 [Test worker] Log - Extent Reports for Koel Automation Test Suite ending!
[INFO ] 2023-12-29 10:57:52.893 [Test worker] Log - Extent Reports for Koel Automation Test Suite started!
[INFO ] 2023-12-29 10:57:55.906 [TestNG-test=Sprint-9-1] Log - deleteAllPlaylists started!
[FATAL] 2023-12-29 10:58:37.746 [TestNG-test=Sprint-9-1] Log - Error while calling method: findElement - null
[INFO ] 2023-12-29 10:59:18.118 [Test worker] Log - Extent Reports for Koel Automation Test Suite started!
[INFO ] 2023-12-29 10:59:18.122 [Test worker] Log - Extent Reports for Koel Automation Test Suite ending!
[INFO ] 2023-12-29 10:59:18.255 [Test worker] Log - Extent Reports for Koel Automation Test Suite started!
[INFO ] 2023-12-29 10:59:21.273 [TestNG-test=Sprint-9-1] Log - deleteAllPlaylists started!
[FATAL] 2023-12-29 11:00:23.379 [TestNG-test=Sprint-9-1] Log - Error while calling method: findElement - null
[FATAL] 2023-12-29 11:00:33.411 [TestNG-test=Sprint-9-1] Log - Error while calling method: findElement - null
[FATAL] 2023-12-29 11:00:43.712 [TestNG-test=Sprint-9-1] Log - Error while calling method: findElement - null
[FATAL] 2023-12-29 11:00:53.726 [TestNG-test=Sprint-9-1] Log - Error while calling method: findElement - null
[FATAL] 2023-12-29 11:01:03.789 [TestNG-test=Sprint-9-1] Log - Error while calling method: findElement - null
[FATAL] 2023-12-29 11:01:14.060 [TestNG-test=Sprint-9-1] Log - Error while calling method: findElement - null
[ERROR] 2023-12-29 11:01:14.069 [TestNG-test=Sprint-9-1] Log - deleteAllPlaylists failed!
[INFO ] 2023-12-29 11:01:14.942 [TestNG-test=Sprint-9-1] Log - screen shot taken for failed test deleteAllPlaylists
[INFO ] 2023-12-29 11:01:15.047 [Test worker] Log - Extent Reports for Koel Automation Test Suite ending!
[INFO ] 2023-12-29 11:02:08.800 [Test worker] Log - Extent Reports for Koel Automation Test Suite started!
[INFO ] 2023-12-29 11:02:08.803 [Test worker] Log - Extent Reports for Koel Automation Test Suite ending!
[INFO ] 2023-12-29 11:02:08.934 [Test worker] Log - Extent Reports for Koel Automation Test Suite started!
[INFO ] 2023-12-29 11:02:11.895 [TestNG-test=Sprint-9-1] Log - deleteAllPlaylists started!
[INFO ] 2023-12-29 11:16:53.907 [Test worker] Log - Extent Reports for Koel Automation Test Suite started!
[INFO ] 2023-12-29 11:16:53.910 [Test worker] Log - Extent Reports for Koel Automation Test Suite ending!
[INFO ] 2023-12-29 11:17:12.431 [Test worker] Log - Extent Reports for Koel Automation Test Suite started!
[INFO ] 2023-12-29 11:17:12.435 [Test worker] Log - Extent Reports for Koel Automation Test Suite ending!
[INFO ] 2023-12-29 11:19:17.129 [Test worker] Log - Extent Reports for Koel Automation Test Suite started!
[INFO ] 2023-12-29 11:19:17.133 [Test worker] Log - Extent Reports for Koel Automation Test Suite ending!
[INFO ] 2023-12-29 11:19:17.278 [Test worker] Log - Extent Reports for Koel Automation Test Suite started!
[INFO ] 2023-12-29 11:19:21.360 [TestNG-test=Sprint-9-1] Log - useLogoutButton started!
[INFO ] 2023-12-29 11:19:21.809 [TestNG-test=Sprint-9-1] Log - useLogoutButton passed!
[INFO ] 2023-12-29 11:19:21.950 [Test worker] Log - Extent Reports for Koel Automation Test Suite ending!
[INFO ] 2023-12-29 11:22:49.339 [Test worker] Log - Extent Reports for Koel Automation Test Suite started!
[INFO ] 2023-12-29 11:22:49.343 [Test worker] Log - Extent Reports for Koel Automation Test Suite ending!
[INFO ] 2023-12-29 11:22:49.474 [Test worker] Log - Extent Reports for Koel Automation Test Suite started!
[INFO ] 2023-12-29 11:22:52.492 [TestNG-test=Sprint-9-1] Log - toggleInfoPanel started!
[ERROR] 2023-12-29 11:22:52.496 [TestNG-test=Sprint-9-1] Log - toggleInfoPanel failed!
[INFO ] 2023-12-29 11:22:52.746 [TestNG-test=Sprint-9-1] Log - screen shot taken for failed test toggleInfoPanel
[INFO ] 2023-12-29 11:22:52.892 [Test worker] Log - Extent Reports for Koel Automation Test Suite ending!
[INFO ] 2023-12-29 16:35:31.060 [Test worker] Log - Extent Reports for Koel Automation Test Suite started!
[INFO ] 2023-12-29 16:35:31.064 [Test worker] Log - Extent Reports for Koel Automation Test Suite ending!
[INFO ] 2023-12-29 16:35:31.203 [Test worker] Log - Extent Reports for Koel Automation Test Suite started!
[INFO ] 2023-12-29 16:35:35.611 [TestNG-test=Sprint-9-1] Log - deleteAllPlaylists started!
[INFO ] 2023-12-29 16:40:29.478 [Test worker] Log - Extent Reports for Koel Automation Test Suite started!
[INFO ] 2023-12-29 16:40:29.482 [Test worker] Log - Extent Reports for Koel Automation Test Suite ending!
[INFO ] 2023-12-29 16:40:29.624 [Test worker] Log - Extent Reports for Koel Automation Test Suite started!
[INFO ] 2023-12-29 16:40:33.013 [TestNG-test=Sprint-9-1] Log - deleteAllPlaylists started!
[INFO ] 2023-12-29 16:41:04.133 [TestNG-test=Sprint-9-1] Log - deleteAllPlaylists passed!
[INFO ] 2023-12-29 16:41:04.252 [Test worker] Log - Extent Reports for Koel Automation Test Suite ending!
[INFO ] 2023-12-29 16:43:13.839 [Test worker] Log - Extent Reports for Koel Automation Test Suite started!
[INFO ] 2023-12-29 16:43:13.843 [Test worker] Log - Extent Reports for Koel Automation Test Suite ending!
[INFO ] 2023-12-29 16:43:13.977 [Test worker] Log - Extent Reports for Koel Automation Test Suite started!
[INFO ] 2023-12-29 16:43:17.303 [TestNG-test=Sprint-9-1] Log - createPlaylist started!
[INFO ] 2023-12-29 16:43:18.562 [TestNG-test=Sprint-9-1] Log - createPlaylist passed!
[INFO ] 2023-12-29 16:43:18.692 [Test worker] Log - Extent Reports for Koel Automation Test Suite ending!
[INFO ] 2023-12-29 16:43:37.169 [Test worker] Log - Extent Reports for Koel Automation Test Suite started!
[INFO ] 2023-12-29 16:43:37.174 [Test worker] Log - Extent Reports for Koel Automation Test Suite ending!
[INFO ] 2023-12-29 16:43:37.300 [Test worker] Log - Extent Reports for Koel Automation Test Suite started!
[INFO ] 2023-12-29 16:43:40.218 [TestNG-test=Sprint-9-1] Log - deleteAllPlaylists started!
[FATAL] 2023-12-29 16:44:11.842 [Forwarding actions on session 6a7ba48e2d2a013defafc20b87ccd3f2 to remote] Log - Error while calling method: findElement - null
[FATAL] 2023-12-29 16:44:21.895 [Forwarding actions on session 6a7ba48e2d2a013defafc20b87ccd3f2 to remote] Log - Error while calling method: findElement - null
[FATAL] 2023-12-29 16:44:32.178 [Forwarding actions on session 6a7ba48e2d2a013defafc20b87ccd3f2 to remote] Log - Error while calling method: findElement - null
[FATAL] 2023-12-29 16:44:32.181 [TestNG-test=Sprint-9-1] Log - Error while calling method: perform - null
[ERROR] 2023-12-29 16:44:32.185 [TestNG-test=Sprint-9-1] Log - deleteAllPlaylists failed!
[INFO ] 2023-12-29 16:44:32.568 [TestNG-test=Sprint-9-1] Log - screen shot taken for failed test deleteAllPlaylists
[INFO ] 2023-12-29 16:44:32.765 [Test worker] Log - Extent Reports for Koel Automation Test Suite ending!
[INFO ] 2023-12-29 16:44:45.312 [Test worker] Log - Extent Reports for Koel Automation Test Suite started!
[INFO ] 2023-12-29 16:44:45.316 [Test worker] Log - Extent Reports for Koel Automation Test Suite ending!
[INFO ] 2023-12-29 16:44:45.454 [Test worker] Log - Extent Reports for Koel Automation Test Suite started!
[INFO ] 2023-12-29 16:44:48.537 [TestNG-test=Sprint-9-1] Log - deleteAllPlaylists started!
[FATAL] 2023-12-29 16:45:18.957 [TestNG-test=Sprint-9-1] Log - Error while calling method: findElement - null
[FATAL] 2023-12-29 16:45:29.000 [TestNG-test=Sprint-9-1] Log - Error while calling method: findElement - null
[FATAL] 2023-12-29 16:45:39.284 [TestNG-test=Sprint-9-1] Log - Error while calling method: findElement - null
[ERROR] 2023-12-29 16:45:39.288 [TestNG-test=Sprint-9-1] Log - deleteAllPlaylists failed!
[INFO ] 2023-12-29 16:45:39.560 [TestNG-test=Sprint-9-1] Log - screen shot taken for failed test deleteAllPlaylists
[INFO ] 2023-12-29 16:45:39.696 [Test worker] Log - Extent Reports for Koel Automation Test Suite ending!
[INFO ] 2023-12-29 16:47:43.338 [Test worker] Log - Extent Reports for Koel Automation Test Suite started!
[INFO ] 2023-12-29 16:47:43.341 [Test worker] Log - Extent Reports for Koel Automation Test Suite ending!
[INFO ] 2023-12-29 16:47:43.476 [Test worker] Log - Extent Reports for Koel Automation Test Suite started!
[INFO ] 2023-12-29 16:47:46.857 [TestNG-test=Sprint-9-1] Log - deleteAllPlaylists started!
[FATAL] 2023-12-29 16:48:17.399 [TestNG-test=Sprint-9-1] Log - Error while calling method: findElement - null
[FATAL] 2023-12-29 16:48:27.437 [TestNG-test=Sprint-9-1] Log - Error while calling method: findElement - null
[FATAL] 2023-12-29 16:48:37.714 [TestNG-test=Sprint-9-1] Log - Error while calling method: findElement - null
[ERROR] 2023-12-29 16:48:37.723 [TestNG-test=Sprint-9-1] Log - deleteAllPlaylists failed!
[INFO ] 2023-12-29 16:48:38.045 [TestNG-test=Sprint-9-1] Log - screen shot taken for failed test deleteAllPlaylists
[INFO ] 2023-12-29 16:48:38.178 [Test worker] Log - Extent Reports for Koel Automation Test Suite ending!
[INFO ] 2023-12-29 16:55:00.850 [Test worker] Log - Extent Reports for Koel Automation Test Suite started!
[INFO ] 2023-12-29 16:55:00.853 [Test worker] Log - Extent Reports for Koel Automation Test Suite ending!
[INFO ] 2023-12-29 16:55:00.987 [Test worker] Log - Extent Reports for Koel Automation Test Suite started!
[INFO ] 2023-12-29 16:55:04.213 [TestNG-test=Sprint-9-1] Log - deleteAllPlaylists started!
[FATAL] 2023-12-29 16:55:34.683 [TestNG-test=Sprint-9-1] Log - Error while calling method: findElement - null
[FATAL] 2023-12-29 16:55:44.733 [TestNG-test=Sprint-9-1] Log - Error while calling method: findElement - null
[FATAL] 2023-12-29 16:55:54.996 [TestNG-test=Sprint-9-1] Log - Error while calling method: findElement - null
[ERROR] 2023-12-29 16:55:55.004 [TestNG-test=Sprint-9-1] Log - deleteAllPlaylists failed!
[INFO ] 2023-12-29 16:55:55.419 [TestNG-test=Sprint-9-1] Log - screen shot taken for failed test deleteAllPlaylists
[INFO ] 2023-12-29 16:55:55.580 [Test worker] Log - Extent Reports for Koel Automation Test Suite ending!
[INFO ] 2023-12-29 16:56:18.676 [Test worker] Log - Extent Reports for Koel Automation Test Suite started!
[INFO ] 2023-12-29 16:56:18.680 [Test worker] Log - Extent Reports for Koel Automation Test Suite ending!
[INFO ] 2023-12-29 16:56:18.820 [Test worker] Log - Extent Reports for Koel Automation Test Suite started!
[INFO ] 2023-12-29 16:56:21.936 [TestNG-test=Sprint-9-1] Log - deleteAllPlaylists started!
[FATAL] 2023-12-29 16:56:52.348 [TestNG-test=Sprint-9-1] Log - Error while calling method: findElement - null
[FATAL] 2023-12-29 16:57:02.384 [TestNG-test=Sprint-9-1] Log - Error while calling method: findElement - null
[INFO ] 2023-12-29 16:57:28.567 [Test worker] Log - Extent Reports for Koel Automation Test Suite started!
[INFO ] 2023-12-29 16:57:28.571 [Test worker] Log - Extent Reports for Koel Automation Test Suite ending!
[INFO ] 2023-12-29 16:57:28.702 [Test worker] Log - Extent Reports for Koel Automation Test Suite started!
[INFO ] 2023-12-29 16:57:31.536 [TestNG-test=Sprint-9-1] Log - deleteAllPlaylists started!
[FATAL] 2023-12-29 16:58:02.000 [TestNG-test=Sprint-9-1] Log - Error while calling method: findElement - null
[FATAL] 2023-12-29 16:58:12.059 [TestNG-test=Sprint-9-1] Log - Error while calling method: findElement - null
[INFO ] 2023-12-29 16:58:19.829 [Test worker] Log - Extent Reports for Koel Automation Test Suite started!
[INFO ] 2023-12-29 16:58:19.833 [Test worker] Log - Extent Reports for Koel Automation Test Suite ending!
[INFO ] 2023-12-29 16:58:19.987 [Test worker] Log - Extent Reports for Koel Automation Test Suite started!
[INFO ] 2023-12-29 16:58:23.299 [TestNG-test=Sprint-9-1] Log - deleteAllPlaylists started!
[FATAL] 2023-12-29 16:58:53.711 [TestNG-test=Sprint-9-1] Log - Error while calling method: findElement - null
[FATAL] 2023-12-29 16:59:03.743 [TestNG-test=Sprint-9-1] Log - Error while calling method: findElement - null
[FATAL] 2023-12-29 16:59:12.104 [TestNG-test=Sprint-9-1] Log - Error while calling method: findElement - null
[ERROR] 2023-12-29 16:59:12.110 [TestNG-test=Sprint-9-1] Log - deleteAllPlaylists failed!
[ERROR] 2023-12-29 16:59:12.121 [TestNG-test=Sprint-9-1] Log - deleteAllPlaylists failed!
[INFO ] 2023-12-29 16:59:12.129 [Test worker] Log - Extent Reports for Koel Automation Test Suite ending!
[INFO ] 2023-12-29 17:00:10.120 [Test worker] Log - Extent Reports for Koel Automation Test Suite started!
[INFO ] 2023-12-29 17:00:10.124 [Test worker] Log - Extent Reports for Koel Automation Test Suite ending!
[INFO ] 2023-12-29 17:00:10.263 [Test worker] Log - Extent Reports for Koel Automation Test Suite started!
[INFO ] 2023-12-29 17:00:13.257 [TestNG-test=Sprint-9-1] Log - deleteAllPlaylists started!
[FATAL] 2023-12-29 17:00:43.755 [TestNG-test=Sprint-9-1] Log - Error while calling method: findElement - null
[INFO ] 2023-12-29 17:03:38.870 [Test worker] Log - Extent Reports for Koel Automation Test Suite started!
[INFO ] 2023-12-29 17:03:38.874 [Test worker] Log - Extent Reports for Koel Automation Test Suite ending!
[INFO ] 2023-12-29 17:03:39.006 [Test worker] Log - Extent Reports for Koel Automation Test Suite started!
[INFO ] 2023-12-29 17:03:41.925 [TestNG-test=Sprint-9-1] Log - deleteAllPlaylists started!
[FATAL] 2023-12-29 17:04:12.432 [TestNG-test=Sprint-9-1] Log - Error while calling method: findElement - null
[FATAL] 2023-12-29 17:04:22.466 [TestNG-test=Sprint-9-1] Log - Error while calling method: findElement - null
[FATAL] 2023-12-29 17:04:32.745 [TestNG-test=Sprint-9-1] Log - Error while calling method: findElement - null
[ERROR] 2023-12-29 17:04:32.751 [TestNG-test=Sprint-9-1] Log - deleteAllPlaylists failed!
[INFO ] 2023-12-29 17:04:33.002 [TestNG-test=Sprint-9-1] Log - screen shot taken for failed test deleteAllPlaylists
[INFO ] 2023-12-29 17:04:33.114 [Test worker] Log - Extent Reports for Koel Automation Test Suite ending!
[INFO ] 2023-12-29 17:07:33.648 [Test worker] Log - Extent Reports for Koel Automation Test Suite started!
[INFO ] 2023-12-29 17:07:33.651 [Test worker] Log - Extent Reports for Koel Automation Test Suite ending!
[INFO ] 2023-12-29 17:07:33.788 [Test worker] Log - Extent Reports for Koel Automation Test Suite started!
[INFO ] 2023-12-29 17:07:37.289 [TestNG-test=Sprint-9-1] Log - deleteAllPlaylists started!
[FATAL] 2023-12-29 17:08:07.807 [TestNG-test=Sprint-9-1] Log - Error while calling method: findElement - null
[INFO ] 2023-12-29 17:11:37.147 [Test worker] Log - Extent Reports for Koel Automation Test Suite started!
[INFO ] 2023-12-29 17:11:37.150 [Test worker] Log - Extent Reports for Koel Automation Test Suite ending!
[INFO ] 2023-12-29 17:11:37.284 [Test worker] Log - Extent Reports for Koel Automation Test Suite started!
[INFO ] 2023-12-29 17:11:40.294 [TestNG-test=Sprint-9-1] Log - deleteAllPlaylists started!
[FATAL] 2023-12-29 17:12:10.828 [TestNG-test=Sprint-9-1] Log - Error while calling method: findElement - null
[INFO ] 2023-12-29 17:13:00.330 [Test worker] Log - Extent Reports for Koel Automation Test Suite started!
[INFO ] 2023-12-29 17:13:00.333 [Test worker] Log - Extent Reports for Koel Automation Test Suite ending!
[INFO ] 2023-12-29 17:13:00.465 [Test worker] Log - Extent Reports for Koel Automation Test Suite started!
[INFO ] 2023-12-29 17:13:04.852 [TestNG-test=Sprint-9-1] Log - deleteAllPlaylists started!
[FATAL] 2023-12-29 17:13:35.364 [TestNG-test=Sprint-9-1] Log - Error while calling method: findElement - null
[FATAL] 2023-12-29 17:13:45.388 [TestNG-test=Sprint-9-1] Log - Error while calling method: findElement - null
[FATAL] 2023-12-29 17:13:56.655 [TestNG-test=Sprint-9-1] Log - Error while calling method: findElement - null
[FATAL] 2023-12-29 17:14:06.664 [TestNG-test=Sprint-9-1] Log - Error while calling method: findElement - null
[INFO ] 2023-12-29 17:14:15.551 [TestNG-test=Sprint-9-1] Log - deleteAllPlaylists passed!
[INFO ] 2023-12-29 17:14:15.664 [Test worker] Log - Extent Reports for Koel Automation Test Suite ending!
[INFO ] 2023-12-29 17:17:21.097 [Test worker] Log - Extent Reports for Koel Automation Test Suite started!
[INFO ] 2023-12-29 17:17:21.100 [Test worker] Log - Extent Reports for Koel Automation Test Suite ending!
[INFO ] 2023-12-29 17:17:21.241 [Test worker] Log - Extent Reports for Koel Automation Test Suite started!
[INFO ] 2023-12-29 17:17:25.102 [TestNG-test=Sprint-9-1] Log - toggleInfoPanel started!
[INFO ] 2023-12-29 17:17:25.811 [TestNG-test=Sprint-9-1] Log - toggleInfoPanel passed!
[INFO ] 2023-12-29 17:17:25.944 [Test worker] Log - Extent Reports for Koel Automation Test Suite ending!
[INFO ] 2023-12-29 17:20:51.905 [Test worker] Log - Extent Reports for Koel Automation Test Suite started!
[INFO ] 2023-12-29 17:20:51.909 [Test worker] Log - Extent Reports for Koel Automation Test Suite ending!
[INFO ] 2023-12-29 17:20:52.041 [Test worker] Log - Extent Reports for Koel Automation Test Suite started!
[INFO ] 2023-12-29 17:20:55.603 [TestNG-test=Sprint-9-1] Log - createPlaylist started!
[INFO ] 2023-12-29 17:20:57.065 [TestNG-test=Sprint-9-1] Log - createPlaylist passed!
[INFO ] 2023-12-29 17:20:57.194 [Test worker] Log - Extent Reports for Koel Automation Test Suite ending!
[INFO ] 2023-12-30 12:51:45.608 [Test worker] Log - Extent Reports for Koel Automation Test Suite started!
[INFO ] 2023-12-30 12:51:45.612 [Test worker] Log - Extent Reports for Koel Automation Test Suite ending!
[INFO ] 2023-12-30 12:51:45.745 [Test worker] Log - Extent Reports for Koel Automation Test Suite started!
[INFO ] 2023-12-30 12:51:51.364 [TestNG-test=Sprint-9-1] Log - deleteAllPlaylists started!
[INFO ] 2023-12-30 12:52:02.639 [TestNG-test=Sprint-9-1] Log - deleteAllPlaylists passed!
[INFO ] 2023-12-30 12:52:02.783 [Test worker] Log - Extent Reports for Koel Automation Test Suite ending!
[INFO ] 2023-12-30 12:54:44.188 [Test worker] Log - Extent Reports for Koel Automation Test Suite started!
[INFO ] 2023-12-30 12:54:44.192 [Test worker] Log - Extent Reports for Koel Automation Test Suite ending!
[INFO ] 2023-12-30 12:54:44.327 [Test worker] Log - Extent Reports for Koel Automation Test Suite started!
[INFO ] 2023-12-30 12:54:48.564 [TestNG-test=Sprint-9-1] Log - deleteAllPlaylists started!
[FATAL] 2023-12-30 12:55:20.158 [TestNG-test=Sprint-9-1] Log - Error while calling method: findElement - null
[FATAL] 2023-12-30 12:55:30.218 [TestNG-test=Sprint-9-1] Log - Error while calling method: findElement - null
[INFO ] 2023-12-30 12:57:06.637 [Test worker] Log - Extent Reports for Koel Automation Test Suite started!
[INFO ] 2023-12-30 12:57:06.641 [Test worker] Log - Extent Reports for Koel Automation Test Suite ending!
[INFO ] 2023-12-30 12:57:06.778 [Test worker] Log - Extent Reports for Koel Automation Test Suite started!
[INFO ] 2023-12-30 12:57:10.584 [TestNG-test=Sprint-9-1] Log - deleteAllPlaylists started!
[INFO ] 2023-12-30 12:57:15.403 [TestNG-test=Sprint-9-1] Log - deleteAllPlaylists passed!
[INFO ] 2023-12-30 12:57:15.525 [Test worker] Log - Extent Reports for Koel Automation Test Suite ending!
[INFO ] 2023-12-30 12:58:50.788 [Test worker] Log - Extent Reports for Koel Automation Test Suite started!
[INFO ] 2023-12-30 12:58:50.792 [Test worker] Log - Extent Reports for Koel Automation Test Suite ending!
[INFO ] 2023-12-30 12:58:50.930 [Test worker] Log - Extent Reports for Koel Automation Test Suite started!
[INFO ] 2023-12-30 12:58:54.511 [TestNG-test=Sprint-9-1] Log - deleteAllPlaylists started!
[FATAL] 2023-12-30 12:58:59.533 [TestNG-test=Sprint-9-1] Log - Error while calling method: findElement - null
[FATAL] 2023-12-30 12:59:01.567 [TestNG-test=Sprint-9-1] Log - Error while calling method: findElement - null
[FATAL] 2023-12-30 12:59:03.860 [TestNG-test=Sprint-9-1] Log - Error while calling method: findElement - null
[FATAL] 2023-12-30 12:59:06.128 [TestNG-test=Sprint-9-1] Log - Error while calling method: findElement - null
[FATAL] 2023-12-30 12:59:08.418 [TestNG-test=Sprint-9-1] Log - Error while calling method: findElement - null
[FATAL] 2023-12-30 12:59:10.704 [TestNG-test=Sprint-9-1] Log - Error while calling method: findElement - null
[FATAL] 2023-12-30 12:59:13.018 [TestNG-test=Sprint-9-1] Log - Error while calling method: findElement - null
[ERROR] 2023-12-30 12:59:13.022 [TestNG-test=Sprint-9-1] Log - deleteAllPlaylists failed!
[INFO ] 2023-12-30 12:59:13.292 [TestNG-test=Sprint-9-1] Log - screen shot taken for failed test deleteAllPlaylists
[INFO ] 2023-12-30 12:59:13.438 [Test worker] Log - Extent Reports for Koel Automation Test Suite ending!
[INFO ] 2023-12-30 12:59:46.595 [Test worker] Log - Extent Reports for Koel Automation Test Suite started!
[INFO ] 2023-12-30 12:59:46.599 [Test worker] Log - Extent Reports for Koel Automation Test Suite ending!
[INFO ] 2023-12-30 12:59:46.729 [Test worker] Log - Extent Reports for Koel Automation Test Suite started!
[INFO ] 2023-12-30 12:59:50.480 [TestNG-test=Sprint-9-1] Log - deleteAllPlaylists started!
[FATAL] 2023-12-30 12:59:55.495 [TestNG-test=Sprint-9-1] Log - Error while calling method: findElement - null
[FATAL] 2023-12-30 12:59:57.559 [TestNG-test=Sprint-9-1] Log - Error while calling method: findElement - null
[FATAL] 2023-12-30 12:59:59.878 [TestNG-test=Sprint-9-1] Log - Error while calling method: findElement - null
[FATAL] 2023-12-30 13:00:02.192 [TestNG-test=Sprint-9-1] Log - Error while calling method: findElement - null
[FATAL] 2023-12-30 13:00:04.485 [TestNG-test=Sprint-9-1] Log - Error while calling method: findElement - null
[FATAL] 2023-12-30 13:00:06.747 [TestNG-test=Sprint-9-1] Log - Error while calling method: findElement - null
[FATAL] 2023-12-30 13:00:09.009 [TestNG-test=Sprint-9-1] Log - Error while calling method: findElement - null
[ERROR] 2023-12-30 13:00:09.012 [TestNG-test=Sprint-9-1] Log - deleteAllPlaylists failed!
[INFO ] 2023-12-30 13:00:09.355 [TestNG-test=Sprint-9-1] Log - screen shot taken for failed test deleteAllPlaylists
[INFO ] 2023-12-30 13:00:09.492 [Test worker] Log - Extent Reports for Koel Automation Test Suite ending!
[INFO ] 2023-12-30 13:01:07.547 [Test worker] Log - Extent Reports for Koel Automation Test Suite started!
[INFO ] 2023-12-30 13:01:07.550 [Test worker] Log - Extent Reports for Koel Automation Test Suite ending!
[INFO ] 2023-12-30 13:01:07.690 [Test worker] Log - Extent Reports for Koel Automation Test Suite started!
[INFO ] 2023-12-30 13:01:11.464 [TestNG-test=Sprint-9-1] Log - deleteAllPlaylists started!
[FATAL] 2023-12-30 13:01:16.510 [TestNG-test=Sprint-9-1] Log - Error while calling method: findElement - null
[FATAL] 2023-12-30 13:01:18.522 [TestNG-test=Sprint-9-1] Log - Error while calling method: findElement - null
[FATAL] 2023-12-30 13:01:20.793 [TestNG-test=Sprint-9-1] Log - Error while calling method: findElement - null
[FATAL] 2023-12-30 13:01:23.056 [TestNG-test=Sprint-9-1] Log - Error while calling method: findElement - null
[FATAL] 2023-12-30 13:01:25.364 [TestNG-test=Sprint-9-1] Log - Error while calling method: findElement - null
[FATAL] 2023-12-30 13:01:27.644 [TestNG-test=Sprint-9-1] Log - Error while calling method: findElement - null
[FATAL] 2023-12-30 13:01:29.905 [TestNG-test=Sprint-9-1] Log - Error while calling method: findElement - null
[ERROR] 2023-12-30 13:01:29.908 [TestNG-test=Sprint-9-1] Log - deleteAllPlaylists failed!
[INFO ] 2023-12-30 13:01:30.181 [TestNG-test=Sprint-9-1] Log - screen shot taken for failed test deleteAllPlaylists
[INFO ] 2023-12-30 13:01:30.304 [Test worker] Log - Extent Reports for Koel Automation Test Suite ending!
[INFO ] 2023-12-30 13:02:24.209 [Test worker] Log - Extent Reports for Koel Automation Test Suite started!
[INFO ] 2023-12-30 13:02:24.213 [Test worker] Log - Extent Reports for Koel Automation Test Suite ending!
[INFO ] 2023-12-30 13:02:24.348 [Test worker] Log - Extent Reports for Koel Automation Test Suite started!
[INFO ] 2023-12-30 13:02:28.288 [TestNG-test=Sprint-9-1] Log - deleteAllPlaylists started!
[FATAL] 2023-12-30 13:02:33.334 [TestNG-test=Sprint-9-1] Log - Error while calling method: findElement - null
[INFO ] 2023-12-30 13:02:55.051 [Test worker] Log - Extent Reports for Koel Automation Test Suite started!
[INFO ] 2023-12-30 13:02:55.055 [Test worker] Log - Extent Reports for Koel Automation Test Suite ending!
[INFO ] 2023-12-30 13:02:55.199 [Test worker] Log - Extent Reports for Koel Automation Test Suite started!
[INFO ] 2023-12-30 13:02:59.182 [TestNG-test=Sprint-9-1] Log - deleteAllPlaylists started!
[FATAL] 2023-12-30 13:03:04.183 [TestNG-test=Sprint-9-1] Log - Error while calling method: findElement - null
[FATAL] 2023-12-30 13:03:06.234 [TestNG-test=Sprint-9-1] Log - Error while calling method: findElement - null
[FATAL] 2023-12-30 13:03:08.515 [TestNG-test=Sprint-9-1] Log - Error while calling method: findElement - null
[FATAL] 2023-12-30 13:03:10.789 [TestNG-test=Sprint-9-1] Log - Error while calling method: findElement - null
[FATAL] 2023-12-30 13:03:13.102 [TestNG-test=Sprint-9-1] Log - Error while calling method: findElement - null
[INFO ] 2023-12-30 13:04:16.497 [Test worker] Log - Extent Reports for Koel Automation Test Suite started!
[INFO ] 2023-12-30 13:04:16.502 [Test worker] Log - Extent Reports for Koel Automation Test Suite ending!
[INFO ] 2023-12-30 13:04:16.636 [Test worker] Log - Extent Reports for Koel Automation Test Suite started!
[INFO ] 2023-12-30 13:04:20.383 [TestNG-test=Sprint-9-1] Log - deleteAllPlaylists started!
[FATAL] 2023-12-30 13:04:25.440 [TestNG-test=Sprint-9-1] Log - Error while calling method: findElement - null
[FATAL] 2023-12-30 13:04:27.468 [TestNG-test=Sprint-9-1] Log - Error while calling method: findElement - null
[FATAL] 2023-12-30 13:04:29.776 [TestNG-test=Sprint-9-1] Log - Error while calling method: findElement - null
[FATAL] 2023-12-30 13:04:32.095 [TestNG-test=Sprint-9-1] Log - Error while calling method: findElement - null
[FATAL] 2023-12-30 13:04:34.368 [TestNG-test=Sprint-9-1] Log - Error while calling method: findElement - null
[FATAL] 2023-12-30 13:04:36.651 [TestNG-test=Sprint-9-1] Log - Error while calling method: findElement - null
[FATAL] 2023-12-30 13:04:38.956 [TestNG-test=Sprint-9-1] Log - Error while calling method: findElement - null
[ERROR] 2023-12-30 13:04:38.959 [TestNG-test=Sprint-9-1] Log - deleteAllPlaylists failed!
[INFO ] 2023-12-30 13:04:39.227 [TestNG-test=Sprint-9-1] Log - screen shot taken for failed test deleteAllPlaylists
[INFO ] 2023-12-30 13:04:39.363 [Test worker] Log - Extent Reports for Koel Automation Test Suite ending!
[INFO ] 2023-12-30 13:07:21.541 [Test worker] Log - Extent Reports for Koel Automation Test Suite started!
[INFO ] 2023-12-30 13:07:21.545 [Test worker] Log - Extent Reports for Koel Automation Test Suite ending!
[INFO ] 2023-12-30 13:07:21.677 [Test worker] Log - Extent Reports for Koel Automation Test Suite started!
[INFO ] 2023-12-30 13:07:25.391 [TestNG-test=Sprint-9-1] Log - deleteAllPlaylists started!
[FATAL] 2023-12-30 13:07:30.466 [TestNG-test=Sprint-9-1] Log - Error while calling method: findElement - null
[FATAL] 2023-12-30 13:07:32.528 [TestNG-test=Sprint-9-1] Log - Error while calling method: findElement - null
[FATAL] 2023-12-30 13:07:34.840 [TestNG-test=Sprint-9-1] Log - Error while calling method: findElement - null
[FATAL] 2023-12-30 13:07:37.117 [TestNG-test=Sprint-9-1] Log - Error while calling method: findElement - null
[INFO ] 2023-12-30 13:09:30.822 [Test worker] Log - Extent Reports for Koel Automation Test Suite started!
[INFO ] 2023-12-30 13:09:30.826 [Test worker] Log - Extent Reports for Koel Automation Test Suite ending!
[INFO ] 2023-12-30 13:09:30.962 [Test worker] Log - Extent Reports for Koel Automation Test Suite started!
[INFO ] 2023-12-30 13:09:34.562 [TestNG-test=Sprint-9-1] Log - deleteAllPlaylists started!
[FATAL] 2023-12-30 13:09:39.542 [TestNG-test=Sprint-9-1] Log - Error while calling method: findElement - null
[FATAL] 2023-12-30 13:09:41.579 [TestNG-test=Sprint-9-1] Log - Error while calling method: findElement - null
[FATAL] 2023-12-30 13:09:43.839 [TestNG-test=Sprint-9-1] Log - Error while calling method: findElement - null
[FATAL] 2023-12-30 13:09:46.157 [TestNG-test=Sprint-9-1] Log - Error while calling method: findElement - null
[FATAL] 2023-12-30 13:09:48.449 [TestNG-test=Sprint-9-1] Log - Error while calling method: findElement - null
[FATAL] 2023-12-30 13:09:50.720 [TestNG-test=Sprint-9-1] Log - Error while calling method: findElement - null
[FATAL] 2023-12-30 13:09:53.015 [TestNG-test=Sprint-9-1] Log - Error while calling method: findElement - null
[ERROR] 2023-12-30 13:09:53.020 [TestNG-test=Sprint-9-1] Log - deleteAllPlaylists failed!
[INFO ] 2023-12-30 13:09:53.302 [TestNG-test=Sprint-9-1] Log - screen shot taken for failed test deleteAllPlaylists
[INFO ] 2023-12-30 13:09:53.421 [Test worker] Log - Extent Reports for Koel Automation Test Suite ending!
[INFO ] 2023-12-30 13:12:36.538 [Test worker] Log - Extent Reports for Koel Automation Test Suite started!
[INFO ] 2023-12-30 13:12:36.542 [Test worker] Log - Extent Reports for Koel Automation Test Suite ending!
[INFO ] 2023-12-30 13:12:36.674 [Test worker] Log - Extent Reports for Koel Automation Test Suite started!
[INFO ] 2023-12-30 13:12:40.686 [TestNG-test=Sprint-9-1] Log - deleteAllPlaylists started!
[FATAL] 2023-12-30 13:12:45.822 [TestNG-test=Sprint-9-1] Log - Error while calling method: findElement - null
[FATAL] 2023-12-30 13:12:47.828 [TestNG-test=Sprint-9-1] Log - Error while calling method: findElement - null
[FATAL] 2023-12-30 13:12:50.097 [TestNG-test=Sprint-9-1] Log - Error while calling method: findElement - null
[FATAL] 2023-12-30 13:12:52.362 [TestNG-test=Sprint-9-1] Log - Error while calling method: findElement - null
[FATAL] 2023-12-30 13:12:54.675 [TestNG-test=Sprint-9-1] Log - Error while calling method: findElement - null
[FATAL] 2023-12-30 13:12:56.946 [TestNG-test=Sprint-9-1] Log - Error while calling method: findElement - null
[FATAL] 2023-12-30 13:12:59.254 [TestNG-test=Sprint-9-1] Log - Error while calling method: findElement - null
[ERROR] 2023-12-30 13:12:59.256 [TestNG-test=Sprint-9-1] Log - deleteAllPlaylists failed!
[INFO ] 2023-12-30 13:13:00.164 [TestNG-test=Sprint-9-1] Log - screen shot taken for failed test deleteAllPlaylists
[INFO ] 2023-12-30 13:13:00.748 [Test worker] Log - Extent Reports for Koel Automation Test Suite ending!
[INFO ] 2023-12-30 13:13:35.640 [Test worker] Log - Extent Reports for Koel Automation Test Suite started!
[INFO ] 2023-12-30 13:13:35.643 [Test worker] Log - Extent Reports for Koel Automation Test Suite ending!
[INFO ] 2023-12-30 13:13:35.780 [Test worker] Log - Extent Reports for Koel Automation Test Suite started!
[INFO ] 2023-12-30 13:13:39.739 [TestNG-test=Sprint-9-1] Log - deleteAllPlaylists started!
[FATAL] 2023-12-30 13:13:44.809 [TestNG-test=Sprint-9-1] Log - Error while calling method: findElement - null
[FATAL] 2023-12-30 13:13:46.875 [TestNG-test=Sprint-9-1] Log - Error while calling method: findElement - null
[FATAL] 2023-12-30 13:13:49.150 [TestNG-test=Sprint-9-1] Log - Error while calling method: findElement - null
[FATAL] 2023-12-30 13:13:51.467 [TestNG-test=Sprint-9-1] Log - Error while calling method: findElement - null
[FATAL] 2023-12-30 13:13:53.742 [TestNG-test=Sprint-9-1] Log - Error while calling method: findElement - null
[FATAL] 2023-12-30 13:13:56.021 [TestNG-test=Sprint-9-1] Log - Error while calling method: findElement - null
[FATAL] 2023-12-30 13:13:58.322 [TestNG-test=Sprint-9-1] Log - Error while calling method: findElement - null
[ERROR] 2023-12-30 13:13:58.325 [TestNG-test=Sprint-9-1] Log - deleteAllPlaylists failed!
[INFO ] 2023-12-30 13:13:58.580 [TestNG-test=Sprint-9-1] Log - screen shot taken for failed test deleteAllPlaylists
[INFO ] 2023-12-30 13:13:58.741 [Test worker] Log - Extent Reports for Koel Automation Test Suite ending!
[INFO ] 2023-12-30 13:17:21.103 [Test worker] Log - Extent Reports for Koel Automation Test Suite started!
[INFO ] 2023-12-30 13:17:21.107 [Test worker] Log - Extent Reports for Koel Automation Test Suite ending!
[INFO ] 2023-12-30 13:17:21.232 [Test worker] Log - Extent Reports for Koel Automation Test Suite started!
[INFO ] 2023-12-30 13:17:25.352 [TestNG-test=Sprint-9-1] Log - deleteAllPlaylists started!
[FATAL] 2023-12-30 13:17:30.929 [TestNG-test=Sprint-9-1] Log - Error while calling method: findElement - null
[FATAL] 2023-12-30 13:17:32.994 [TestNG-test=Sprint-9-1] Log - Error while calling method: findElement - null
[FATAL] 2023-12-30 13:17:35.301 [TestNG-test=Sprint-9-1] Log - Error while calling method: findElement - null
[FATAL] 2023-12-30 13:17:37.614 [TestNG-test=Sprint-9-1] Log - Error while calling method: findElement - null
[FATAL] 2023-12-30 13:17:39.886 [TestNG-test=Sprint-9-1] Log - Error while calling method: findElement - null
[FATAL] 2023-12-30 13:17:42.158 [TestNG-test=Sprint-9-1] Log - Error while calling method: findElement - null
[FATAL] 2023-12-30 13:17:44.428 [TestNG-test=Sprint-9-1] Log - Error while calling method: findElement - null
[FATAL] 2023-12-30 13:17:46.439 [TestNG-test=Sprint-9-1] Log - Error while calling method: findElement - null
[FATAL] 2023-12-30 13:17:48.485 [TestNG-test=Sprint-9-1] Log - Error while calling method: findElement - null
[FATAL] 2023-12-30 13:17:50.768 [TestNG-test=Sprint-9-1] Log - Error while calling method: findElement - null
[FATAL] 2023-12-30 13:17:53.035 [TestNG-test=Sprint-9-1] Log - Error while calling method: findElement - null
[FATAL] 2023-12-30 13:17:55.344 [TestNG-test=Sprint-9-1] Log - Error while calling method: findElement - null
[INFO ] 2023-12-30 13:18:48.781 [Test worker] Log - Extent Reports for Koel Automation Test Suite started!
[INFO ] 2023-12-30 13:18:48.786 [Test worker] Log - Extent Reports for Koel Automation Test Suite ending!
[INFO ] 2023-12-30 13:18:48.924 [Test worker] Log - Extent Reports for Koel Automation Test Suite started!
[INFO ] 2023-12-30 13:18:52.595 [TestNG-test=Sprint-9-1] Log - deleteAllPlaylists started!
[FATAL] 2023-12-30 13:18:57.832 [TestNG-test=Sprint-9-1] Log - Error while calling method: findElement - null
[FATAL] 2023-12-30 13:18:59.892 [TestNG-test=Sprint-9-1] Log - Error while calling method: findElement - null
[FATAL] 2023-12-30 13:19:02.167 [TestNG-test=Sprint-9-1] Log - Error while calling method: findElement - null
[FATAL] 2023-12-30 13:19:04.473 [TestNG-test=Sprint-9-1] Log - Error while calling method: findElement - null
[FATAL] 2023-12-30 13:19:06.752 [TestNG-test=Sprint-9-1] Log - Error while calling method: findElement - null
[FATAL] 2023-12-30 13:19:09.046 [TestNG-test=Sprint-9-1] Log - Error while calling method: findElement - null
[FATAL] 2023-12-30 13:19:11.324 [TestNG-test=Sprint-9-1] Log - Error while calling method: findElement - null
[ERROR] 2023-12-30 13:19:11.328 [TestNG-test=Sprint-9-1] Log - deleteAllPlaylists failed!
[INFO ] 2023-12-30 13:19:11.634 [TestNG-test=Sprint-9-1] Log - screen shot taken for failed test deleteAllPlaylists
[INFO ] 2023-12-30 13:19:11.793 [Test worker] Log - Extent Reports for Koel Automation Test Suite ending!
[INFO ] 2023-12-30 13:20:22.165 [Test worker] Log - Extent Reports for Koel Automation Test Suite started!
[INFO ] 2023-12-30 13:20:22.169 [Test worker] Log - Extent Reports for Koel Automation Test Suite ending!
[INFO ] 2023-12-30 13:20:22.309 [Test worker] Log - Extent Reports for Koel Automation Test Suite started!
[INFO ] 2023-12-30 13:20:26.076 [TestNG-test=Sprint-9-1] Log - deleteAllPlaylists started!
[FATAL] 2023-12-30 13:20:30.635 [TestNG-test=Sprint-9-1] Log - Error while calling method: findElement - null
[FATAL] 2023-12-30 13:20:32.701 [TestNG-test=Sprint-9-1] Log - Error while calling method: findElement - null
[FATAL] 2023-12-30 13:20:35.004 [TestNG-test=Sprint-9-1] Log - Error while calling method: findElement - null
[FATAL] 2023-12-30 13:20:37.268 [TestNG-test=Sprint-9-1] Log - Error while calling method: findElement - null
[FATAL] 2023-12-30 13:20:39.538 [TestNG-test=Sprint-9-1] Log - Error while calling method: findElement - null
[FATAL] 2023-12-30 13:20:41.801 [TestNG-test=Sprint-9-1] Log - Error while calling method: findElement - null
[FATAL] 2023-12-30 13:20:44.081 [TestNG-test=Sprint-9-1] Log - Error while calling method: findElement - null
[ERROR] 2023-12-30 13:20:44.087 [TestNG-test=Sprint-9-1] Log - deleteAllPlaylists failed!
[INFO ] 2023-12-30 13:20:45.085 [TestNG-test=Sprint-9-1] Log - screen shot taken for failed test deleteAllPlaylists
[INFO ] 2023-12-30 13:20:45.335 [Test worker] Log - Extent Reports for Koel Automation Test Suite ending!
[INFO ] 2023-12-30 13:22:21.132 [Test worker] Log - Extent Reports for Koel Automation Test Suite started!
[INFO ] 2023-12-30 13:22:21.136 [Test worker] Log - Extent Reports for Koel Automation Test Suite ending!
[INFO ] 2023-12-30 13:22:21.268 [Test worker] Log - Extent Reports for Koel Automation Test Suite started!
[INFO ] 2023-12-30 13:22:25.041 [TestNG-test=Sprint-9-1] Log - deleteAllPlaylists started!
[FATAL] 2023-12-30 13:22:29.628 [TestNG-test=Sprint-9-1] Log - Error while calling method: findElement - null
[FATAL] 2023-12-30 13:22:31.689 [TestNG-test=Sprint-9-1] Log - Error while calling method: findElement - null
[FATAL] 2023-12-30 13:22:34.006 [TestNG-test=Sprint-9-1] Log - Error while calling method: findElement - null
[FATAL] 2023-12-30 13:22:36.266 [TestNG-test=Sprint-9-1] Log - Error while calling method: findElement - null
[FATAL] 2023-12-30 13:22:38.568 [TestNG-test=Sprint-9-1] Log - Error while calling method: findElement - null
[FATAL] 2023-12-30 13:22:40.852 [TestNG-test=Sprint-9-1] Log - Error while calling method: findElement - null
[FATAL] 2023-12-30 13:22:43.156 [TestNG-test=Sprint-9-1] Log - Error while calling method: findElement - null
[ERROR] 2023-12-30 13:22:43.158 [TestNG-test=Sprint-9-1] Log - deleteAllPlaylists failed!
[INFO ] 2023-12-30 13:22:43.448 [TestNG-test=Sprint-9-1] Log - screen shot taken for failed test deleteAllPlaylists
[INFO ] 2023-12-30 13:22:43.571 [Test worker] Log - Extent Reports for Koel Automation Test Suite ending!
[INFO ] 2023-12-30 13:25:18.032 [Test worker] Log - Extent Reports for Koel Automation Test Suite started!
[INFO ] 2023-12-30 13:25:18.036 [Test worker] Log - Extent Reports for Koel Automation Test Suite ending!
[INFO ] 2023-12-30 13:25:18.171 [Test worker] Log - Extent Reports for Koel Automation Test Suite started!
[INFO ] 2023-12-30 13:25:21.942 [TestNG-test=Sprint-9-1] Log - deleteAllPlaylists started!
[INFO ] 2023-12-30 13:25:25.166 [TestNG-test=Sprint-9-1] Log - deleteAllPlaylists passed!
[INFO ] 2023-12-30 13:25:25.285 [Test worker] Log - Extent Reports for Koel Automation Test Suite ending!
[INFO ] 2023-12-30 13:41:39.482 [Test worker] Log - Extent Reports for Koel Automation Test Suite started!
[INFO ] 2023-12-30 13:41:39.486 [Test worker] Log - Extent Reports for Koel Automation Test Suite ending!
[INFO ] 2023-12-30 13:41:39.625 [Test worker] Log - Extent Reports for Koel Automation Test Suite started!
[INFO ] 2023-12-30 13:41:43.362 [TestNG-test=Sprint-9-1] Log - deleteAllPlaylists started!
[INFO ] 2023-12-30 13:43:47.897 [TestNG-test=Sprint-9-1] Log - deleteAllPlaylists passed!
[INFO ] 2023-12-30 13:43:48.090 [Test worker] Log - Extent Reports for Koel Automation Test Suite ending!
[INFO ] 2023-12-30 13:45:30.877 [Test worker] Log - Extent Reports for Koel Automation Test Suite started!
[INFO ] 2023-12-30 13:45:30.881 [Test worker] Log - Extent Reports for Koel Automation Test Suite ending!
[INFO ] 2023-12-30 13:45:31.017 [Test worker] Log - Extent Reports for Koel Automation Test Suite started!
[INFO ] 2023-12-30 13:45:34.694 [TestNG-test=Sprint-9-1] Log - deleteAllPlaylists started!
[INFO ] 2023-12-30 13:46:16.286 [Test worker] Log - Extent Reports for Koel Automation Test Suite started!
[INFO ] 2023-12-30 13:46:16.289 [Test worker] Log - Extent Reports for Koel Automation Test Suite ending!
[INFO ] 2023-12-30 13:46:16.422 [Test worker] Log - Extent Reports for Koel Automation Test Suite started!
[INFO ] 2023-12-30 13:46:19.984 [TestNG-test=Sprint-9-1] Log - deleteAllPlaylists started!
[INFO ] 2023-12-30 13:48:39.604 [Test worker] Log - Extent Reports for Koel Automation Test Suite started!
[INFO ] 2023-12-30 13:48:39.608 [Test worker] Log - Extent Reports for Koel Automation Test Suite ending!
[INFO ] 2023-12-30 13:48:39.739 [Test worker] Log - Extent Reports for Koel Automation Test Suite started!
[INFO ] 2023-12-30 13:48:43.535 [TestNG-test=Sprint-9-1] Log - deleteAllPlaylists started!
[INFO ] 2023-12-30 13:49:25.944 [TestNG-test=Sprint-9-1] Log - deleteAllPlaylists passed!
[INFO ] 2023-12-30 13:49:26.077 [Test worker] Log - Extent Reports for Koel Automation Test Suite ending!
[INFO ] 2023-12-30 13:56:51.207 [Test worker] Log - Extent Reports for Koel Automation Test Suite started!
[INFO ] 2023-12-30 13:56:51.211 [Test worker] Log - Extent Reports for Koel Automation Test Suite ending!
[INFO ] 2023-12-30 13:56:51.353 [Test worker] Log - Extent Reports for Koel Automation Test Suite started!
[INFO ] 2023-12-30 13:56:55.314 [TestNG-test=Sprint-9-1] Log - deleteAllPlaylists started!
[INFO ] 2023-12-30 13:56:56.209 [TestNG-test=Sprint-9-1] Log - deleteAllPlaylists passed!
[INFO ] 2023-12-30 13:56:56.337 [Test worker] Log - Extent Reports for Koel Automation Test Suite ending!
[INFO ] 2023-12-30 13:59:08.386 [Test worker] Log - Extent Reports for Koel Automation Test Suite started!
[INFO ] 2023-12-30 13:59:08.390 [Test worker] Log - Extent Reports for Koel Automation Test Suite ending!
[INFO ] 2023-12-30 13:59:08.529 [Test worker] Log - Extent Reports for Koel Automation Test Suite started!
[INFO ] 2023-12-30 13:59:12.320 [TestNG-test=Sprint-9-1] Log - deleteAllPlaylists started!
[INFO ] 2023-12-30 13:59:13.226 [TestNG-test=Sprint-9-1] Log - deleteAllPlaylists passed!
[INFO ] 2023-12-30 13:59:13.359 [Test worker] Log - Extent Reports for Koel Automation Test Suite ending!
[INFO ] 2023-12-30 14:15:03.913 [Test worker] Log - Extent Reports for Koel Automation Test Suite started!
[INFO ] 2023-12-30 14:15:03.917 [Test worker] Log - Extent Reports for Koel Automation Test Suite ending!
[INFO ] 2023-12-30 14:15:04.058 [Test worker] Log - Extent Reports for Koel Automation Test Suite started!
[INFO ] 2023-12-30 14:15:04.060 [Test worker] Log - Extent Reports for Koel Automation Test Suite ending!
[INFO ] 2023-12-30 14:15:23.761 [Test worker] Log - Extent Reports for Koel Automation Test Suite started!
[INFO ] 2023-12-30 14:15:23.765 [Test worker] Log - Extent Reports for Koel Automation Test Suite ending!
[INFO ] 2023-12-30 14:15:23.896 [Test worker] Log - Extent Reports for Koel Automation Test Suite started!
[INFO ] 2023-12-30 14:15:29.249 [TestNG-test=Sprint-9-1] Log - deleteAllPlaylists started!
[INFO ] 2023-12-30 14:16:53.527 [TestNG-test=Sprint-9-1] Log - deleteAllPlaylists passed!
[INFO ] 2023-12-30 14:16:53.660 [Test worker] Log - Extent Reports for Koel Automation Test Suite ending!
[INFO ] 2023-12-30 14:18:58.106 [Test worker] Log - Extent Reports for Koel Automation Test Suite started!
[INFO ] 2023-12-30 14:18:58.110 [Test worker] Log - Extent Reports for Koel Automation Test Suite ending!
[INFO ] 2023-12-30 14:18:58.245 [Test worker] Log - Extent Reports for Koel Automation Test Suite started!
[INFO ] 2023-12-30 14:19:02.529 [TestNG-test=Sprint-9-1] Log - deleteAllPlaylists started!
[INFO ] 2023-12-30 14:19:03.430 [TestNG-test=Sprint-9-1] Log - deleteAllPlaylists passed!
[INFO ] 2023-12-30 14:19:03.569 [Test worker] Log - Extent Reports for Koel Automation Test Suite ending!
[INFO ] 2023-12-30 14:21:46.691 [Test worker] Log - Extent Reports for Koel Automation Test Suite started!
[INFO ] 2023-12-30 14:21:46.697 [Test worker] Log - Extent Reports for Koel Automation Test Suite ending!
[INFO ] 2023-12-30 14:21:46.848 [Test worker] Log - Extent Reports for Koel Automation Test Suite started!
[INFO ] 2023-12-30 14:21:51.203 [TestNG-test=Sprint-9-1] Log - deleteAllPlaylists started!
[INFO ] 2023-12-30 14:23:15.017 [TestNG-test=Sprint-9-1] Log - deleteAllPlaylists passed!
[INFO ] 2023-12-30 14:23:15.130 [Test worker] Log - Extent Reports for Koel Automation Test Suite ending!
[INFO ] 2023-12-30 14:28:34.256 [Test worker] Log - Extent Reports for Koel Automation Test Suite started!
[INFO ] 2023-12-30 14:28:34.260 [Test worker] Log - Extent Reports for Koel Automation Test Suite ending!
[INFO ] 2023-12-30 14:28:34.399 [Test worker] Log - Extent Reports for Koel Automation Test Suite started!
[INFO ] 2023-12-30 14:28:38.539 [TestNG-test=Sprint-9-1] Log - deleteAllPlaylists started!
[FATAL] 2023-12-30 14:29:11.131 [TestNG-test=Sprint-9-1] Log - Error while calling method: findElement - null
[ERROR] 2023-12-30 14:29:11.135 [TestNG-test=Sprint-9-1] Log - deleteAllPlaylists failed!
[INFO ] 2023-12-30 14:29:12.365 [TestNG-test=Sprint-9-1] Log - screen shot taken for failed test deleteAllPlaylists
[INFO ] 2023-12-30 14:29:12.492 [Test worker] Log - Extent Reports for Koel Automation Test Suite ending!
[INFO ] 2023-12-30 14:31:29.041 [Test worker] Log - Extent Reports for Koel Automation Test Suite started!
[INFO ] 2023-12-30 14:31:29.045 [Test worker] Log - Extent Reports for Koel Automation Test Suite ending!
[INFO ] 2023-12-30 14:31:29.176 [Test worker] Log - Extent Reports for Koel Automation Test Suite started!
[INFO ] 2023-12-30 14:31:33.217 [TestNG-test=Sprint-9-1] Log - deleteAllPlaylists started!
[INFO ] 2023-12-30 14:32:45.472 [TestNG-test=Sprint-9-1] Log - deleteAllPlaylists passed!
[INFO ] 2023-12-30 14:32:45.592 [Test worker] Log - Extent Reports for Koel Automation Test Suite ending!
[INFO ] 2023-12-30 14:35:08.900 [Test worker] Log - Extent Reports for Koel Automation Test Suite started!
[INFO ] 2023-12-30 14:35:08.903 [Test worker] Log - Extent Reports for Koel Automation Test Suite ending!
[INFO ] 2023-12-30 14:35:09.037 [Test worker] Log - Extent Reports for Koel Automation Test Suite started!
[INFO ] 2023-12-30 14:35:13.077 [TestNG-test=Sprint-9-1] Log - deleteAllPlaylists started!
[INFO ] 2023-12-30 14:36:37.926 [TestNG-test=Sprint-9-1] Log - deleteAllPlaylists passed!
[INFO ] 2023-12-30 14:36:38.045 [Test worker] Log - Extent Reports for Koel Automation Test Suite ending!
[INFO ] 2023-12-30 14:37:26.581 [Test worker] Log - Extent Reports for Koel Automation Test Suite started!
[INFO ] 2023-12-30 14:37:26.584 [Test worker] Log - Extent Reports for Koel Automation Test Suite ending!
[INFO ] 2023-12-30 14:37:26.713 [Test worker] Log - Extent Reports for Koel Automation Test Suite started!
[INFO ] 2023-12-30 14:37:30.763 [TestNG-test=Sprint-9-1] Log - deleteAllPlaylists started!
[INFO ] 2023-12-30 14:37:31.641 [TestNG-test=Sprint-9-1] Log - deleteAllPlaylists passed!
[INFO ] 2023-12-30 14:37:31.775 [Test worker] Log - Extent Reports for Koel Automation Test Suite ending!
[INFO ] 2023-12-30 14:45:34.504 [Test worker] Log - Extent Reports for Koel Automation Test Suite started!
[INFO ] 2023-12-30 14:45:34.508 [Test worker] Log - Extent Reports for Koel Automation Test Suite ending!
[INFO ] 2023-12-30 14:45:34.647 [Test worker] Log - Extent Reports for Koel Automation Test Suite started!
[INFO ] 2023-12-30 14:45:38.709 [TestNG-test=Sprint-9-1] Log - deleteAllPlaylists started!
[INFO ] 2023-12-30 14:45:39.576 [TestNG-test=Sprint-9-1] Log - deleteAllPlaylists passed!
[INFO ] 2023-12-30 14:45:39.702 [Test worker] Log - Extent Reports for Koel Automation Test Suite ending!
[INFO ] 2023-12-30 14:48:03.245 [Test worker] Log - Extent Reports for Koel Automation Test Suite started!
[INFO ] 2023-12-30 14:48:03.249 [Test worker] Log - Extent Reports for Koel Automation Test Suite ending!
[INFO ] 2023-12-30 14:48:03.390 [Test worker] Log - Extent Reports for Koel Automation Test Suite started!
[INFO ] 2023-12-30 14:48:07.485 [TestNG-test=Sprint-9-1] Log - deleteAllPlaylists started!
[INFO ] 2023-12-30 14:48:08.402 [TestNG-test=Sprint-9-1] Log - deleteAllPlaylists passed!
[INFO ] 2023-12-30 14:48:08.528 [Test worker] Log - Extent Reports for Koel Automation Test Suite ending!
[INFO ] 2023-12-30 14:52:37.767 [Test worker] Log - Extent Reports for Koel Automation Test Suite started!
[INFO ] 2023-12-30 14:52:37.770 [Test worker] Log - Extent Reports for Koel Automation Test Suite ending!
[INFO ] 2023-12-30 14:52:37.904 [Test worker] Log - Extent Reports for Koel Automation Test Suite started!
[INFO ] 2023-12-30 14:52:42.133 [TestNG-test=Sprint-9-1] Log - deleteAllPlaylists started!
[INFO ] 2023-12-30 14:52:43.014 [TestNG-test=Sprint-9-1] Log - deleteAllPlaylists passed!
[INFO ] 2023-12-30 14:52:43.152 [Test worker] Log - Extent Reports for Koel Automation Test Suite ending!
[INFO ] 2023-12-30 14:59:34.717 [Test worker] Log - Extent Reports for Koel Automation Test Suite started!
[INFO ] 2023-12-30 14:59:34.721 [Test worker] Log - Extent Reports for Koel Automation Test Suite ending!
[INFO ] 2023-12-30 14:59:34.856 [Test worker] Log - Extent Reports for Koel Automation Test Suite started!
[INFO ] 2023-12-30 14:59:39.190 [TestNG-test=Sprint-9-1] Log - deleteAllPlaylists started!
[INFO ] 2023-12-30 14:59:40.111 [TestNG-test=Sprint-9-1] Log - deleteAllPlaylists passed!
[INFO ] 2023-12-30 14:59:40.240 [Test worker] Log - Extent Reports for Koel Automation Test Suite ending!
[INFO ] 2023-12-30 15:00:27.065 [Test worker] Log - Extent Reports for Koel Automation Test Suite started!
[INFO ] 2023-12-30 15:00:27.069 [Test worker] Log - Extent Reports for Koel Automation Test Suite ending!
[INFO ] 2023-12-30 15:00:27.208 [Test worker] Log - Extent Reports for Koel Automation Test Suite started!
[INFO ] 2023-12-30 15:00:31.178 [TestNG-test=Sprint-9-1] Log - deleteAllPlaylists started!
[INFO ] 2023-12-30 15:00:32.115 [TestNG-test=Sprint-9-1] Log - deleteAllPlaylists passed!
[INFO ] 2023-12-30 15:00:32.246 [Test worker] Log - Extent Reports for Koel Automation Test Suite ending!
[INFO ] 2023-12-30 15:01:19.503 [Test worker] Log - Extent Reports for Koel Automation Test Suite started!
[INFO ] 2023-12-30 15:01:19.507 [Test worker] Log - Extent Reports for Koel Automation Test Suite ending!
[INFO ] 2023-12-30 15:01:19.641 [Test worker] Log - Extent Reports for Koel Automation Test Suite started!
[INFO ] 2023-12-30 15:01:23.670 [TestNG-test=Sprint-9-1] Log - deleteAllPlaylists started!
[INFO ] 2023-12-30 15:01:24.566 [TestNG-test=Sprint-9-1] Log - deleteAllPlaylists passed!
[INFO ] 2023-12-30 15:01:24.696 [Test worker] Log - Extent Reports for Koel Automation Test Suite ending!
[INFO ] 2023-12-30 15:02:40.181 [Test worker] Log - Extent Reports for Koel Automation Test Suite started!
[INFO ] 2023-12-30 15:02:40.184 [Test worker] Log - Extent Reports for Koel Automation Test Suite ending!
[INFO ] 2023-12-30 15:02:40.335 [Test worker] Log - Extent Reports for Koel Automation Test Suite started!
[INFO ] 2023-12-30 15:02:44.616 [TestNG-test=Sprint-9-1] Log - deleteAllPlaylists started!
[INFO ] 2023-12-30 15:02:45.551 [TestNG-test=Sprint-9-1] Log - deleteAllPlaylists passed!
[INFO ] 2023-12-30 15:02:45.686 [Test worker] Log - Extent Reports for Koel Automation Test Suite ending!
